[ 2019-04-25T09:55:56+08:00 ] ::1 /thinkphpCC/index.php/Home/Main/main.html
ERR: Think\Controller:recentContent方法不存在！

[ 2019-04-25T09:56:17+08:00 ] ::1 /thinkphpCC/index.php/Home/Main/main.html
ERR: 1064:You have an error in your SQL syntax; check the manual that corresponds to your MySQL server version for the right syntax to use near ') or (msg_FromUserId =  and msg_ToUserId = 1) ) ORDER BY msg_Time LIMIT 5' at line 1
 [ SQL语句 ] : SELECT DISTINCT  * FROM `messages` WHERE ( (msg_FromUserId = 1 and msg_ToUserId = ) or (msg_FromUserId =  and msg_ToUserId = 1) ) ORDER BY msg_Time LIMIT 5  

[ 2019-04-25T09:56:48+08:00 ] ::1 /thinkphpCC/index.php/Home/Main/main.html
ERR: 1064:You have an error in your SQL syntax; check the manual that corresponds to your MySQL server version for the right syntax to use near ') or (msg_FromUserId =  and msg_ToUserId = 1) ) ORDER BY msg_Time LIMIT 5' at line 1
 [ SQL语句 ] : SELECT DISTINCT  * FROM `messages` WHERE ( (msg_FromUserId = 1 and msg_ToUserId = ) or (msg_FromUserId =  and msg_ToUserId = 1) ) ORDER BY msg_Time LIMIT 5  

[ 2019-04-25T11:31:02+08:00 ] ::1 /thinkphpCC/index.php/Home/Main/friendChat?id=
ERR: 1064:You have an error in your SQL syntax; check the manual that corresponds to your MySQL server version for the right syntax to use near 'and user_Id = 1 ) LIMIT 1' at line 1
 [ SQL语句 ] : SELECT `friend_remark` FROM `friends` WHERE ( friend_Id= and user_Id = 1 ) LIMIT 1  

[ 2019-04-25T15:27:27+08:00 ] ::1 /thinkphpCC/index.php/Home/Main/main
ERR: 模板不存在:./Application/Home/View/Main/main1.html

[ 2019-04-25T22:14:44+08:00 ] ::1 /thinkphpCC/index.php/Home/Main/friendChat/
ERR: 1064:You have an error in your SQL syntax; check the manual that corresponds to your MySQL server version for the right syntax to use near 'and user_Id = 1 ) LIMIT 1' at line 1
 [ SQL语句 ] : SELECT `friend_remark` FROM `friends` WHERE ( friend_Id= and user_Id = 1 ) LIMIT 1  

[ 2019-04-25T22:25:35+08:00 ] ::1 /thinkphpCC/index.php/Home/Main/friendChat%EF%BC%9Fid=5/p/1.html
ERR: 非法操作:friendChat？id=5

[ 2019-04-25T22:25:41+08:00 ] ::1 /thinkphpCC/index.php/Home/Main/friendChat%EF%BC%9Fid=5&p=1.html
ERR: 非法操作:friendChat？id=5&p=1

[ 2019-04-25T22:25:50+08:00 ] ::1 /thinkphpCC/index.php/Home/Main/friendChatid=5&p=1.html
ERR: 非法操作:friendChatid=5&p=1

[ 2019-04-25T22:26:00+08:00 ] ::1 /thinkphpCC/index.php/Home/Main/friendChat%EF%BC%9Fid=5
ERR: 非法操作:friendChat？id=5

[ 2019-04-25T23:59:13+08:00 ] ::1 /thinkphpCC/index.php/Home/Main/game.gtimg.cn/images/lol/v3/index/20190424ig/video.webm
ERR: 非法操作:game.gtimg.cn

[ 2019-04-25T23:59:13+08:00 ] ::1 /thinkphpCC/index.php/Home/Main/game.gtimg.cn/images/lol/v3/index/20190424ig/video.mp4
ERR: 非法操作:game.gtimg.cn

[ 2019-04-25T23:59:48+08:00 ] ::1 /thinkphpCC/index.php/Home/Main/game.gtimg.cn/images/lol/v3/index/20190424ig/video.webm
ERR: 非法操作:game.gtimg.cn

[ 2019-04-25T23:59:48+08:00 ] ::1 /thinkphpCC/index.php/Home/Main/game.gtimg.cn/images/lol/v3/index/20190424ig/video.mp4
ERR: 非法操作:game.gtimg.cn

