[ 2019-03-23T09:36:28+08:00 ] ::1 /thinkphpCC/index.php/Home/Messages/messagesSend?id={oneChatGroup.cg_id}
ERR: 1064:You have an error in your SQL syntax; check the manual that corresponds to your MySQL server version for the right syntax to use near '}) or (msg_FromUserId = {oneChatGroup.cg_id} and msg_ToUserId = 1) ) ORDER BY ms' at line 1
 [ SQL语句 ] : SELECT * FROM `messages` WHERE ( (msg_FromUserId = 1 and msg_ToUserId = {oneChatGroup.cg_id}) or (msg_FromUserId = {oneChatGroup.cg_id} and msg_ToUserId = 1) ) ORDER BY msg_Time LIMIT 10  

[ 2019-03-23T09:43:10+08:00 ] ::1 /thinkphpCC/index.php/Home/Messages/messagesSend?id={oneChatGroup.cg_id}
ERR: 1064:You have an error in your SQL syntax; check the manual that corresponds to your MySQL server version for the right syntax to use near '}) or (msg_FromUserId = {oneChatGroup.cg_id} and msg_ToUserId = 1) ) ORDER BY ms' at line 1
 [ SQL语句 ] : SELECT * FROM `messages` WHERE ( (msg_FromUserId = 1 and msg_ToUserId = {oneChatGroup.cg_id}) or (msg_FromUserId = {oneChatGroup.cg_id} and msg_ToUserId = 1) ) ORDER BY msg_Time LIMIT 10  

[ 2019-03-23T09:43:37+08:00 ] ::1 /thinkphpCC/index.php/Home/Messages/messagesSend?id={oneChatGroup.cg_id}
ERR: 1064:You have an error in your SQL syntax; check the manual that corresponds to your MySQL server version for the right syntax to use near '}) or (msg_FromUserId = {oneChatGroup.cg_id} and msg_ToUserId = 1) ) ORDER BY ms' at line 1
 [ SQL语句 ] : SELECT * FROM `messages` WHERE ( (msg_FromUserId = 1 and msg_ToUserId = {oneChatGroup.cg_id}) or (msg_FromUserId = {oneChatGroup.cg_id} and msg_ToUserId = 1) ) ORDER BY msg_Time LIMIT 10  

[ 2019-03-23T09:43:43+08:00 ] ::1 /thinkphpCC/index.php/Home/Messages/messagesSend?id={oneChatGroup.cg_id}
ERR: 1064:You have an error in your SQL syntax; check the manual that corresponds to your MySQL server version for the right syntax to use near '}) or (msg_FromUserId = {oneChatGroup.cg_id} and msg_ToUserId = 1) ) ORDER BY ms' at line 1
 [ SQL语句 ] : SELECT * FROM `messages` WHERE ( (msg_FromUserId = 1 and msg_ToUserId = {oneChatGroup.cg_id}) or (msg_FromUserId = {oneChatGroup.cg_id} and msg_ToUserId = 1) ) ORDER BY msg_Time LIMIT 10  

[ 2019-03-23T09:46:36+08:00 ] ::1 /thinkphpCC/index.php/Home/ChatGroupMembers/ChatGroupMembers?id=10016
ERR: 模板不存在:./Application/Home/View/ChatGroupMembers/chatGroupsList.html

[ 2019-03-23T09:46:42+08:00 ] ::1 /thinkphpCC/index.php/Home/ChatGroupMembers/ChatGroupMembers?id=10016
ERR: 模板不存在:./Application/Home/View/ChatGroupMembers/chatGroupsList.html

[ 2019-03-23T09:48:33+08:00 ] ::1 /thinkphpCC/index.php/Home/ChatGroupMembers/ChatGroupMembers?id=10016
ERR: 模板不存在:./Application/Home/View/ChatGroupMembers/ChatGroupsList.html

[ 2019-03-23T10:36:20+08:00 ] ::1 /thinkphpCC/index.php/Home/Messages/messagesSend?id=
ERR: 1064:You have an error in your SQL syntax; check the manual that corresponds to your MySQL server version for the right syntax to use near ') or (msg_FromUserId =  and msg_ToUserId = 1) ) ORDER BY msg_Time LIMIT 10' at line 1
 [ SQL语句 ] : SELECT * FROM `messages` WHERE ( (msg_FromUserId = 1 and msg_ToUserId = ) or (msg_FromUserId =  and msg_ToUserId = 1) ) ORDER BY msg_Time LIMIT 10  

[ 2019-03-23T10:50:46+08:00 ] ::1 /thinkphpCC/index.php/Home/ChatGroupMembers/ChatGroupMembers?id=10016
ERR: Think\Controller:charGroupMsg方法不存在！

[ 2019-03-23T11:20:49+08:00 ] ::1 /thinkphpCC/index.php/Home/ChatGroupMembers/ChatGroupMembers?id=10016
ERR: 模板不存在:./Application/Home/View/ChatGroupMembers/chatGroupMsgSend.html

[ 2019-03-23T15:09:03+08:00 ] ::1 /thinkphpCC/index.php/Home/ChatGroupMembers/ChatGroupMembers?id=10016
ERR: 模板不存在:./Application/Home/View/ChatGroupMembers/chatGroupMsgSend.html

[ 2019-03-23T15:16:16+08:00 ] ::1 /thinkphpCC/index.php/Home/ChatGroupMembers/ChatGroupMembers?id=10016
ERR: Think\Controller:chatGroupMsgHistory方法不存在！

[ 2019-03-23T15:16:42+08:00 ] ::1 /thinkphpCC/index.php/Home/ChatGroupMembers/ChatGroupMembers?id=10016
ERR: 1064:You have an error in your SQL syntax; check the manual that corresponds to your MySQL server version for the right syntax to use near ') or (msg_FromUserId =  and msg_ToUserId = 1) ) ORDER BY msg_Time LIMIT 10' at line 1
 [ SQL语句 ] : SELECT * FROM `messages` WHERE ( (msg_FromUserId = 1 and msg_ToUserId = ) or (msg_FromUserId =  and msg_ToUserId = 1) ) ORDER BY msg_Time LIMIT 10  

[ 2019-03-23T15:27:21+08:00 ] ::1 /thinkphpCC/index.php/Home/ChatGroupMembers/ChatGroupMembers?id=10016
ERR: 模板不存在:./Application/Home/View/ChatGroupMembers/chatGroupMsgHistory.html

[ 2019-03-23T15:49:05+08:00 ] ::1 /thinkphpCC/index.php/Home/ChatGroupMembers/do_messagesSend?id=
ERR: 非法操作:do_messagesSend

[ 2019-03-23T15:49:11+08:00 ] ::1 /thinkphpCC/index.php/Home/ChatGroupMembers/do_messagesSend?id=
ERR: 非法操作:do_messagesSend

[ 2019-03-23T15:51:06+08:00 ] ::1 /thinkphpCC/index.php/Home/ChatGroupMembers/do_chatGroupMsgSend?id=10016
ERR: 非法操作:do_chatGroupMsgSend

[ 2019-03-23T15:51:12+08:00 ] ::1 /thinkphpCC/index.php/Home/ChatGroupMembers/do_chatGroupMsgSend?id=10016
ERR: 非法操作:do_chatGroupMsgSend

[ 2019-03-23T15:51:47+08:00 ] ::1 /thinkphpCC/index.php/Home/ChatGroupMembers/do_chatGroupMsgSend?id=10016
ERR: 非法操作:do_chatGroupMsgSend

[ 2019-03-23T15:59:08+08:00 ] ::1 /thinkphpCC/index.php/Home/ChatGroupMsg/do_chatGroupMsgSend?id=10016
ERR: 模板不存在:./Application/Home/View/ChatGroupMsg/chatGroupMembersList.html

[ 2019-03-23T16:00:39+08:00 ] ::1 /thinkphpCC/index.php/Home/ChatGroupMembers/chatGroupMembers.html
ERR: 1064:You have an error in your SQL syntax; check the manual that corresponds to your MySQL server version for the right syntax to use near ') ORDER BY gm_FromTime LIMIT 0,10' at line 1
 [ SQL语句 ] : SELECT * FROM `chat_group_msg` WHERE ( gm_GroupId =  ) ORDER BY gm_FromTime LIMIT 0,10  

[ 2019-03-23T16:01:15+08:00 ] ::1 /thinkphpCC/index.php/Home/ChatGroupMembers/chatGroupMembers.html
ERR: 1064:You have an error in your SQL syntax; check the manual that corresponds to your MySQL server version for the right syntax to use near ') ORDER BY gm_FromTime LIMIT 0,10' at line 1
 [ SQL语句 ] : SELECT * FROM `chat_group_msg` WHERE ( gm_GroupId =  ) ORDER BY gm_FromTime LIMIT 0,10  

[ 2019-03-23T16:14:59+08:00 ] ::1 /thinkphpCC/index.php/Home/User/User/login
ERR: 1054:Unknown column 'user_Name' in 'where clause'
 [ SQL语句 ] : SELECT * FROM `user` WHERE ( user_Id=1 AND user_Name="root" ) LIMIT 1  

[ 2019-03-23T16:15:27+08:00 ] ::1 /thinkphpCC/index.php/Home/User/User/login
ERR: 1054:Unknown column 'user_Name' in 'where clause'
 [ SQL语句 ] : SELECT * FROM `user` WHERE ( user_Id=1 AND user_Name="root" ) LIMIT 1  

[ 2019-03-23T16:15:50+08:00 ] ::1 /thinkphpCC/index.php/Home/User/User/login
ERR: 1054:Unknown column 'user_Name' in 'where clause'
 [ SQL语句 ] : SELECT * FROM `user` WHERE ( user_Id=1 AND user_Name="root" ) LIMIT 1  

[ 2019-03-23T16:16:47+08:00 ] ::1 /thinkphpCC/index.php/Home/User/User/login
ERR: 1054:Unknown column 'user_Name' in 'where clause'
 [ SQL语句 ] : SELECT * FROM `user` WHERE ( user_Id=1 AND user_Name="root" ) LIMIT 1  

[ 2019-03-23T16:16:56+08:00 ] ::1 /thinkphpCC/index.php/Home/User/User/login
ERR: 1054:Unknown column 'user_Name' in 'where clause'
 [ SQL语句 ] : SELECT * FROM `user` WHERE ( user_Id=1 AND user_Name="root" ) LIMIT 1  

[ 2019-03-23T16:17:30+08:00 ] ::1 /thinkphpCC/index.php/Home/User/User/login
ERR: 1054:Unknown column 'user_Name' in 'where clause'
 [ SQL语句 ] : SELECT * FROM `user` WHERE ( user_Id=1 AND user_Name="root" ) LIMIT 1  

[ 2019-03-23T16:18:22+08:00 ] ::1 /thinkphpCC/index.php/Home/User/User/login
ERR: 1054:Unknown column 'user_Name' in 'where clause'
 [ SQL语句 ] : SELECT * FROM `user` WHERE ( user_Id=1 AND user_Name="root" ) LIMIT 1  

[ 2019-03-23T16:18:25+08:00 ] ::1 /thinkphpCC/index.php/Home/User/User/login
ERR: 1054:Unknown column 'user_Name' in 'where clause'
 [ SQL语句 ] : SELECT * FROM `user` WHERE ( user_Id=1 AND user_Name="root" ) LIMIT 1  

[ 2019-03-23T16:18:29+08:00 ] ::1 /thinkphpCC/index.php/Home/User/User/login
ERR: 1054:Unknown column 'user_Name' in 'where clause'
 [ SQL语句 ] : SELECT * FROM `user` WHERE ( user_Id=1 AND user_Name="root" ) LIMIT 1  

[ 2019-03-23T16:18:31+08:00 ] ::1 /thinkphpCC/index.php/Home/User/User/login
ERR: 1054:Unknown column 'user_Name' in 'where clause'
 [ SQL语句 ] : SELECT * FROM `user` WHERE ( user_Id=1 AND user_Name="root" ) LIMIT 1  

[ 2019-03-23T17:08:59+08:00 ] ::1 /thinkphpCC/index.php/Home/main/main
ERR: 无法加载控制器:Main

[ 2019-03-23T17:09:14+08:00 ] ::1 /thinkphpCC/index.php/Home/Main/Main
ERR: 无法加载控制器:Main

[ 2019-03-23T17:09:32+08:00 ] ::1 /thinkphpCC/index.php/Home/Main/Main
ERR: 模板不存在:./Application/Home/View/Main/friendList.html

[ 2019-03-23T17:10:02+08:00 ] ::1 /thinkphpCC/index.php/Home/Main/Main
ERR: 模板不存在:./Application/Home/View/Frinds/friendList.html

[ 2019-03-23T17:11:25+08:00 ] ::1 /thinkphpCC/index.php/Home/Main/Friend
ERR: 非法操作:Friend

[ 2019-03-23T17:17:25+08:00 ] ::1 /thinkphpCC/index.php/Home/main/main
ERR: 模板不存在:./Application/Home/View/Main/chatGroupsList.html

