[ 2019-04-27T09:38:35+08:00 ] ::1 /thinkphpCC/index.php/Home/Main/friendChatHistory?id=
ERR: 1064:You have an error in your SQL syntax; check the manual that corresponds to your MySQL server version for the right syntax to use near 'and user_Id = 1 ) LIMIT 1' at line 1
 [ SQL语句 ] : SELECT `friend_remark` FROM `friends` WHERE ( friend_Id= and user_Id = 1 ) LIMIT 1  

[ 2019-04-27T09:38:47+08:00 ] ::1 /thinkphpCC/index.php/Home/Main/friendChatHistory?id=
ERR: 1064:You have an error in your SQL syntax; check the manual that corresponds to your MySQL server version for the right syntax to use near 'and user_Id = 1 ) LIMIT 1' at line 1
 [ SQL语句 ] : SELECT `friend_remark` FROM `friends` WHERE ( friend_Id= and user_Id = 1 ) LIMIT 1  

[ 2019-04-27T09:38:50+08:00 ] ::1 /thinkphpCC/index.php/Home/Main/friendChatHistory?id=
ERR: 1064:You have an error in your SQL syntax; check the manual that corresponds to your MySQL server version for the right syntax to use near 'and user_Id = 1 ) LIMIT 1' at line 1
 [ SQL语句 ] : SELECT `friend_remark` FROM `friends` WHERE ( friend_Id= and user_Id = 1 ) LIMIT 1  

[ 2019-04-27T09:39:04+08:00 ] ::1 /thinkphpCC/index.php/Home/Main/friendChatHistory?id=
ERR: 1064:You have an error in your SQL syntax; check the manual that corresponds to your MySQL server version for the right syntax to use near 'and user_Id = 1 ) LIMIT 1' at line 1
 [ SQL语句 ] : SELECT `friend_remark` FROM `friends` WHERE ( friend_Id= and user_Id = 1 ) LIMIT 1  

[ 2019-04-27T09:52:22+08:00 ] ::1 /thinkphpCC/index.php/Home/Main/groupChat?id=
ERR: 1064:You have an error in your SQL syntax; check the manual that corresponds to your MySQL server version for the right syntax to use near ') LIMIT 1' at line 1
 [ SQL语句 ] : SELECT * FROM `user` WHERE ( user_Id =  ) LIMIT 1  

[ 2019-04-27T09:52:26+08:00 ] ::1 /thinkphpCC/index.php/Home/Main/groupChatHistory?id=
ERR: 非法操作:groupChatHistory

[ 2019-04-27T09:52:56+08:00 ] ::1 /thinkphpCC/index.php/Home/Main/groupChatHistory?id=
ERR: 非法操作:groupChatHistory

[ 2019-04-27T09:52:59+08:00 ] ::1 /thinkphpCC/index.php/Home/Main/groupChat?id=
ERR: 1064:You have an error in your SQL syntax; check the manual that corresponds to your MySQL server version for the right syntax to use near ') LIMIT 1' at line 1
 [ SQL语句 ] : SELECT * FROM `user` WHERE ( user_Id =  ) LIMIT 1  

[ 2019-04-27T10:02:00+08:00 ] ::1 /thinkphpCC/index.php/Home/Main/groupChat/id/10016/p/1.html
ERR: Think\Controller:recentChatGroup方法不存在！

[ 2019-04-27T10:03:30+08:00 ] ::1 /thinkphpCC/index.php/Home/Main/groupChat/id/10016/p/1.html
ERR: Think\Controller:recentChatGroup方法不存在！

[ 2019-04-27T10:03:38+08:00 ] ::1 /thinkphpCC/index.php/Home/Main/groupChat/id/10016/p/1.html
ERR: Think\Controller:recentChatGroup方法不存在！

[ 2019-04-27T10:04:36+08:00 ] ::1 /thinkphpCC/index.php/Home/Main/friendChat?id=
ERR: 1064:You have an error in your SQL syntax; check the manual that corresponds to your MySQL server version for the right syntax to use near 'and user_Id = 1 ) LIMIT 1' at line 1
 [ SQL语句 ] : SELECT `friend_remark` FROM `friends` WHERE ( friend_Id= and user_Id = 1 ) LIMIT 1  

[ 2019-04-27T10:08:27+08:00 ] ::1 /thinkphpCC/index.php/Home/Main/friendChat?id=
ERR: 1064:You have an error in your SQL syntax; check the manual that corresponds to your MySQL server version for the right syntax to use near 'and user_Id = 1 ) LIMIT 1' at line 1
 [ SQL语句 ] : SELECT `friend_remark` FROM `friends` WHERE ( friend_Id= and user_Id = 1 ) LIMIT 1  

[ 2019-04-27T10:16:10+08:00 ] ::1 /thinkphpCC/index.php/Home/Main/groupChat?id=10016
ERR: 模板不存在:./Application/Home/View/ChatGroupMsg/chatGroupMsgHistory.html

[ 2019-04-27T10:19:28+08:00 ] ::1 /thinkphpCC/index.php/Home/Main/groupChatHistory?id=
ERR: 1064:You have an error in your SQL syntax; check the manual that corresponds to your MySQL server version for the right syntax to use near ') LIMIT 1' at line 1
 [ SQL语句 ] : SELECT * FROM `user` WHERE ( user_Id =  ) LIMIT 1  

[ 2019-04-27T10:19:32+08:00 ] ::1 /thinkphpCC/index.php/Home/Main/groupChat?id=
ERR: 1064:You have an error in your SQL syntax; check the manual that corresponds to your MySQL server version for the right syntax to use near ') LIMIT 1' at line 1
 [ SQL语句 ] : SELECT * FROM `user` WHERE ( user_Id =  ) LIMIT 1  

[ 2019-04-27T10:22:20+08:00 ] ::1 /thinkphpCC/index.php/Home/Main/groupChatHistory?id=
ERR: 1064:You have an error in your SQL syntax; check the manual that corresponds to your MySQL server version for the right syntax to use near ') LIMIT 1' at line 1
 [ SQL语句 ] : SELECT * FROM `user` WHERE ( user_Id =  ) LIMIT 1  

[ 2019-04-27T10:24:33+08:00 ] ::1 /thinkphpCC/index.php/Home/Main/groupChatHistory?id=
ERR: 1064:You have an error in your SQL syntax; check the manual that corresponds to your MySQL server version for the right syntax to use near ') LIMIT 1' at line 1
 [ SQL语句 ] : SELECT * FROM `user` WHERE ( user_Id =  ) LIMIT 1  

[ 2019-04-27T10:24:47+08:00 ] ::1 /thinkphpCC/index.php/Home/Main/groupChatHistory?id=
ERR: 1064:You have an error in your SQL syntax; check the manual that corresponds to your MySQL server version for the right syntax to use near ') LIMIT 1' at line 1
 [ SQL语句 ] : SELECT * FROM `user` WHERE ( user_Id =  ) LIMIT 1  

[ 2019-04-27T10:24:50+08:00 ] ::1 /thinkphpCC/index.php/Home/Main/groupChatHistory?id=
ERR: 1064:You have an error in your SQL syntax; check the manual that corresponds to your MySQL server version for the right syntax to use near ') LIMIT 1' at line 1
 [ SQL语句 ] : SELECT * FROM `user` WHERE ( user_Id =  ) LIMIT 1  

[ 2019-04-27T10:26:00+08:00 ] ::1 /thinkphpCC/index.php/Home/Main/groupChatHistory?id=
ERR: 1064:You have an error in your SQL syntax; check the manual that corresponds to your MySQL server version for the right syntax to use near ') LIMIT 1' at line 1
 [ SQL语句 ] : SELECT * FROM `user` WHERE ( user_Id =  ) LIMIT 1  

[ 2019-04-27T10:26:57+08:00 ] ::1 /thinkphpCC/index.php/Home/Main/groupChatHistory?id=
ERR: 1064:You have an error in your SQL syntax; check the manual that corresponds to your MySQL server version for the right syntax to use near ') LIMIT 1' at line 1
 [ SQL语句 ] : SELECT * FROM `user` WHERE ( user_Id =  ) LIMIT 1  

[ 2019-04-27T10:27:00+08:00 ] ::1 /thinkphpCC/index.php/Home/Main/groupChatHistory?id=
ERR: 1064:You have an error in your SQL syntax; check the manual that corresponds to your MySQL server version for the right syntax to use near ') LIMIT 1' at line 1
 [ SQL语句 ] : SELECT * FROM `user` WHERE ( user_Id =  ) LIMIT 1  

[ 2019-04-27T11:11:37+08:00 ] ::1 /thinkphpCC/index.php/Home/Friends/main
ERR: 非法操作:main

[ 2019-04-27T11:12:26+08:00 ] ::1 /thinkphpCC/index.php/Home/Friends/main
ERR: 非法操作:main

[ 2019-04-27T15:32:35+08:00 ] ::1 /thinkphpCC/index.php/Home/User/logout
ERR: 1064:You have an error in your SQL syntax; check the manual that corresponds to your MySQL server version for the right syntax to use near ')' at line 1
 [ SQL语句 ] : UPDATE `user` SET `user_StateName`='离线' WHERE ( user_Id =  )

[ 2019-04-27T15:32:43+08:00 ] ::1 /thinkphpCC/index.php/Home/User/logout
ERR: 1064:You have an error in your SQL syntax; check the manual that corresponds to your MySQL server version for the right syntax to use near ')' at line 1
 [ SQL语句 ] : UPDATE `user` SET `user_StateName`='离线' WHERE ( user_Id =  )

[ 2019-04-27T15:32:45+08:00 ] ::1 /thinkphpCC/index.php/Home/User/logout
ERR: 1064:You have an error in your SQL syntax; check the manual that corresponds to your MySQL server version for the right syntax to use near ')' at line 1
 [ SQL语句 ] : UPDATE `user` SET `user_StateName`='离线' WHERE ( user_Id =  )

[ 2019-04-27T15:32:58+08:00 ] ::1 /thinkphpCC/index.php/Home/User/logout
ERR: 1064:You have an error in your SQL syntax; check the manual that corresponds to your MySQL server version for the right syntax to use near ')' at line 1
 [ SQL语句 ] : UPDATE `user` SET `user_StateName`='离线' WHERE ( user_Id =  )

