[ 2019-03-22T15:46:12+08:00 ] ::1 /thinkphpCC/index.php/Home/Messages/do_login
ERR: 非法操作:do_login

[ 2019-03-22T15:46:47+08:00 ] ::1 /thinkphpCC/index.php/Home/Messages/do_messageSend
ERR: 非法操作:do_messageSend

[ 2019-03-22T15:47:10+08:00 ] ::1 /thinkphpCC/index.php/Home/Messages/do_messageSend
ERR: 非法操作:do_messageSend

[ 2019-03-22T15:50:04+08:00 ] ::1 /thinkphpCC/index.php/Home/Messages/do_messagesSend
ERR: 1048:Column 'msg_ToUserId' cannot be null
 [ SQL语句 ] : INSERT INTO `messages` (`msg_FromUserId`,`msg_ToUserId`,`msg_Content`,`msg_Time`) VALUES ('1',NULL,'要','2019-03-22 15:50:03')

[ 2019-03-22T15:50:16+08:00 ] ::1 /thinkphpCC/index.php/Home/Messages/do_messagesSend
ERR: 1048:Column 'msg_ToUserId' cannot be null
 [ SQL语句 ] : INSERT INTO `messages` (`msg_FromUserId`,`msg_ToUserId`,`msg_Content`,`msg_Time`) VALUES ('1',NULL,'要','2019-03-22 15:50:15')

[ 2019-03-22T15:50:52+08:00 ] ::1 /thinkphpCC/index.php/Home/Messages/do_messagesSend
ERR: 1048:Column 'msg_ToUserId' cannot be null
 [ SQL语句 ] : INSERT INTO `messages` (`msg_FromUserId`,`msg_ToUserId`,`msg_Content`,`msg_Time`) VALUES ('1',NULL,' 发','2019-03-22 15:50:51')

[ 2019-03-22T15:56:45+08:00 ] ::1 /thinkphpCC/index.php/Home/Messages/messagesSend.html
ERR: 1064:You have an error in your SQL syntax; check the manual that corresponds to your MySQL server version for the right syntax to use near ') or (msg_FromUserId =  and msg_ToUserId = 1) ) ORDER BY msg_Time LIMIT 10' at line 1
 [ SQL语句 ] : SELECT * FROM `messages` WHERE ( (msg_FromUserId = 1 and msg_ToUserId = ) or (msg_FromUserId =  and msg_ToUserId = 1) ) ORDER BY msg_Time LIMIT 10  

[ 2019-03-22T15:56:56+08:00 ] ::1 /thinkphpCC/index.php/Home/Messages/messagesSend.html
ERR: 1064:You have an error in your SQL syntax; check the manual that corresponds to your MySQL server version for the right syntax to use near ') or (msg_FromUserId =  and msg_ToUserId = 1) ) ORDER BY msg_Time LIMIT 10' at line 1
 [ SQL语句 ] : SELECT * FROM `messages` WHERE ( (msg_FromUserId = 1 and msg_ToUserId = ) or (msg_FromUserId =  and msg_ToUserId = 1) ) ORDER BY msg_Time LIMIT 10  

[ 2019-03-22T15:57:47+08:00 ] ::1 /thinkphpCC/index.php/Home/Messages/messagesSend.html
ERR: 1064:You have an error in your SQL syntax; check the manual that corresponds to your MySQL server version for the right syntax to use near ') or (msg_FromUserId =  and msg_ToUserId = 1) ) ORDER BY msg_Time LIMIT 10' at line 1
 [ SQL语句 ] : SELECT * FROM `messages` WHERE ( (msg_FromUserId = 1 and msg_ToUserId = ) or (msg_FromUserId =  and msg_ToUserId = 1) ) ORDER BY msg_Time LIMIT 10  

[ 2019-03-22T21:26:08+08:00 ] ::1 /thinkphpCC/index.php/Home/ChatGroups/do_deleteChatGroup
ERR: 非法操作:do_deleteChatGroup

[ 2019-03-22T21:26:22+08:00 ] ::1 /thinkphpCC/index.php/Home/ChatGroups/do_deleteChatGroup
ERR: 非法操作:do_deleteChatGroup

[ 2019-03-22T21:26:39+08:00 ] ::1 /thinkphpCC/index.php/Home/ChatGroups/do_createChatGroup
ERR: 非法操作:do_createChatGroup

[ 2019-03-22T21:27:28+08:00 ] ::1 /thinkphpCC/index.php/Home/ChatGroups/chatGroups
ERR: Think\Controller:eleteChatGroups方法不存在！

[ 2019-03-22T21:28:01+08:00 ] ::1 /thinkphpCC/index.php/Home/ChatGroups/chatGroups
ERR: Think\Controller:eleteChatGroups方法不存在！

[ 2019-03-22T21:28:04+08:00 ] ::1 /thinkphpCC/index.php/Home/ChatGroups/do_createChatGroup
ERR: 非法操作:do_createChatGroup

[ 2019-03-22T21:29:24+08:00 ] ::1 /thinkphpCC/index.php/Home/ChatGroups/chatGroups
ERR: Think\Controller:eleteChatGroups方法不存在！

[ 2019-03-22T21:29:27+08:00 ] ::1 /thinkphpCC/index.php/Home/ChatGroups/chatGroups
ERR: Think\Controller:eleteChatGroups方法不存在！

[ 2019-03-22T21:30:46+08:00 ] ::1 /thinkphpCC/index.php/Home/ChatGroups/do_createChatGroup
ERR: 非法操作:do_createChatGroup

[ 2019-03-22T21:40:21+08:00 ] ::1 /thinkphpCC/index.php/Home/ChatGroups/do_deleteChatGroup
ERR: 1054:Unknown column 'fg_UserId' in 'where clause'
 [ SQL语句 ] : DELETE FROM `chat_groups` WHERE ( fg_UserId=1 and fg_Name = "eee "  )

[ 2019-03-22T21:44:44+08:00 ] ::1 /thinkphpCC/index.php/Home/Friends/..%E3%80%81
ERR: 非法操作:..、

[ 2019-03-22T21:44:51+08:00 ] ::1 /thinkphpCC/index.php/Home/Friends/..%E3%80%81
ERR: 非法操作:..、

[ 2019-03-22T21:44:53+08:00 ] ::1 /thinkphpCC/index.php/Home/Friends/..%E3%80%81
ERR: 非法操作:..、

[ 2019-03-22T21:46:03+08:00 ] ::1 /thinkphpCC/index.php/Home/Friends/do_deleteFriend
ERR: 非法操作:do_deleteFriend

[ 2019-03-22T21:48:48+08:00 ] ::1 /thinkphpCC/index.php/Home/Friends/do_deleteFriend
ERR: 1064:You have an error in your SQL syntax; check the manual that corresponds to your MySQL server version for the right syntax to use near 'and user_Id =1 )' at line 1
 [ SQL语句 ] : DELETE FROM `friends` WHERE ( friend_Id= and user_Id =1 )

[ 2019-03-22T21:50:04+08:00 ] ::1 /thinkphpCC/index.php/Home/Friends/do_deleteFriend
ERR: 1054:Unknown column 'jiangsi' in 'where clause'
 [ SQL语句 ] : DELETE FROM `friends` WHERE ( friend_Id=jiangsi and user_Id =1 )

[ 2019-03-22T22:09:36+08:00 ] ::1 /thinkphpCC/index.php/Home/Friends/1
ERR: 非法操作:1

[ 2019-03-22T22:09:53+08:00 ] ::1 /thinkphpCC/index.php/Home/Friends/1
ERR: 非法操作:1

[ 2019-03-22T22:53:10+08:00 ] ::1 /thinkphpCC/index.php/Home/ChatGroups/chatGroups
ERR: 1146:Table 'chatroom.chat_group' doesn't exist
 [ SQL语句 ] : SHOW COLUMNS FROM `chat_group`

[ 2019-03-22T22:54:16+08:00 ] ::1 /thinkphpCC/index.php/Home/ChatGroups/chatGroups
ERR: 模板不存在:./Application/Home/View/ChatGroups/chatGroupsList.html

[ 2019-03-22T22:54:36+08:00 ] ::1 /thinkphpCC/index.php/Home/ChatGroups/chatGroups
ERR: 模板不存在:./Application/Home/View/ChatGroups/chatGroupsList.html

[ 2019-03-22T22:54:39+08:00 ] ::1 /thinkphpCC/index.php/Home/ChatGroups/chatGroups
ERR: 模板不存在:./Application/Home/View/ChatGroups/chatGroupsList.html

[ 2019-03-22T22:54:40+08:00 ] ::1 /thinkphpCC/index.php/Home/ChatGroups/chatGroups
ERR: 模板不存在:./Application/Home/View/ChatGroups/chatGroupsList.html

[ 2019-03-22T23:00:14+08:00 ] ::1 /thinkphpCC/index.php/Home/Messages/messagesSend?id={oneChatGroup.friend_id}
ERR: 1064:You have an error in your SQL syntax; check the manual that corresponds to your MySQL server version for the right syntax to use near '}) or (msg_FromUserId = {oneChatGroup.friend_id} and msg_ToUserId = 1) ) ORDER B' at line 1
 [ SQL语句 ] : SELECT * FROM `messages` WHERE ( (msg_FromUserId = 1 and msg_ToUserId = {oneChatGroup.friend_id}) or (msg_FromUserId = {oneChatGroup.friend_id} and msg_ToUserId = 1) ) ORDER BY msg_Time LIMIT 10  

[ 2019-03-22T23:00:15+08:00 ] ::1 /thinkphpCC/index.php/Home/Messages/messagesSend?id={oneChatGroup.friend_id}
ERR: 1064:You have an error in your SQL syntax; check the manual that corresponds to your MySQL server version for the right syntax to use near '}) or (msg_FromUserId = {oneChatGroup.friend_id} and msg_ToUserId = 1) ) ORDER B' at line 1
 [ SQL语句 ] : SELECT * FROM `messages` WHERE ( (msg_FromUserId = 1 and msg_ToUserId = {oneChatGroup.friend_id}) or (msg_FromUserId = {oneChatGroup.friend_id} and msg_ToUserId = 1) ) ORDER BY msg_Time LIMIT 10  

[ 2019-03-22T23:00:16+08:00 ] ::1 /thinkphpCC/index.php/Home/Messages/messagesSend?id={oneChatGroup.friend_id}
ERR: 1064:You have an error in your SQL syntax; check the manual that corresponds to your MySQL server version for the right syntax to use near '}) or (msg_FromUserId = {oneChatGroup.friend_id} and msg_ToUserId = 1) ) ORDER B' at line 1
 [ SQL语句 ] : SELECT * FROM `messages` WHERE ( (msg_FromUserId = 1 and msg_ToUserId = {oneChatGroup.friend_id}) or (msg_FromUserId = {oneChatGroup.friend_id} and msg_ToUserId = 1) ) ORDER BY msg_Time LIMIT 10  

[ 2019-03-22T23:00:18+08:00 ] ::1 /thinkphpCC/index.php/Home/Messages/messagesSend?id={oneChatGroup.friend_id}
ERR: 1064:You have an error in your SQL syntax; check the manual that corresponds to your MySQL server version for the right syntax to use near '}) or (msg_FromUserId = {oneChatGroup.friend_id} and msg_ToUserId = 1) ) ORDER B' at line 1
 [ SQL语句 ] : SELECT * FROM `messages` WHERE ( (msg_FromUserId = 1 and msg_ToUserId = {oneChatGroup.friend_id}) or (msg_FromUserId = {oneChatGroup.friend_id} and msg_ToUserId = 1) ) ORDER BY msg_Time LIMIT 10  

[ 2019-03-22T23:41:12+08:00 ] ::1 /thinkphpCC/index.php/Home/Messages/messagesSend?id={oneChatGroup.friend_id}
ERR: 1064:You have an error in your SQL syntax; check the manual that corresponds to your MySQL server version for the right syntax to use near '}) or (msg_FromUserId = {oneChatGroup.friend_id} and msg_ToUserId = 1) ) ORDER B' at line 1
 [ SQL语句 ] : SELECT * FROM `messages` WHERE ( (msg_FromUserId = 1 and msg_ToUserId = {oneChatGroup.friend_id}) or (msg_FromUserId = {oneChatGroup.friend_id} and msg_ToUserId = 1) ) ORDER BY msg_Time LIMIT 10  

