[ 2019-04-14T10:58:37+08:00 ] ::1 /thinkphpCC/index.php/Home/Main/css/1.css
ERR: 非法操作:css

[ 2019-04-14T10:58:37+08:00 ] ::1 /thinkphpCC/index.php/Home/Main/js/jquery-3.3.1.js
ERR: 非法操作:js

[ 2019-04-14T10:58:37+08:00 ] ::1 /thinkphpCC/index.php/Home/Main/js/1.js
ERR: 非法操作:js

[ 2019-04-14T10:59:26+08:00 ] ::1 /thinkphpCC/index.php/Home/Main/css/1.css
ERR: 非法操作:css

[ 2019-04-14T10:59:26+08:00 ] ::1 /thinkphpCC/index.php/Home/Main/js/1.js
ERR: 非法操作:js

[ 2019-04-14T10:59:26+08:00 ] ::1 /thinkphpCC/index.php/Home/Main/js/jquery-3.3.1.js
ERR: 非法操作:js

[ 2019-04-14T10:59:26+08:00 ] ::1 /thinkphpCC/index.php/Home/Main/js/1.js
ERR: 非法操作:js

[ 2019-04-14T10:59:28+08:00 ] ::1 /thinkphpCC/index.php/Home/Main/css/1.css
ERR: 非法操作:css

[ 2019-04-14T10:59:28+08:00 ] ::1 /thinkphpCC/index.php/Home/Main/js/jquery-3.3.1.js
ERR: 非法操作:js

[ 2019-04-14T10:59:28+08:00 ] ::1 /thinkphpCC/index.php/Home/Main/js/1.js
ERR: 非法操作:js

[ 2019-04-14T10:59:29+08:00 ] ::1 /thinkphpCC/index.php/Home/Main/css/1.css
ERR: 非法操作:css

[ 2019-04-14T10:59:29+08:00 ] ::1 /thinkphpCC/index.php/Home/Main/js/1.js
ERR: 非法操作:js

[ 2019-04-14T10:59:29+08:00 ] ::1 /thinkphpCC/index.php/Home/Main/js/jquery-3.3.1.js
ERR: 非法操作:js

[ 2019-04-14T10:59:29+08:00 ] ::1 /thinkphpCC/index.php/Home/Main/js/1.js
ERR: 非法操作:js

[ 2019-04-14T10:59:29+08:00 ] ::1 /thinkphpCC/index.php/Home/Main/css/1.css
ERR: 非法操作:css

[ 2019-04-14T10:59:29+08:00 ] ::1 /thinkphpCC/index.php/Home/Main/js/jquery-3.3.1.js
ERR: 非法操作:js

[ 2019-04-14T10:59:29+08:00 ] ::1 /thinkphpCC/index.php/Home/Main/js/1.js
ERR: 非法操作:js

[ 2019-04-14T10:59:29+08:00 ] ::1 /thinkphpCC/index.php/Home/Main/js/jquery-3.3.1.js
ERR: 非法操作:js

[ 2019-04-14T10:59:29+08:00 ] ::1 /thinkphpCC/index.php/Home/Main/css/1.css
ERR: 非法操作:css

[ 2019-04-14T10:59:29+08:00 ] ::1 /thinkphpCC/index.php/Home/Main/js/1.js
ERR: 非法操作:js

[ 2019-04-14T10:59:29+08:00 ] ::1 /thinkphpCC/index.php/Home/Main/js/jquery-3.3.1.js
ERR: 非法操作:js

[ 2019-04-14T10:59:29+08:00 ] ::1 /thinkphpCC/index.php/Home/Main/css/1.css
ERR: 非法操作:css

[ 2019-04-14T10:59:29+08:00 ] ::1 /thinkphpCC/index.php/Home/Main/js/1.js
ERR: 非法操作:js

[ 2019-04-14T10:59:30+08:00 ] ::1 /thinkphpCC/index.php/Home/Main/js/1.js
ERR: 非法操作:js

[ 2019-04-14T10:59:30+08:00 ] ::1 /thinkphpCC/index.php/Home/Main/js/jquery-3.3.1.js
ERR: 非法操作:js

[ 2019-04-14T10:59:30+08:00 ] ::1 /thinkphpCC/index.php/Home/Main/css/1.css
ERR: 非法操作:css

[ 2019-04-14T10:59:30+08:00 ] ::1 /thinkphpCC/index.php/Home/Main/js/1.js
ERR: 非法操作:js

[ 2019-04-14T10:59:30+08:00 ] ::1 /thinkphpCC/index.php/Home/Main/js/1.js
ERR: 非法操作:js

[ 2019-04-14T10:59:30+08:00 ] ::1 /thinkphpCC/index.php/Home/Main/css/1.css
ERR: 非法操作:css

[ 2019-04-14T10:59:30+08:00 ] ::1 /thinkphpCC/index.php/Home/Main/js/jquery-3.3.1.js
ERR: 非法操作:js

[ 2019-04-14T10:59:30+08:00 ] ::1 /thinkphpCC/index.php/Home/Main/js/1.js
ERR: 非法操作:js

[ 2019-04-14T10:59:31+08:00 ] ::1 /thinkphpCC/index.php/Home/Main/js/1.js
ERR: 非法操作:js

[ 2019-04-14T10:59:31+08:00 ] ::1 /thinkphpCC/index.php/Home/Main/js/jquery-3.3.1.js
ERR: 非法操作:js

[ 2019-04-14T10:59:31+08:00 ] ::1 /thinkphpCC/index.php/Home/Main/css/1.css
ERR: 非法操作:css

[ 2019-04-14T10:59:31+08:00 ] ::1 /thinkphpCC/index.php/Home/Main/js/1.js
ERR: 非法操作:js

[ 2019-04-14T10:59:32+08:00 ] ::1 /thinkphpCC/index.php/Home/Main/css/1.css
ERR: 非法操作:css

[ 2019-04-14T10:59:32+08:00 ] ::1 /thinkphpCC/index.php/Home/Main/js/jquery-3.3.1.js
ERR: 非法操作:js

[ 2019-04-14T10:59:32+08:00 ] ::1 /thinkphpCC/index.php/Home/Main/js/1.js
ERR: 非法操作:js

[ 2019-04-14T11:04:11+08:00 ] ::1 /thinkphpCC/index.php/Home/Main/main.html
ERR: 1064:You have an error in your SQL syntax; check the manual that corresponds to your MySQL server version for the right syntax to use near ') ORDER BY User.user_StateName ASC' at line 1
 [ SQL语句 ] : SELECT User.user_Account AS user_Account,User.user_Nickname AS user_Nickname,User.user_Mail AS user_Mail,User.user_Phone AS user_Phone,User.user_StateName AS user_StateName,Friends.user_Id AS user_Id,Friends.friend_Remark AS friend_Remark,Friends.friend_GroupId AS friend_GroupId,Friends.friend_Id AS friend_Id FROM user User  JOIN friends Friends ON User.user_Id = Friends.friend_Id WHERE ( friends.user_Id =  ) ORDER BY User.user_StateName ASC 

[ 2019-04-14T11:06:26+08:00 ] ::1 /thinkphpCC/index.php/Home/Friends/do_addFriend
ERR: 1062:Duplicate entry '3-1' for key 'PRIMARY'
 [ SQL语句 ] : INSERT INTO `friends` (`friend_Id`,`user_Id`,`friend_Remark`) VALUES ('3','1','')

[ 2019-04-14T11:27:06+08:00 ] ::1 /thinkphpCC/index.php/Home/ChatGroupMsg/do_chatGroupMsgSend?id=10016
ERR: Think\Controller:direct方法不存在！

[ 2019-04-14T11:27:15+08:00 ] ::1 /thinkphpCC/index.php/Home/ChatGroupMsg/chatGroupMsg.html
ERR: 1064:You have an error in your SQL syntax; check the manual that corresponds to your MySQL server version for the right syntax to use near ') LIMIT 1' at line 1
 [ SQL语句 ] : SELECT COUNT(*) AS tp_count FROM `chat_group_msg` WHERE ( gm_GroupId =  ) LIMIT 1  

[ 2019-04-14T11:27:18+08:00 ] ::1 /thinkphpCC/index.php/Home/ChatGroupMsg/chatGroupMsg.html
ERR: 1064:You have an error in your SQL syntax; check the manual that corresponds to your MySQL server version for the right syntax to use near ') LIMIT 1' at line 1
 [ SQL语句 ] : SELECT COUNT(*) AS tp_count FROM `chat_group_msg` WHERE ( gm_GroupId =  ) LIMIT 1  

[ 2019-04-14T11:27:19+08:00 ] ::1 /thinkphpCC/index.php/Home/ChatGroupMsg/chatGroupMsg.html
ERR: 1064:You have an error in your SQL syntax; check the manual that corresponds to your MySQL server version for the right syntax to use near ') LIMIT 1' at line 1
 [ SQL语句 ] : SELECT COUNT(*) AS tp_count FROM `chat_group_msg` WHERE ( gm_GroupId =  ) LIMIT 1  

[ 2019-04-14T11:27:20+08:00 ] ::1 /thinkphpCC/index.php/Home/ChatGroupMsg/chatGroupMsg.html
ERR: 1064:You have an error in your SQL syntax; check the manual that corresponds to your MySQL server version for the right syntax to use near ') LIMIT 1' at line 1
 [ SQL语句 ] : SELECT COUNT(*) AS tp_count FROM `chat_group_msg` WHERE ( gm_GroupId =  ) LIMIT 1  

[ 2019-04-14T11:27:21+08:00 ] ::1 /thinkphpCC/index.php/Home/ChatGroupMsg/chatGroupMsg.html
ERR: 1064:You have an error in your SQL syntax; check the manual that corresponds to your MySQL server version for the right syntax to use near ') LIMIT 1' at line 1
 [ SQL语句 ] : SELECT COUNT(*) AS tp_count FROM `chat_group_msg` WHERE ( gm_GroupId =  ) LIMIT 1  

[ 2019-04-14T11:27:22+08:00 ] ::1 /thinkphpCC/index.php/Home/ChatGroupMsg/chatGroupMsg.html
ERR: 1064:You have an error in your SQL syntax; check the manual that corresponds to your MySQL server version for the right syntax to use near ') LIMIT 1' at line 1
 [ SQL语句 ] : SELECT COUNT(*) AS tp_count FROM `chat_group_msg` WHERE ( gm_GroupId =  ) LIMIT 1  

[ 2019-04-14T11:27:23+08:00 ] ::1 /thinkphpCC/index.php/Home/ChatGroupMsg/chatGroupMsg.html
ERR: 1064:You have an error in your SQL syntax; check the manual that corresponds to your MySQL server version for the right syntax to use near ') LIMIT 1' at line 1
 [ SQL语句 ] : SELECT COUNT(*) AS tp_count FROM `chat_group_msg` WHERE ( gm_GroupId =  ) LIMIT 1  

[ 2019-04-14T11:27:24+08:00 ] ::1 /thinkphpCC/index.php/Home/ChatGroupMsg/chatGroupMsg.html
ERR: 1064:You have an error in your SQL syntax; check the manual that corresponds to your MySQL server version for the right syntax to use near ') LIMIT 1' at line 1
 [ SQL语句 ] : SELECT COUNT(*) AS tp_count FROM `chat_group_msg` WHERE ( gm_GroupId =  ) LIMIT 1  

[ 2019-04-14T11:27:26+08:00 ] ::1 /thinkphpCC/index.php/Home/ChatGroupMsg/chatGroupMsg.html
ERR: 1064:You have an error in your SQL syntax; check the manual that corresponds to your MySQL server version for the right syntax to use near ') LIMIT 1' at line 1
 [ SQL语句 ] : SELECT COUNT(*) AS tp_count FROM `chat_group_msg` WHERE ( gm_GroupId =  ) LIMIT 1  

[ 2019-04-14T11:27:27+08:00 ] ::1 /thinkphpCC/index.php/Home/ChatGroupMsg/chatGroupMsg.html
ERR: 1064:You have an error in your SQL syntax; check the manual that corresponds to your MySQL server version for the right syntax to use near ') LIMIT 1' at line 1
 [ SQL语句 ] : SELECT COUNT(*) AS tp_count FROM `chat_group_msg` WHERE ( gm_GroupId =  ) LIMIT 1  

[ 2019-04-14T11:27:28+08:00 ] ::1 /thinkphpCC/index.php/Home/ChatGroupMsg/chatGroupMsg.html
ERR: 1064:You have an error in your SQL syntax; check the manual that corresponds to your MySQL server version for the right syntax to use near ') LIMIT 1' at line 1
 [ SQL语句 ] : SELECT COUNT(*) AS tp_count FROM `chat_group_msg` WHERE ( gm_GroupId =  ) LIMIT 1  

[ 2019-04-14T11:27:29+08:00 ] ::1 /thinkphpCC/index.php/Home/ChatGroupMsg/chatGroupMsg.html
ERR: 1064:You have an error in your SQL syntax; check the manual that corresponds to your MySQL server version for the right syntax to use near ') LIMIT 1' at line 1
 [ SQL语句 ] : SELECT COUNT(*) AS tp_count FROM `chat_group_msg` WHERE ( gm_GroupId =  ) LIMIT 1  

[ 2019-04-14T11:27:30+08:00 ] ::1 /thinkphpCC/index.php/Home/ChatGroupMsg/chatGroupMsg.html
ERR: 1064:You have an error in your SQL syntax; check the manual that corresponds to your MySQL server version for the right syntax to use near ') LIMIT 1' at line 1
 [ SQL语句 ] : SELECT COUNT(*) AS tp_count FROM `chat_group_msg` WHERE ( gm_GroupId =  ) LIMIT 1  

[ 2019-04-14T11:27:31+08:00 ] ::1 /thinkphpCC/index.php/Home/ChatGroupMsg/chatGroupMsg.html
ERR: 1064:You have an error in your SQL syntax; check the manual that corresponds to your MySQL server version for the right syntax to use near ') LIMIT 1' at line 1
 [ SQL语句 ] : SELECT COUNT(*) AS tp_count FROM `chat_group_msg` WHERE ( gm_GroupId =  ) LIMIT 1  

[ 2019-04-14T11:28:03+08:00 ] ::1 /thinkphpCC/index.php/Home/ChatGroupMsg/chatGroupMsg.html
ERR: 1064:You have an error in your SQL syntax; check the manual that corresponds to your MySQL server version for the right syntax to use near ') LIMIT 1' at line 1
 [ SQL语句 ] : SELECT COUNT(*) AS tp_count FROM `chat_group_msg` WHERE ( gm_GroupId =  ) LIMIT 1  

[ 2019-04-14T11:28:08+08:00 ] ::1 /thinkphpCC/index.php/Home/ChatGroupMsg/chatGroupMsg.html
ERR: 1064:You have an error in your SQL syntax; check the manual that corresponds to your MySQL server version for the right syntax to use near ') LIMIT 1' at line 1
 [ SQL语句 ] : SELECT COUNT(*) AS tp_count FROM `chat_group_msg` WHERE ( gm_GroupId =  ) LIMIT 1  

[ 2019-04-14T11:28:46+08:00 ] ::1 /thinkphpCC/index.php/Home/ChatGroupMsg/chatGroupMsg.html
ERR: 1064:You have an error in your SQL syntax; check the manual that corresponds to your MySQL server version for the right syntax to use near ') LIMIT 1' at line 1
 [ SQL语句 ] : SELECT COUNT(*) AS tp_count FROM `chat_group_msg` WHERE ( gm_GroupId =  ) LIMIT 1  

[ 2019-04-14T11:28:55+08:00 ] ::1 /thinkphpCC/index.php/Home/ChatGroupMsg/chatGroupMsg.html
ERR: 1064:You have an error in your SQL syntax; check the manual that corresponds to your MySQL server version for the right syntax to use near ') LIMIT 1' at line 1
 [ SQL语句 ] : SELECT COUNT(*) AS tp_count FROM `chat_group_msg` WHERE ( gm_GroupId =  ) LIMIT 1  

[ 2019-04-14T11:29:06+08:00 ] ::1 /thinkphpCC/index.php/Home/ChatGroupMsg/chatGroupMsg.html
ERR: 1064:You have an error in your SQL syntax; check the manual that corresponds to your MySQL server version for the right syntax to use near ') LIMIT 1' at line 1
 [ SQL语句 ] : SELECT COUNT(*) AS tp_count FROM `chat_group_msg` WHERE ( gm_GroupId =  ) LIMIT 1  

[ 2019-04-14T11:35:03+08:00 ] ::1 /thinkphpCC/index.php/Home/ChatGroupMsg/chatGroupMsg.html
ERR: 1064:You have an error in your SQL syntax; check the manual that corresponds to your MySQL server version for the right syntax to use near ') LIMIT 1' at line 1
 [ SQL语句 ] : SELECT COUNT(*) AS tp_count FROM `chat_group_msg` WHERE ( gm_GroupId =  ) LIMIT 1  

[ 2019-04-14T11:35:08+08:00 ] ::1 /thinkphpCC/index.php/Home/ChatGroupMsg/chatGroupMsg.html
ERR: 1064:You have an error in your SQL syntax; check the manual that corresponds to your MySQL server version for the right syntax to use near ') LIMIT 1' at line 1
 [ SQL语句 ] : SELECT COUNT(*) AS tp_count FROM `chat_group_msg` WHERE ( gm_GroupId =  ) LIMIT 1  

[ 2019-04-14T11:35:47+08:00 ] ::1 /thinkphpCC/index.php/Home/ChatGroupMsg/chatGroupMsg.html
ERR: 1064:You have an error in your SQL syntax; check the manual that corresponds to your MySQL server version for the right syntax to use near ') LIMIT 1' at line 1
 [ SQL语句 ] : SELECT COUNT(*) AS tp_count FROM `chat_group_msg` WHERE ( gm_GroupId =  ) LIMIT 1  

[ 2019-04-14T11:38:15+08:00 ] ::1 /thinkphpCC/index.php/Home/ChatGroupMsg/chatGroupMsg.html
ERR: 1064:You have an error in your SQL syntax; check the manual that corresponds to your MySQL server version for the right syntax to use near ') LIMIT 1' at line 1
 [ SQL语句 ] : SELECT COUNT(*) AS tp_count FROM `chat_group_msg` WHERE ( gm_GroupId =  ) LIMIT 1  

[ 2019-04-14T11:39:13+08:00 ] ::1 /thinkphpCC/index.php/Home/ChatGroupMsg/chatGroupMsg.html
ERR: 1064:You have an error in your SQL syntax; check the manual that corresponds to your MySQL server version for the right syntax to use near ') LIMIT 1' at line 1
 [ SQL语句 ] : SELECT COUNT(*) AS tp_count FROM `chat_group_msg` WHERE ( gm_GroupId =  ) LIMIT 1  

[ 2019-04-14T11:40:04+08:00 ] ::1 /thinkphpCC/index.php/Home/ChatGroupMsg/chatGroupMsg.html
ERR: 1064:You have an error in your SQL syntax; check the manual that corresponds to your MySQL server version for the right syntax to use near ') LIMIT 1' at line 1
 [ SQL语句 ] : SELECT COUNT(*) AS tp_count FROM `chat_group_msg` WHERE ( gm_GroupId =  ) LIMIT 1  

[ 2019-04-14T11:41:31+08:00 ] ::1 /thinkphpCC/index.php/Home/ChatGroupMsg/chatGroupMsg.html
ERR: 1064:You have an error in your SQL syntax; check the manual that corresponds to your MySQL server version for the right syntax to use near ') LIMIT 1' at line 1
 [ SQL语句 ] : SELECT COUNT(*) AS tp_count FROM `chat_group_msg` WHERE ( gm_GroupId =  ) LIMIT 1  

[ 2019-04-14T11:41:55+08:00 ] ::1 /thinkphpCC/index.php/Home/ChatGroupMsg/chatGroupMsgHistory.html
ERR: 1064:You have an error in your SQL syntax; check the manual that corresponds to your MySQL server version for the right syntax to use near ') LIMIT 1' at line 1
 [ SQL语句 ] : SELECT COUNT(*) AS tp_count FROM `chat_group_msg` WHERE ( gm_GroupId =  ) LIMIT 1  

[ 2019-04-14T11:42:06+08:00 ] ::1 /thinkphpCC/index.php/Home/ChatGroupMsg/chatGroupMsgHistory.html
ERR: 1064:You have an error in your SQL syntax; check the manual that corresponds to your MySQL server version for the right syntax to use near ') LIMIT 1' at line 1
 [ SQL语句 ] : SELECT COUNT(*) AS tp_count FROM `chat_group_msg` WHERE ( gm_GroupId =  ) LIMIT 1  

[ 2019-04-14T11:43:28+08:00 ] ::1 /thinkphpCC/index.php/Home/ChatGroupMsg/chatGroupMsgHistory.html
ERR: 1064:You have an error in your SQL syntax; check the manual that corresponds to your MySQL server version for the right syntax to use near ') LIMIT 1' at line 1
 [ SQL语句 ] : SELECT COUNT(*) AS tp_count FROM `chat_group_msg` WHERE ( gm_GroupId =  ) LIMIT 1  

[ 2019-04-14T11:53:49+08:00 ] ::1 /thinkphpCC/index.php/Home/ChatGroupMsg/chatGroupMsg.html
ERR: 1064:You have an error in your SQL syntax; check the manual that corresponds to your MySQL server version for the right syntax to use near ') LIMIT 1' at line 1
 [ SQL语句 ] : SELECT COUNT(*) AS tp_count FROM `chat_group_msg` WHERE ( gm_GroupId =  ) LIMIT 1  

[ 2019-04-14T12:30:10+08:00 ] ::1 /thinkphpCC/index.php/Home/ChatGroupMsg/chatGroupMsg.html
ERR: 1064:You have an error in your SQL syntax; check the manual that corresponds to your MySQL server version for the right syntax to use near ') LIMIT 1' at line 1
 [ SQL语句 ] : SELECT COUNT(*) AS tp_count FROM `chat_group_msg` WHERE ( gm_GroupId =  ) LIMIT 1  

[ 2019-04-14T12:39:01+08:00 ] ::1 /thinkphpCC/index.php/Home/Index/login.html
ERR: 无法加载控制器:Index

[ 2019-04-14T12:39:19+08:00 ] ::1 /thinkphpCC/index.php/Home/Index/login.html
ERR: 无法加载控制器:Index

[ 2019-04-14T12:39:26+08:00 ] ::1 /thinkphpCC/index.php/Home/user/logout
ERR: 1064:You have an error in your SQL syntax; check the manual that corresponds to your MySQL server version for the right syntax to use near ')' at line 1
 [ SQL语句 ] : UPDATE `user_state` SET `us_Name`='离线' WHERE ( us_Id =  )

[ 2019-04-14T12:47:49+08:00 ] ::1 /thinkphpCC/index.php/Home/user/logout
ERR: 1054:Unknown column 'us_Id' in 'where clause'
 [ SQL语句 ] : UPDATE `user` SET `user_StateName`='离线' WHERE ( us_Id = 3 )

