[ 2019-03-26T09:20:18+08:00 ] ::1 /thinkphpCC/index.php/Home/Main/main.html
ERR: 1054:Unknown column 'us_Name' in 'order clause'
 [ SQL语句 ] : SELECT User.user_Id AS user_Id,User.user_Account AS user_Account,User.user_Nickname AS user_Nickname,User.user_Mail AS user_Mail,User.user_Phone AS user_Phone,User.user_StateName AS user_StateName,Friends.friend_Remark AS friend_Remark,Friends.friend_GroupId AS friend_GroupId,Friends.friend_Id AS friend_Id FROM user User  JOIN friends Friends ON User.user_Id = Friends.friend_Id ORDER BY us_Name ASC 

[ 2019-03-26T09:21:37+08:00 ] ::1 /thinkphpCC/index.php/Home/Main/main.html
ERR: 1054:Unknown column 'us_Name' in 'order clause'
 [ SQL语句 ] : SELECT User.user_Id AS user_Id,User.user_Account AS user_Account,User.user_Nickname AS user_Nickname,User.user_Mail AS user_Mail,User.user_Phone AS user_Phone,User.user_StateName AS user_StateName,Friends.friend_Remark AS friend_Remark,Friends.friend_GroupId AS friend_GroupId,Friends.friend_Id AS friend_Id FROM user User  JOIN friends Friends ON User.user_Id = Friends.friend_Id ORDER BY us_Name ASC 

[ 2019-03-26T09:21:40+08:00 ] ::1 /thinkphpCC/index.php/Home/Main/main.html
ERR: 1054:Unknown column 'us_Name' in 'order clause'
 [ SQL语句 ] : SELECT User.user_Id AS user_Id,User.user_Account AS user_Account,User.user_Nickname AS user_Nickname,User.user_Mail AS user_Mail,User.user_Phone AS user_Phone,User.user_StateName AS user_StateName,Friends.friend_Remark AS friend_Remark,Friends.friend_GroupId AS friend_GroupId,Friends.friend_Id AS friend_Id FROM user User  JOIN friends Friends ON User.user_Id = Friends.friend_Id ORDER BY us_Name ASC 

[ 2019-03-26T09:21:45+08:00 ] ::1 /thinkphpCC/index.php/Home/Main/main.html
ERR: 1054:Unknown column 'us_Name' in 'order clause'
 [ SQL语句 ] : SELECT User.user_Id AS user_Id,User.user_Account AS user_Account,User.user_Nickname AS user_Nickname,User.user_Mail AS user_Mail,User.user_Phone AS user_Phone,User.user_StateName AS user_StateName,Friends.friend_Remark AS friend_Remark,Friends.friend_GroupId AS friend_GroupId,Friends.friend_Id AS friend_Id FROM user User  JOIN friends Friends ON User.user_Id = Friends.friend_Id ORDER BY us_Name ASC 

[ 2019-03-26T09:22:19+08:00 ] ::1 /thinkphpCC/index.php/Home/Main/main.html
ERR: 1054:Unknown column 'us_Name' in 'order clause'
 [ SQL语句 ] : SELECT User.user_Id AS user_Id,User.user_Account AS user_Account,User.user_Nickname AS user_Nickname,User.user_Mail AS user_Mail,User.user_Phone AS user_Phone,User.user_StateName AS user_StateName,Friends.friend_Remark AS friend_Remark,Friends.friend_GroupId AS friend_GroupId,Friends.friend_Id AS friend_Id FROM user User  JOIN friends Friends ON User.user_Id = Friends.friend_Id ORDER BY us_Name ASC 

[ 2019-03-26T09:37:35+08:00 ] ::1 /thinkphpCC/index.php/Home/Main/main.html
ERR: 1064:You have an error in your SQL syntax; check the manual that corresponds to your MySQL server version for the right syntax to use near 'WHERE ( user.user_Id = 1 ) ORDER BY User.user_StateName ASC' at line 1
 [ SQL语句 ] : SELECT User.user_Id AS user_Id,User.user_Account AS user_Account,User.user_Nickname AS user_Nickname,User.user_Mail AS user_Mail,User.user_Phone AS user_Phone,User.user_StateName AS user_StateName,Friends.friend_Remark AS friend_Remark,Friends.friend_GroupId AS friend_GroupId,Friends.friend_Id AS friend_Id FROM user User LEFT JOIN friends Friends WHERE ( user.user_Id = 1 ) ORDER BY User.user_StateName ASC 

[ 2019-03-26T09:42:40+08:00 ] ::1 /thinkphpCC/index.php/Home/Main/main.html
ERR: 1054:Unknown column 'friend.user_Id' in 'where clause'
 [ SQL语句 ] : SELECT User.user_Account AS user_Account,User.user_Nickname AS user_Nickname,User.user_Mail AS user_Mail,User.user_Phone AS user_Phone,User.user_StateName AS user_StateName,Friends.user_Id AS user_Id,Friends.friend_Remark AS friend_Remark,Friends.friend_GroupId AS friend_GroupId,Friends.friend_Id AS friend_Id FROM user User LEFT JOIN friends Friends ON User.user_Id = Friends.friend_Id WHERE ( friend.user_Id = 1 ) ORDER BY User.user_StateName ASC 

[ 2019-03-26T11:55:24+08:00 ] ::1 /thinkphpCC/index.php/Home/Main/friendChat?id=
ERR: 1064:You have an error in your SQL syntax; check the manual that corresponds to your MySQL server version for the right syntax to use near ') or (msg_FromUserId =  and msg_ToUserId = 1) ) LIMIT 1' at line 1
 [ SQL语句 ] : SELECT COUNT(*) AS tp_count FROM `messages` WHERE ( (msg_FromUserId = 1 and msg_ToUserId = ) or (msg_FromUserId =  and msg_ToUserId = 1) ) LIMIT 1  

[ 2019-03-26T11:56:11+08:00 ] ::1 /thinkphpCC/index.php/Home/Main/friendChat?id=
ERR: 1064:You have an error in your SQL syntax; check the manual that corresponds to your MySQL server version for the right syntax to use near ') or (msg_FromUserId =  and msg_ToUserId = 1) ) LIMIT 1' at line 1
 [ SQL语句 ] : SELECT COUNT(*) AS tp_count FROM `messages` WHERE ( (msg_FromUserId = 1 and msg_ToUserId = ) or (msg_FromUserId =  and msg_ToUserId = 1) ) LIMIT 1  

[ 2019-03-26T11:56:17+08:00 ] ::1 /thinkphpCC/index.php/Home/Main/friendChat?id=
ERR: 1064:You have an error in your SQL syntax; check the manual that corresponds to your MySQL server version for the right syntax to use near ') or (msg_FromUserId =  and msg_ToUserId = 1) ) LIMIT 1' at line 1
 [ SQL语句 ] : SELECT COUNT(*) AS tp_count FROM `messages` WHERE ( (msg_FromUserId = 1 and msg_ToUserId = ) or (msg_FromUserId =  and msg_ToUserId = 1) ) LIMIT 1  

