[ 2019-05-11T10:28:07+08:00 ] ::1 /thinkphpCC/
INFO: [ app_init ] --START--
INFO: Run Behavior\BuildLiteBehavior [ RunTime:0.000035s ]
INFO: [ app_init ] --END-- [ RunTime:0.002451s ]
INFO: [ app_begin ] --START--
INFO: Run Behavior\ReadHtmlCacheBehavior [ RunTime:0.001824s ]
INFO: [ app_begin ] --END-- [ RunTime:0.001948s ]
INFO: [ view_parse ] --START--
INFO: [ template_filter ] --START--
INFO: Run Behavior\ContentReplaceBehavior [ RunTime:0.000112s ]
INFO: [ template_filter ] --END-- [ RunTime:0.000222s ]
INFO: Run Behavior\ParseTemplateBehavior [ RunTime:0.013770s ]
INFO: [ view_parse ] --END-- [ RunTime:0.013871s ]
INFO: [ view_filter ] --START--
INFO: Run Behavior\WriteHtmlCacheBehavior [ RunTime:0.001148s ]
INFO: [ view_filter ] --END-- [ RunTime:0.001213s ]
INFO: [ app_end ] --START--
INFO: Run Behavior\ShowPageTraceBehavior [ RunTime:0.001450s ]
INFO: [ app_end ] --END-- [ RunTime:0.001522s ]

[ 2019-05-11T11:37:47+08:00 ] ::1 /thinkphpCC/index.php/Home/User/do_login
INFO: [ app_init ] --START--
INFO: Run Behavior\BuildLiteBehavior [ RunTime:0.000028s ]
INFO: [ app_init ] --END-- [ RunTime:0.001251s ]
INFO: [ app_begin ] --START--
INFO: Run Behavior\ReadHtmlCacheBehavior [ RunTime:0.001554s ]
INFO: [ app_begin ] --END-- [ RunTime:0.001645s ]
SQL: SHOW COLUMNS FROM `user` [ RunTime:0.0787s ]
SQL: SELECT * FROM `user` WHERE `user_Account` = 'xufengnian' LIMIT 1   [ RunTime:0.0022s ]
SQL: UPDATE `user` SET `user_StateName`='在线' WHERE ( user_Id = 1 ) [ RunTime:0.0014s ]

[ 2019-05-11T11:37:48+08:00 ] ::1 /thinkphpCC/index.php/Home/Main/main.html
INFO: [ app_init ] --START--
INFO: Run Behavior\BuildLiteBehavior [ RunTime:0.000036s ]
INFO: [ app_init ] --END-- [ RunTime:0.001334s ]
INFO: [ app_begin ] --START--
INFO: Run Behavior\ReadHtmlCacheBehavior [ RunTime:0.001357s ]
INFO: [ app_begin ] --END-- [ RunTime:0.001457s ]
SQL: SHOW COLUMNS FROM `user` [ RunTime:0.0108s ]
SQL: SHOW COLUMNS FROM `friends` [ RunTime:0.0292s ]
SQL: SELECT User.user_Account AS user_Account,User.user_Nickname AS user_Nickname,User.user_Mail AS user_Mail,User.user_Phone AS user_Phone,User.user_StateName AS user_StateName,Friends.user_Id AS user_Id,Friends.friend_Remark AS friend_Remark,Friends.friend_GroupId AS friend_GroupId,Friends.friend_Id AS friend_Id FROM user User  JOIN friends Friends ON User.user_Id = Friends.friend_Id WHERE ( friends.user_Id = 1 ) ORDER BY User.user_StateName ASC,user_NickName ASC  [ RunTime:0.0051s ]
SQL: SHOW COLUMNS FROM `chat_group_members` [ RunTime:0.0207s ]
SQL: SELECT `cgm_groupId` FROM `chat_group_members` WHERE ( cgm_UserId = 1 )  [ RunTime:0.0005s ]
SQL: SHOW COLUMNS FROM `chat_groups` [ RunTime:0.0187s ]
SQL: SELECT * FROM `chat_groups` WHERE ( cg_Id in (10016,10027) )  [ RunTime:0.0013s ]
SQL: SHOW COLUMNS FROM `user` [ RunTime:0.0110s ]
SQL: SELECT * FROM `user` WHERE ( user_Id = 1 ) LIMIT 1   [ RunTime:0.0010s ]
SQL: SHOW COLUMNS FROM `messages` [ RunTime:0.0146s ]
SQL: SELECT * FROM `messages` WHERE ( msg_FromUserId = 1 ) GROUP BY msg_ToUserId ORDER BY msg_Time LIMIT 10   [ RunTime:0.0098s ]
SQL: SELECT * FROM `user` WHERE ( user_Id='5' )  [ RunTime:0.0006s ]
SQL: SELECT * FROM `user` WHERE ( user_Id='2' )  [ RunTime:0.0004s ]
SQL: SELECT * FROM `user` WHERE ( user_Id='6' )  [ RunTime:0.0003s ]
SQL: SELECT * FROM `user` WHERE ( user_Id='3' )  [ RunTime:0.0003s ]
SQL: SELECT * FROM `user` WHERE ( user_Id='7' )  [ RunTime:0.0003s ]
SQL: SELECT * FROM `user` WHERE ( user_Id='4' )  [ RunTime:0.0005s ]
INFO: [ view_parse ] --START--
INFO: [ template_filter ] --START--
INFO: Run Behavior\ContentReplaceBehavior [ RunTime:0.000164s ]
INFO: [ template_filter ] --END-- [ RunTime:0.000331s ]
INFO: Run Behavior\ParseTemplateBehavior [ RunTime:0.037137s ]
INFO: [ view_parse ] --END-- [ RunTime:0.037357s ]
INFO: [ view_filter ] --START--
INFO: Run Behavior\WriteHtmlCacheBehavior [ RunTime:0.002667s ]
INFO: [ view_filter ] --END-- [ RunTime:0.002797s ]
INFO: [ app_end ] --START--
INFO: Run Behavior\ShowPageTraceBehavior [ RunTime:0.002373s ]
INFO: [ app_end ] --END-- [ RunTime:0.002580s ]

[ 2019-05-11T11:37:49+08:00 ] ::1 /thinkphpCC/index.php/Home/User/do_login
INFO: [ app_init ] --START--
INFO: Run Behavior\BuildLiteBehavior [ RunTime:0.000033s ]
INFO: [ app_init ] --END-- [ RunTime:0.002052s ]
INFO: [ app_begin ] --START--
INFO: Run Behavior\ReadHtmlCacheBehavior [ RunTime:0.002653s ]
INFO: [ app_begin ] --END-- [ RunTime:0.002805s ]
SQL: SHOW COLUMNS FROM `user` [ RunTime:0.0094s ]
SQL: SELECT * FROM `user` WHERE `user_Account` = 'xufengnian' LIMIT 1   [ RunTime:0.0007s ]
SQL: UPDATE `user` SET `user_StateName`='在线' WHERE ( user_Id = 1 ) [ RunTime:0.0003s ]

[ 2019-05-11T11:37:51+08:00 ] ::1 /thinkphpCC/index.php/Home/Main/main.html
INFO: [ app_init ] --START--
INFO: Run Behavior\BuildLiteBehavior [ RunTime:0.000022s ]
INFO: [ app_init ] --END-- [ RunTime:0.000873s ]
INFO: [ app_begin ] --START--
INFO: Run Behavior\ReadHtmlCacheBehavior [ RunTime:0.003452s ]
INFO: [ app_begin ] --END-- [ RunTime:0.003686s ]
SQL: SHOW COLUMNS FROM `user` [ RunTime:0.0110s ]
SQL: SHOW COLUMNS FROM `friends` [ RunTime:0.0167s ]
SQL: SELECT User.user_Account AS user_Account,User.user_Nickname AS user_Nickname,User.user_Mail AS user_Mail,User.user_Phone AS user_Phone,User.user_StateName AS user_StateName,Friends.user_Id AS user_Id,Friends.friend_Remark AS friend_Remark,Friends.friend_GroupId AS friend_GroupId,Friends.friend_Id AS friend_Id FROM user User  JOIN friends Friends ON User.user_Id = Friends.friend_Id WHERE ( friends.user_Id = 1 ) ORDER BY User.user_StateName ASC,user_NickName ASC  [ RunTime:0.0008s ]
SQL: SHOW COLUMNS FROM `chat_group_members` [ RunTime:0.0113s ]
SQL: SELECT `cgm_groupId` FROM `chat_group_members` WHERE ( cgm_UserId = 1 )  [ RunTime:0.0008s ]
SQL: SHOW COLUMNS FROM `chat_groups` [ RunTime:0.0128s ]
SQL: SELECT * FROM `chat_groups` WHERE ( cg_Id in (10016,10027) )  [ RunTime:0.0009s ]
SQL: SHOW COLUMNS FROM `user` [ RunTime:0.0126s ]
SQL: SELECT * FROM `user` WHERE ( user_Id = 1 ) LIMIT 1   [ RunTime:0.0006s ]
SQL: SHOW COLUMNS FROM `messages` [ RunTime:0.0131s ]
SQL: SELECT * FROM `messages` WHERE ( msg_FromUserId = 1 ) GROUP BY msg_ToUserId ORDER BY msg_Time LIMIT 10   [ RunTime:0.0113s ]
SQL: SELECT * FROM `user` WHERE ( user_Id='5' )  [ RunTime:0.0007s ]
SQL: SELECT * FROM `user` WHERE ( user_Id='2' )  [ RunTime:0.0005s ]
SQL: SELECT * FROM `user` WHERE ( user_Id='6' )  [ RunTime:0.0004s ]
SQL: SELECT * FROM `user` WHERE ( user_Id='3' )  [ RunTime:0.0002s ]
SQL: SELECT * FROM `user` WHERE ( user_Id='7' )  [ RunTime:0.0002s ]
SQL: SELECT * FROM `user` WHERE ( user_Id='4' )  [ RunTime:0.0002s ]
INFO: [ view_parse ] --START--
INFO: [ template_filter ] --START--
INFO: Run Behavior\ContentReplaceBehavior [ RunTime:0.000139s ]
INFO: [ template_filter ] --END-- [ RunTime:0.000257s ]
INFO: Run Behavior\ParseTemplateBehavior [ RunTime:0.021702s ]
INFO: [ view_parse ] --END-- [ RunTime:0.021869s ]
INFO: [ view_filter ] --START--
INFO: Run Behavior\WriteHtmlCacheBehavior [ RunTime:0.002955s ]
INFO: [ view_filter ] --END-- [ RunTime:0.003109s ]
INFO: [ app_end ] --START--
INFO: Run Behavior\ShowPageTraceBehavior [ RunTime:0.003154s ]
INFO: [ app_end ] --END-- [ RunTime:0.003369s ]

[ 2019-05-11T11:37:54+08:00 ] ::1 /thinkphpCC/index.php/Home/Main/groupChat?id=10016
INFO: [ app_init ] --START--
INFO: Run Behavior\BuildLiteBehavior [ RunTime:0.000023s ]
INFO: [ app_init ] --END-- [ RunTime:0.000930s ]
INFO: [ app_begin ] --START--
INFO: Run Behavior\ReadHtmlCacheBehavior [ RunTime:0.001356s ]
INFO: [ app_begin ] --END-- [ RunTime:0.001453s ]
SQL: SHOW COLUMNS FROM `chat_groups` [ RunTime:0.0082s ]
SQL: SELECT * FROM `chat_groups` WHERE `cg_Id` = 10016 LIMIT 1   [ RunTime:0.0006s ]
SQL: SHOW COLUMNS FROM `user` [ RunTime:0.0148s ]
SQL: SELECT * FROM `user` WHERE ( user_Id = 1 ) LIMIT 1   [ RunTime:0.0006s ]
SQL: SHOW COLUMNS FROM `chat_group_members` [ RunTime:0.0106s ]
SQL: SELECT * FROM `chat_group_members` WHERE `cgm_GroupId` = 10016  [ RunTime:0.0006s ]
SQL: SELECT * FROM `user` WHERE ( user_Id='1' ) LIMIT 1   [ RunTime:0.0005s ]
SQL: SELECT * FROM `user` WHERE ( user_Id='2' ) LIMIT 1   [ RunTime:0.0003s ]
SQL: SELECT * FROM `user` WHERE ( user_Id='3' ) LIMIT 1   [ RunTime:0.0003s ]
SQL: SELECT * FROM `user` WHERE ( user_Id='6' ) LIMIT 1   [ RunTime:0.0003s ]
SQL: SELECT * FROM `chat_groups` WHERE `cg_Id` = 10016 LIMIT 1   [ RunTime:0.0003s ]
SQL: SHOW COLUMNS FROM `chat_group_msg` [ RunTime:0.0139s ]
SQL: SELECT COUNT(*) AS tp_count FROM `chat_group_msg` WHERE ( gm_GroupId = 10016 ) LIMIT 1   [ RunTime:0.0015s ]
SQL: SELECT * FROM `chat_group_msg` WHERE ( gm_GroupId = 10016 ) ORDER BY gm_FromTime desc LIMIT 6   [ RunTime:0.0008s ]
SQL: SELECT * FROM `user` WHERE ( user_Id='7' ) LIMIT 1   [ RunTime:0.0004s ]
SQL: SELECT * FROM `user` WHERE ( user_Id='1' ) LIMIT 1   [ RunTime:0.0005s ]
SQL: SELECT * FROM `user` WHERE ( user_Id='1' ) LIMIT 1   [ RunTime:0.0004s ]
SQL: SELECT * FROM `user` WHERE ( user_Id='1' ) LIMIT 1   [ RunTime:0.0004s ]
SQL: SELECT * FROM `user` WHERE ( user_Id='3' ) LIMIT 1   [ RunTime:0.0004s ]
SQL: SELECT * FROM `user` WHERE ( user_Id='4' ) LIMIT 1   [ RunTime:0.0006s ]
INFO: [ view_parse ] --START--
INFO: [ template_filter ] --START--
INFO: Run Behavior\ContentReplaceBehavior [ RunTime:0.000165s ]
INFO: [ template_filter ] --END-- [ RunTime:0.000264s ]
NOTIC: [8] Undefined variable: page D:\phpStudy\WWW\thinkphpCC\Application\Runtime\Cache\Home\58d895743bfd68afd0850299475559aa.php 第 161 行.
NOTIC: [8] Undefined variable: page D:\phpStudy\WWW\thinkphpCC\Application\Runtime\Cache\Home\58d895743bfd68afd0850299475559aa.php 第 171 行.
NOTIC: [8] Undefined variable: page D:\phpStudy\WWW\thinkphpCC\Application\Runtime\Cache\Home\58d895743bfd68afd0850299475559aa.php 第 179 行.
INFO: Run Behavior\ParseTemplateBehavior [ RunTime:0.028127s ]
INFO: [ view_parse ] --END-- [ RunTime:0.028224s ]
INFO: [ view_filter ] --START--
INFO: Run Behavior\WriteHtmlCacheBehavior [ RunTime:0.001717s ]
INFO: [ view_filter ] --END-- [ RunTime:0.001817s ]
INFO: [ app_end ] --START--
INFO: Run Behavior\ShowPageTraceBehavior [ RunTime:0.002095s ]
INFO: [ app_end ] --END-- [ RunTime:0.002214s ]

[ 2019-05-11T11:37:55+08:00 ] ::1 /thinkphpCC/index.php/Home/Main/groupChatHistory?id=10016
INFO: [ app_init ] --START--
INFO: Run Behavior\BuildLiteBehavior [ RunTime:0.000031s ]
INFO: [ app_init ] --END-- [ RunTime:0.001508s ]
INFO: [ app_begin ] --START--
INFO: Run Behavior\ReadHtmlCacheBehavior [ RunTime:0.001219s ]
INFO: [ app_begin ] --END-- [ RunTime:0.001312s ]
ERR: 非法操作:groupChatHistory

[ 2019-05-11T11:56:04+08:00 ] ::1 /thinkphpCC/index.php/Home/Main/groupChatHistory?id=10016
INFO: [ app_init ] --START--
INFO: Run Behavior\BuildLiteBehavior [ RunTime:0.000023s ]
INFO: [ app_init ] --END-- [ RunTime:0.000973s ]
INFO: [ app_begin ] --START--
INFO: Run Behavior\ReadHtmlCacheBehavior [ RunTime:0.002170s ]
INFO: [ app_begin ] --END-- [ RunTime:0.002279s ]
SQL: SHOW COLUMNS FROM `chat_groups` [ RunTime:0.0107s ]
SQL: SELECT * FROM `chat_groups` WHERE `cg_Id` = 10016 LIMIT 1   [ RunTime:0.0006s ]
SQL: SHOW COLUMNS FROM `user` [ RunTime:0.0124s ]
SQL: SELECT * FROM `user` WHERE ( user_Id = 1 ) LIMIT 1   [ RunTime:0.0006s ]
SQL: SHOW COLUMNS FROM `chat_group_members` [ RunTime:0.0109s ]
SQL: SELECT * FROM `chat_group_members` WHERE `cgm_GroupId` = 10016  [ RunTime:0.0006s ]
SQL: SELECT * FROM `user` WHERE ( user_Id='1' ) LIMIT 1   [ RunTime:0.0003s ]
SQL: SELECT * FROM `user` WHERE ( user_Id='2' ) LIMIT 1   [ RunTime:0.0003s ]
SQL: SELECT * FROM `user` WHERE ( user_Id='3' ) LIMIT 1   [ RunTime:0.0007s ]
SQL: SELECT * FROM `user` WHERE ( user_Id='6' ) LIMIT 1   [ RunTime:0.0004s ]
SQL: SELECT * FROM `chat_groups` WHERE `cg_Id` = 10016 LIMIT 1   [ RunTime:0.0003s ]
SQL: SHOW COLUMNS FROM `chat_group_msg` [ RunTime:0.0107s ]
SQL: SELECT COUNT(*) AS tp_count FROM `chat_group_msg` WHERE ( gm_GroupId = 10016 ) LIMIT 1   [ RunTime:0.0009s ]
SQL: SELECT * FROM `chat_group_msg` WHERE ( gm_GroupId = 10016 ) ORDER BY gm_FromTime LIMIT 0,6   [ RunTime:0.0007s ]
SQL: SELECT * FROM `user` WHERE ( user_Id='4' ) LIMIT 1   [ RunTime:0.0003s ]
SQL: SELECT * FROM `user` WHERE ( user_Id='3' ) LIMIT 1   [ RunTime:0.0002s ]
SQL: SELECT * FROM `user` WHERE ( user_Id='1' ) LIMIT 1   [ RunTime:0.0002s ]
SQL: SELECT * FROM `user` WHERE ( user_Id='1' ) LIMIT 1   [ RunTime:0.0002s ]
SQL: SELECT * FROM `user` WHERE ( user_Id='1' ) LIMIT 1   [ RunTime:0.0002s ]
SQL: SELECT * FROM `user` WHERE ( user_Id='7' ) LIMIT 1   [ RunTime:0.0002s ]
INFO: [ view_parse ] --START--
INFO: [ template_filter ] --START--
INFO: Run Behavior\ContentReplaceBehavior [ RunTime:0.000143s ]
INFO: [ template_filter ] --END-- [ RunTime:0.000225s ]
INFO: Run Behavior\ParseTemplateBehavior [ RunTime:0.025028s ]
INFO: [ view_parse ] --END-- [ RunTime:0.025144s ]
INFO: [ view_filter ] --START--
INFO: Run Behavior\WriteHtmlCacheBehavior [ RunTime:0.001801s ]
INFO: [ view_filter ] --END-- [ RunTime:0.001890s ]
INFO: [ app_end ] --START--
INFO: Run Behavior\ShowPageTraceBehavior [ RunTime:0.002920s ]
INFO: [ app_end ] --END-- [ RunTime:0.003032s ]

[ 2019-05-11T11:56:07+08:00 ] ::1 /thinkphpCC/index.php/Home/Main/groupChat?id=10016
INFO: [ app_init ] --START--
INFO: Run Behavior\BuildLiteBehavior [ RunTime:0.000075s ]
INFO: [ app_init ] --END-- [ RunTime:0.001120s ]
INFO: [ app_begin ] --START--
INFO: Run Behavior\ReadHtmlCacheBehavior [ RunTime:0.001309s ]
INFO: [ app_begin ] --END-- [ RunTime:0.001403s ]
SQL: SHOW COLUMNS FROM `chat_groups` [ RunTime:0.0172s ]
SQL: SELECT * FROM `chat_groups` WHERE `cg_Id` = 10016 LIMIT 1   [ RunTime:0.0010s ]
SQL: SHOW COLUMNS FROM `user` [ RunTime:0.0101s ]
SQL: SELECT * FROM `user` WHERE ( user_Id = 1 ) LIMIT 1   [ RunTime:0.0004s ]
SQL: SHOW COLUMNS FROM `chat_group_members` [ RunTime:0.0103s ]
SQL: SELECT * FROM `chat_group_members` WHERE `cgm_GroupId` = 10016  [ RunTime:0.0006s ]
SQL: SELECT * FROM `user` WHERE ( user_Id='1' ) LIMIT 1   [ RunTime:0.0005s ]
SQL: SELECT * FROM `user` WHERE ( user_Id='2' ) LIMIT 1   [ RunTime:0.0006s ]
SQL: SELECT * FROM `user` WHERE ( user_Id='3' ) LIMIT 1   [ RunTime:0.0003s ]
SQL: SELECT * FROM `user` WHERE ( user_Id='6' ) LIMIT 1   [ RunTime:0.0005s ]
SQL: SELECT * FROM `chat_groups` WHERE `cg_Id` = 10016 LIMIT 1   [ RunTime:0.0007s ]
SQL: SHOW COLUMNS FROM `chat_group_msg` [ RunTime:0.0102s ]
SQL: SELECT COUNT(*) AS tp_count FROM `chat_group_msg` WHERE ( gm_GroupId = 10016 ) LIMIT 1   [ RunTime:0.0008s ]
SQL: SELECT * FROM `chat_group_msg` WHERE ( gm_GroupId = 10016 ) ORDER BY gm_FromTime desc LIMIT 6   [ RunTime:0.0009s ]
SQL: SELECT * FROM `user` WHERE ( user_Id='7' ) LIMIT 1   [ RunTime:0.0007s ]
SQL: SELECT * FROM `user` WHERE ( user_Id='1' ) LIMIT 1   [ RunTime:0.0006s ]
SQL: SELECT * FROM `user` WHERE ( user_Id='1' ) LIMIT 1   [ RunTime:0.0005s ]
SQL: SELECT * FROM `user` WHERE ( user_Id='1' ) LIMIT 1   [ RunTime:0.0005s ]
SQL: SELECT * FROM `user` WHERE ( user_Id='3' ) LIMIT 1   [ RunTime:0.0004s ]
SQL: SELECT * FROM `user` WHERE ( user_Id='4' ) LIMIT 1   [ RunTime:0.0002s ]
INFO: [ view_parse ] --START--
INFO: [ template_filter ] --START--
INFO: Run Behavior\ContentReplaceBehavior [ RunTime:0.000151s ]
INFO: [ template_filter ] --END-- [ RunTime:0.000244s ]
NOTIC: [8] Undefined variable: page D:\phpStudy\WWW\thinkphpCC\Application\Runtime\Cache\Home\58d895743bfd68afd0850299475559aa.php 第 161 行.
NOTIC: [8] Undefined variable: page D:\phpStudy\WWW\thinkphpCC\Application\Runtime\Cache\Home\58d895743bfd68afd0850299475559aa.php 第 171 行.
NOTIC: [8] Undefined variable: page D:\phpStudy\WWW\thinkphpCC\Application\Runtime\Cache\Home\58d895743bfd68afd0850299475559aa.php 第 179 行.
INFO: Run Behavior\ParseTemplateBehavior [ RunTime:0.024159s ]
INFO: [ view_parse ] --END-- [ RunTime:0.024249s ]
INFO: [ view_filter ] --START--
INFO: Run Behavior\WriteHtmlCacheBehavior [ RunTime:0.001693s ]
INFO: [ view_filter ] --END-- [ RunTime:0.001776s ]
INFO: [ app_end ] --START--
INFO: Run Behavior\ShowPageTraceBehavior [ RunTime:0.005044s ]
INFO: [ app_end ] --END-- [ RunTime:0.005210s ]

[ 2019-05-11T11:56:23+08:00 ] ::1 /thinkphpCC/index.php/Home/Main/groupChat?id=10016
INFO: [ app_init ] --START--
INFO: Run Behavior\BuildLiteBehavior [ RunTime:0.000022s ]
INFO: [ app_init ] --END-- [ RunTime:0.001010s ]
INFO: [ app_begin ] --START--
INFO: Run Behavior\ReadHtmlCacheBehavior [ RunTime:0.001843s ]
INFO: [ app_begin ] --END-- [ RunTime:0.002236s ]
SQL: SHOW COLUMNS FROM `chat_groups` [ RunTime:0.0091s ]
SQL: SELECT * FROM `chat_groups` WHERE `cg_Id` = 10016 LIMIT 1   [ RunTime:0.0007s ]
SQL: SHOW COLUMNS FROM `user` [ RunTime:0.0096s ]
SQL: SELECT * FROM `user` WHERE ( user_Id = 1 ) LIMIT 1   [ RunTime:0.0005s ]
SQL: SHOW COLUMNS FROM `chat_group_members` [ RunTime:0.0091s ]
SQL: SELECT * FROM `chat_group_members` WHERE `cgm_GroupId` = 10016  [ RunTime:0.0006s ]
SQL: SELECT * FROM `user` WHERE ( user_Id='1' ) LIMIT 1   [ RunTime:0.0003s ]
SQL: SELECT * FROM `user` WHERE ( user_Id='2' ) LIMIT 1   [ RunTime:0.0005s ]
SQL: SELECT * FROM `user` WHERE ( user_Id='3' ) LIMIT 1   [ RunTime:0.0006s ]
SQL: SELECT * FROM `user` WHERE ( user_Id='6' ) LIMIT 1   [ RunTime:0.0004s ]
SQL: SELECT * FROM `chat_groups` WHERE `cg_Id` = 10016 LIMIT 1   [ RunTime:0.0003s ]
SQL: SHOW COLUMNS FROM `chat_group_msg` [ RunTime:0.0096s ]
SQL: SELECT COUNT(*) AS tp_count FROM `chat_group_msg` WHERE ( gm_GroupId = 10016 ) LIMIT 1   [ RunTime:0.0004s ]
SQL: SELECT * FROM `chat_group_msg` WHERE ( gm_GroupId = 10016 ) ORDER BY gm_FromTime asc LIMIT 6   [ RunTime:0.0005s ]
SQL: SELECT * FROM `user` WHERE ( user_Id='4' ) LIMIT 1   [ RunTime:0.0003s ]
SQL: SELECT * FROM `user` WHERE ( user_Id='3' ) LIMIT 1   [ RunTime:0.0002s ]
SQL: SELECT * FROM `user` WHERE ( user_Id='1' ) LIMIT 1   [ RunTime:0.0002s ]
SQL: SELECT * FROM `user` WHERE ( user_Id='1' ) LIMIT 1   [ RunTime:0.0002s ]
SQL: SELECT * FROM `user` WHERE ( user_Id='1' ) LIMIT 1   [ RunTime:0.0002s ]
SQL: SELECT * FROM `user` WHERE ( user_Id='7' ) LIMIT 1   [ RunTime:0.0002s ]
INFO: [ view_parse ] --START--
INFO: [ template_filter ] --START--
INFO: Run Behavior\ContentReplaceBehavior [ RunTime:0.000165s ]
INFO: [ template_filter ] --END-- [ RunTime:0.000265s ]
NOTIC: [8] Undefined variable: page D:\phpStudy\WWW\thinkphpCC\Application\Runtime\Cache\Home\58d895743bfd68afd0850299475559aa.php 第 161 行.
NOTIC: [8] Undefined variable: page D:\phpStudy\WWW\thinkphpCC\Application\Runtime\Cache\Home\58d895743bfd68afd0850299475559aa.php 第 171 行.
NOTIC: [8] Undefined variable: page D:\phpStudy\WWW\thinkphpCC\Application\Runtime\Cache\Home\58d895743bfd68afd0850299475559aa.php 第 179 行.
INFO: Run Behavior\ParseTemplateBehavior [ RunTime:0.026452s ]
INFO: [ view_parse ] --END-- [ RunTime:0.026543s ]
INFO: [ view_filter ] --START--
INFO: Run Behavior\WriteHtmlCacheBehavior [ RunTime:0.001851s ]
INFO: [ view_filter ] --END-- [ RunTime:0.001942s ]
INFO: [ app_end ] --START--
INFO: Run Behavior\ShowPageTraceBehavior [ RunTime:0.002764s ]
INFO: [ app_end ] --END-- [ RunTime:0.002903s ]

[ 2019-05-11T11:57:19+08:00 ] ::1 /thinkphpCC/index.php/Home/Main/main
INFO: [ app_init ] --START--
INFO: Run Behavior\BuildLiteBehavior [ RunTime:0.000020s ]
INFO: [ app_init ] --END-- [ RunTime:0.000790s ]
INFO: [ app_begin ] --START--
INFO: Run Behavior\ReadHtmlCacheBehavior [ RunTime:0.001278s ]
INFO: [ app_begin ] --END-- [ RunTime:0.001370s ]
SQL: SHOW COLUMNS FROM `user` [ RunTime:0.0087s ]
SQL: SHOW COLUMNS FROM `friends` [ RunTime:0.0126s ]
SQL: SELECT User.user_Account AS user_Account,User.user_Nickname AS user_Nickname,User.user_Mail AS user_Mail,User.user_Phone AS user_Phone,User.user_StateName AS user_StateName,Friends.user_Id AS user_Id,Friends.friend_Remark AS friend_Remark,Friends.friend_GroupId AS friend_GroupId,Friends.friend_Id AS friend_Id FROM user User  JOIN friends Friends ON User.user_Id = Friends.friend_Id WHERE ( friends.user_Id = 1 ) ORDER BY User.user_StateName ASC,user_NickName ASC  [ RunTime:0.0010s ]
SQL: SHOW COLUMNS FROM `chat_group_members` [ RunTime:0.0114s ]
SQL: SELECT `cgm_groupId` FROM `chat_group_members` WHERE ( cgm_UserId = 1 )  [ RunTime:0.0006s ]
SQL: SHOW COLUMNS FROM `chat_groups` [ RunTime:0.0109s ]
SQL: SELECT * FROM `chat_groups` WHERE ( cg_Id in (10016,10027) )  [ RunTime:0.0004s ]
SQL: SHOW COLUMNS FROM `user` [ RunTime:0.0105s ]
SQL: SELECT * FROM `user` WHERE ( user_Id = 1 ) LIMIT 1   [ RunTime:0.0006s ]
SQL: SHOW COLUMNS FROM `messages` [ RunTime:0.0129s ]
SQL: SELECT * FROM `messages` WHERE ( msg_FromUserId = 1 ) GROUP BY msg_ToUserId ORDER BY msg_Time LIMIT 10   [ RunTime:0.0095s ]
SQL: SELECT * FROM `user` WHERE ( user_Id='5' )  [ RunTime:0.0005s ]
SQL: SELECT * FROM `user` WHERE ( user_Id='2' )  [ RunTime:0.0006s ]
SQL: SELECT * FROM `user` WHERE ( user_Id='6' )  [ RunTime:0.0005s ]
SQL: SELECT * FROM `user` WHERE ( user_Id='3' )  [ RunTime:0.0006s ]
SQL: SELECT * FROM `user` WHERE ( user_Id='7' )  [ RunTime:0.0006s ]
SQL: SELECT * FROM `user` WHERE ( user_Id='4' )  [ RunTime:0.0004s ]
INFO: [ view_parse ] --START--
INFO: [ template_filter ] --START--
INFO: Run Behavior\ContentReplaceBehavior [ RunTime:0.000149s ]
INFO: [ template_filter ] --END-- [ RunTime:0.000284s ]
INFO: Run Behavior\ParseTemplateBehavior [ RunTime:0.020696s ]
INFO: [ view_parse ] --END-- [ RunTime:0.020856s ]
INFO: [ view_filter ] --START--
INFO: Run Behavior\WriteHtmlCacheBehavior [ RunTime:0.001725s ]
INFO: [ view_filter ] --END-- [ RunTime:0.001815s ]
INFO: [ app_end ] --START--
INFO: Run Behavior\ShowPageTraceBehavior [ RunTime:0.002264s ]
INFO: [ app_end ] --END-- [ RunTime:0.002383s ]

[ 2019-05-11T11:57:21+08:00 ] ::1 /thinkphpCC/index.php/Home/Main/friendChat?id=3
INFO: [ app_init ] --START--
INFO: Run Behavior\BuildLiteBehavior [ RunTime:0.000041s ]
INFO: [ app_init ] --END-- [ RunTime:0.001341s ]
INFO: [ app_begin ] --START--
INFO: Run Behavior\ReadHtmlCacheBehavior [ RunTime:0.001563s ]
INFO: [ app_begin ] --END-- [ RunTime:0.001678s ]
SQL: SHOW COLUMNS FROM `user` [ RunTime:0.0085s ]
SQL: SELECT * FROM `user` WHERE ( user_Id='3' )  [ RunTime:0.0006s ]
SQL: SHOW COLUMNS FROM `friends` [ RunTime:0.0085s ]
SQL: SELECT `friend_remark` FROM `friends` WHERE ( friend_Id=3 and user_Id = 1 ) LIMIT 1   [ RunTime:0.0006s ]
SQL: SHOW COLUMNS FROM `messages` [ RunTime:0.0087s ]
SQL: SELECT * FROM `messages` WHERE ( (msg_FromUserId = 1 and msg_ToUserId = 3) or (msg_FromUserId = 3 and msg_ToUserId = 1) ) ORDER BY msg_Time asc LIMIT 6   [ RunTime:0.0005s ]
INFO: [ view_parse ] --START--
INFO: [ template_filter ] --START--
INFO: Run Behavior\ContentReplaceBehavior [ RunTime:0.000111s ]
INFO: [ template_filter ] --END-- [ RunTime:0.000214s ]
NOTIC: [8] Undefined variable: page D:\phpStudy\WWW\thinkphpCC\Application\Runtime\Cache\Home\969e7afcae76f4f6d7b943bcc9837976.php 第 90 行.
INFO: Run Behavior\ParseTemplateBehavior [ RunTime:0.015512s ]
INFO: [ view_parse ] --END-- [ RunTime:0.015612s ]
INFO: [ view_filter ] --START--
INFO: Run Behavior\WriteHtmlCacheBehavior [ RunTime:0.001463s ]
INFO: [ view_filter ] --END-- [ RunTime:0.001533s ]
INFO: [ app_end ] --START--
INFO: Run Behavior\ShowPageTraceBehavior [ RunTime:0.001756s ]
INFO: [ app_end ] --END-- [ RunTime:0.001836s ]

[ 2019-05-11T11:57:35+08:00 ] ::1 /thinkphpCC/index.php/Home/Main/friendChatHistory?id=3
INFO: [ app_init ] --START--
INFO: Run Behavior\BuildLiteBehavior [ RunTime:0.000030s ]
INFO: [ app_init ] --END-- [ RunTime:0.001345s ]
INFO: [ app_begin ] --START--
INFO: Run Behavior\ReadHtmlCacheBehavior [ RunTime:0.001495s ]
INFO: [ app_begin ] --END-- [ RunTime:0.001613s ]
SQL: SHOW COLUMNS FROM `user` [ RunTime:0.0104s ]
SQL: SELECT * FROM `user` WHERE ( user_Id='3' )  [ RunTime:0.0004s ]
SQL: SHOW COLUMNS FROM `friends` [ RunTime:0.0095s ]
SQL: SELECT `friend_remark` FROM `friends` WHERE ( friend_Id=3 and user_Id = 1 ) LIMIT 1   [ RunTime:0.0005s ]
SQL: SHOW COLUMNS FROM `messages` [ RunTime:0.0111s ]
SQL: SELECT COUNT(*) AS tp_count FROM `messages` WHERE ( (msg_FromUserId = 1 and msg_ToUserId = 3) or (msg_FromUserId = 3 and msg_ToUserId = 1) ) LIMIT 1   [ RunTime:0.0004s ]
SQL: SELECT * FROM `messages` WHERE ( (msg_FromUserId = 1 and msg_ToUserId = 3) or (msg_FromUserId = 3 and msg_ToUserId = 1) ) ORDER BY msg_Time LIMIT 0,6   [ RunTime:0.0008s ]
INFO: [ view_parse ] --START--
INFO: [ template_filter ] --START--
INFO: Run Behavior\ContentReplaceBehavior [ RunTime:0.000115s ]
INFO: [ template_filter ] --END-- [ RunTime:0.000207s ]
INFO: Run Behavior\ParseTemplateBehavior [ RunTime:0.017519s ]
INFO: [ view_parse ] --END-- [ RunTime:0.017645s ]
INFO: [ view_filter ] --START--
INFO: Run Behavior\WriteHtmlCacheBehavior [ RunTime:0.001733s ]
INFO: [ view_filter ] --END-- [ RunTime:0.001835s ]
INFO: [ app_end ] --START--
INFO: Run Behavior\ShowPageTraceBehavior [ RunTime:0.002079s ]
INFO: [ app_end ] --END-- [ RunTime:0.002184s ]

[ 2019-05-11T11:57:45+08:00 ] ::1 /thinkphpCC/index.php/Home/Main/friendChat?id=3
INFO: [ app_init ] --START--
INFO: Run Behavior\BuildLiteBehavior [ RunTime:0.000023s ]
INFO: [ app_init ] --END-- [ RunTime:0.001164s ]
INFO: [ app_begin ] --START--
INFO: Run Behavior\ReadHtmlCacheBehavior [ RunTime:0.001182s ]
INFO: [ app_begin ] --END-- [ RunTime:0.001265s ]
SQL: SHOW COLUMNS FROM `user` [ RunTime:0.0082s ]
SQL: SELECT * FROM `user` WHERE ( user_Id='3' )  [ RunTime:0.0004s ]
SQL: SHOW COLUMNS FROM `friends` [ RunTime:0.0092s ]
SQL: SELECT `friend_remark` FROM `friends` WHERE ( friend_Id=3 and user_Id = 1 ) LIMIT 1   [ RunTime:0.0005s ]
SQL: SHOW COLUMNS FROM `messages` [ RunTime:0.0120s ]
SQL: SELECT * FROM `messages` WHERE ( (msg_FromUserId = 1 and msg_ToUserId = 3) or (msg_FromUserId = 3 and msg_ToUserId = 1) ) ORDER BY msg_Time asc LIMIT 6   [ RunTime:0.0007s ]
INFO: [ view_parse ] --START--
INFO: [ template_filter ] --START--
INFO: Run Behavior\ContentReplaceBehavior [ RunTime:0.000114s ]
INFO: [ template_filter ] --END-- [ RunTime:0.000217s ]
NOTIC: [8] Undefined variable: page D:\phpStudy\WWW\thinkphpCC\Application\Runtime\Cache\Home\969e7afcae76f4f6d7b943bcc9837976.php 第 90 行.
INFO: Run Behavior\ParseTemplateBehavior [ RunTime:0.015222s ]
INFO: [ view_parse ] --END-- [ RunTime:0.015322s ]
INFO: [ view_filter ] --START--
INFO: Run Behavior\WriteHtmlCacheBehavior [ RunTime:0.001655s ]
INFO: [ view_filter ] --END-- [ RunTime:0.001736s ]
INFO: [ app_end ] --START--
INFO: Run Behavior\ShowPageTraceBehavior [ RunTime:0.001748s ]
INFO: [ app_end ] --END-- [ RunTime:0.001822s ]

[ 2019-05-11T11:57:47+08:00 ] ::1 /thinkphpCC/index.php/Home/Main/friendChatHistory?id=3
INFO: [ app_init ] --START--
INFO: Run Behavior\BuildLiteBehavior [ RunTime:0.000021s ]
INFO: [ app_init ] --END-- [ RunTime:0.000812s ]
INFO: [ app_begin ] --START--
INFO: Run Behavior\ReadHtmlCacheBehavior [ RunTime:0.001297s ]
INFO: [ app_begin ] --END-- [ RunTime:0.001389s ]
SQL: SHOW COLUMNS FROM `user` [ RunTime:0.0083s ]
SQL: SELECT * FROM `user` WHERE ( user_Id='3' )  [ RunTime:0.0006s ]
SQL: SHOW COLUMNS FROM `friends` [ RunTime:0.0083s ]
SQL: SELECT `friend_remark` FROM `friends` WHERE ( friend_Id=3 and user_Id = 1 ) LIMIT 1   [ RunTime:0.0005s ]
SQL: SHOW COLUMNS FROM `messages` [ RunTime:0.0090s ]
SQL: SELECT COUNT(*) AS tp_count FROM `messages` WHERE ( (msg_FromUserId = 1 and msg_ToUserId = 3) or (msg_FromUserId = 3 and msg_ToUserId = 1) ) LIMIT 1   [ RunTime:0.0005s ]
SQL: SELECT * FROM `messages` WHERE ( (msg_FromUserId = 1 and msg_ToUserId = 3) or (msg_FromUserId = 3 and msg_ToUserId = 1) ) ORDER BY msg_Time LIMIT 0,6   [ RunTime:0.0008s ]
INFO: [ view_parse ] --START--
INFO: [ template_filter ] --START--
INFO: Run Behavior\ContentReplaceBehavior [ RunTime:0.000115s ]
INFO: [ template_filter ] --END-- [ RunTime:0.000210s ]
INFO: Run Behavior\ParseTemplateBehavior [ RunTime:0.017064s ]
INFO: [ view_parse ] --END-- [ RunTime:0.017173s ]
INFO: [ view_filter ] --START--
INFO: Run Behavior\WriteHtmlCacheBehavior [ RunTime:0.001943s ]
INFO: [ view_filter ] --END-- [ RunTime:0.002045s ]
INFO: [ app_end ] --START--
INFO: Run Behavior\ShowPageTraceBehavior [ RunTime:0.003904s ]
INFO: [ app_end ] --END-- [ RunTime:0.004007s ]

[ 2019-05-11T12:09:26+08:00 ] ::1 /thinkphpCC/index.php/Home/Main/main
INFO: [ app_init ] --START--
INFO: Run Behavior\BuildLiteBehavior [ RunTime:0.000030s ]
INFO: [ app_init ] --END-- [ RunTime:0.001844s ]
INFO: [ app_begin ] --START--
INFO: Run Behavior\ReadHtmlCacheBehavior [ RunTime:0.002095s ]
INFO: [ app_begin ] --END-- [ RunTime:0.002221s ]
SQL: SHOW COLUMNS FROM `user` [ RunTime:0.0124s ]
SQL: SHOW COLUMNS FROM `friends` [ RunTime:0.0104s ]
SQL: SELECT User.user_Account AS user_Account,User.user_Nickname AS user_Nickname,User.user_Mail AS user_Mail,User.user_Phone AS user_Phone,User.user_StateName AS user_StateName,Friends.user_Id AS user_Id,Friends.friend_Remark AS friend_Remark,Friends.friend_GroupId AS friend_GroupId,Friends.friend_Id AS friend_Id FROM user User  JOIN friends Friends ON User.user_Id = Friends.friend_Id WHERE ( friends.user_Id = 1 ) ORDER BY User.user_StateName ASC,user_NickName ASC  [ RunTime:0.0008s ]
SQL: SHOW COLUMNS FROM `chat_group_members` [ RunTime:0.0121s ]
SQL: SELECT `cgm_groupId` FROM `chat_group_members` WHERE ( cgm_UserId = 1 )  [ RunTime:0.0006s ]
SQL: SHOW COLUMNS FROM `chat_groups` [ RunTime:0.0112s ]
SQL: SELECT * FROM `chat_groups` WHERE ( cg_Id in (10016,10027) )  [ RunTime:0.0010s ]
SQL: SHOW COLUMNS FROM `user` [ RunTime:0.0101s ]
SQL: SELECT * FROM `user` WHERE ( user_Id = 1 ) LIMIT 1   [ RunTime:0.0004s ]
SQL: SHOW COLUMNS FROM `messages` [ RunTime:0.0094s ]
SQL: SELECT * FROM `messages` WHERE ( msg_FromUserId = 1 ) GROUP BY msg_ToUserId ORDER BY msg_Time LIMIT 10   [ RunTime:0.0100s ]
SQL: SELECT * FROM `user` WHERE ( user_Id='5' )  [ RunTime:0.0004s ]
SQL: SELECT * FROM `user` WHERE ( user_Id='2' )  [ RunTime:0.0002s ]
SQL: SELECT * FROM `user` WHERE ( user_Id='6' )  [ RunTime:0.0002s ]
SQL: SELECT * FROM `user` WHERE ( user_Id='3' )  [ RunTime:0.0005s ]
SQL: SELECT * FROM `user` WHERE ( user_Id='7' )  [ RunTime:0.0005s ]
SQL: SELECT * FROM `user` WHERE ( user_Id='4' )  [ RunTime:0.0004s ]
INFO: [ view_parse ] --START--
INFO: [ template_filter ] --START--
INFO: Run Behavior\ContentReplaceBehavior [ RunTime:0.000149s ]
INFO: [ template_filter ] --END-- [ RunTime:0.000280s ]
INFO: Run Behavior\ParseTemplateBehavior [ RunTime:0.022330s ]
INFO: [ view_parse ] --END-- [ RunTime:0.022514s ]
INFO: [ view_filter ] --START--
INFO: Run Behavior\WriteHtmlCacheBehavior [ RunTime:0.001798s ]
INFO: [ view_filter ] --END-- [ RunTime:0.001884s ]
INFO: [ app_end ] --START--
INFO: Run Behavior\ShowPageTraceBehavior [ RunTime:0.002708s ]
INFO: [ app_end ] --END-- [ RunTime:0.002849s ]

[ 2019-05-11T15:53:47+08:00 ] ::1 /thinkphpCC/
INFO: [ app_init ] --START--
INFO: Run Behavior\BuildLiteBehavior [ RunTime:0.000029s ]
INFO: [ app_init ] --END-- [ RunTime:0.002009s ]
INFO: [ app_begin ] --START--
INFO: Run Behavior\ReadHtmlCacheBehavior [ RunTime:0.002282s ]
INFO: [ app_begin ] --END-- [ RunTime:0.002423s ]
INFO: [ view_parse ] --START--
INFO: [ template_filter ] --START--
INFO: Run Behavior\ContentReplaceBehavior [ RunTime:0.000097s ]
INFO: [ template_filter ] --END-- [ RunTime:0.000195s ]
INFO: Run Behavior\ParseTemplateBehavior [ RunTime:0.031683s ]
INFO: [ view_parse ] --END-- [ RunTime:0.031811s ]
INFO: [ view_filter ] --START--
INFO: Run Behavior\WriteHtmlCacheBehavior [ RunTime:0.001782s ]
INFO: [ view_filter ] --END-- [ RunTime:0.001897s ]
INFO: [ app_end ] --START--
INFO: Run Behavior\ShowPageTraceBehavior [ RunTime:0.006209s ]
INFO: [ app_end ] --END-- [ RunTime:0.006315s ]

[ 2019-05-11T15:53:55+08:00 ] ::1 /thinkphpCC/index.php/Home/User/do_login
INFO: [ app_init ] --START--
INFO: Run Behavior\BuildLiteBehavior [ RunTime:0.000030s ]
INFO: [ app_init ] --END-- [ RunTime:0.001472s ]
INFO: [ app_begin ] --START--
INFO: Run Behavior\ReadHtmlCacheBehavior [ RunTime:0.002561s ]
INFO: [ app_begin ] --END-- [ RunTime:0.002719s ]
SQL: SHOW COLUMNS FROM `user` [ RunTime:0.0665s ]
SQL: SELECT * FROM `user` WHERE `user_Account` = 'xufengnian' LIMIT 1   [ RunTime:0.0104s ]
SQL: UPDATE `user` SET `user_StateName`='在线' WHERE ( user_Id = 1 ) [ RunTime:0.0008s ]

[ 2019-05-11T15:53:56+08:00 ] ::1 /thinkphpCC/index.php/Home/Main/main.html
INFO: [ app_init ] --START--
INFO: Run Behavior\BuildLiteBehavior [ RunTime:0.000026s ]
INFO: [ app_init ] --END-- [ RunTime:0.001401s ]
INFO: [ app_begin ] --START--
INFO: Run Behavior\ReadHtmlCacheBehavior [ RunTime:0.001183s ]
INFO: [ app_begin ] --END-- [ RunTime:0.001267s ]
SQL: SHOW COLUMNS FROM `user` [ RunTime:0.0233s ]
SQL: SHOW COLUMNS FROM `friends` [ RunTime:0.0273s ]
SQL: SELECT User.user_Account AS user_Account,User.user_Nickname AS user_Nickname,User.user_Mail AS user_Mail,User.user_Phone AS user_Phone,User.user_StateName AS user_StateName,Friends.user_Id AS user_Id,Friends.friend_Remark AS friend_Remark,Friends.friend_GroupId AS friend_GroupId,Friends.friend_Id AS friend_Id FROM user User  JOIN friends Friends ON User.user_Id = Friends.friend_Id WHERE ( friends.user_Id = 1 ) ORDER BY User.user_StateName ASC,user_NickName ASC  [ RunTime:0.0017s ]
SQL: SHOW COLUMNS FROM `chat_group_members` [ RunTime:0.0238s ]
SQL: SELECT `cgm_groupId` FROM `chat_group_members` WHERE ( cgm_UserId = 1 )  [ RunTime:0.0009s ]
SQL: SHOW COLUMNS FROM `chat_groups` [ RunTime:0.0197s ]
SQL: SELECT * FROM `chat_groups` WHERE ( cg_Id in (10016,10027) )  [ RunTime:0.0010s ]
SQL: SHOW COLUMNS FROM `user` [ RunTime:0.0111s ]
SQL: SELECT * FROM `user` WHERE ( user_Id = 1 ) LIMIT 1   [ RunTime:0.0005s ]
SQL: SHOW COLUMNS FROM `messages` [ RunTime:0.0117s ]
SQL: SELECT * FROM `messages` WHERE ( msg_FromUserId = 1 ) GROUP BY msg_ToUserId ORDER BY msg_Time LIMIT 10   [ RunTime:0.0090s ]
SQL: SELECT * FROM `user` WHERE ( user_Id='5' )  [ RunTime:0.0008s ]
SQL: SELECT * FROM `user` WHERE ( user_Id='2' )  [ RunTime:0.0004s ]
SQL: SELECT * FROM `user` WHERE ( user_Id='6' )  [ RunTime:0.0007s ]
SQL: SELECT * FROM `user` WHERE ( user_Id='3' )  [ RunTime:0.0005s ]
SQL: SELECT * FROM `user` WHERE ( user_Id='7' )  [ RunTime:0.0004s ]
SQL: SELECT * FROM `user` WHERE ( user_Id='4' )  [ RunTime:0.0003s ]
INFO: [ view_parse ] --START--
INFO: [ template_filter ] --START--
INFO: Run Behavior\ContentReplaceBehavior [ RunTime:0.000161s ]
INFO: [ template_filter ] --END-- [ RunTime:0.000289s ]
INFO: Run Behavior\ParseTemplateBehavior [ RunTime:0.060362s ]
INFO: [ view_parse ] --END-- [ RunTime:0.060520s ]
INFO: [ view_filter ] --START--
INFO: Run Behavior\WriteHtmlCacheBehavior [ RunTime:0.002572s ]
INFO: [ view_filter ] --END-- [ RunTime:0.002679s ]
INFO: [ app_end ] --START--
INFO: Run Behavior\ShowPageTraceBehavior [ RunTime:0.002457s ]
INFO: [ app_end ] --END-- [ RunTime:0.002592s ]

[ 2019-05-11T18:34:52+08:00 ] ::1 /thinkphpCC/index.php/Home/Friends/addFriend
INFO: [ app_init ] --START--
INFO: Run Behavior\BuildLiteBehavior [ RunTime:0.000029s ]
INFO: [ app_init ] --END-- [ RunTime:0.001232s ]
INFO: [ app_begin ] --START--
INFO: Run Behavior\ReadHtmlCacheBehavior [ RunTime:0.002440s ]
INFO: [ app_begin ] --END-- [ RunTime:0.002632s ]
INFO: [ view_parse ] --START--
INFO: [ template_filter ] --START--
INFO: Run Behavior\ContentReplaceBehavior [ RunTime:0.000078s ]
INFO: [ template_filter ] --END-- [ RunTime:0.000170s ]
INFO: Run Behavior\ParseTemplateBehavior [ RunTime:0.024710s ]
INFO: [ view_parse ] --END-- [ RunTime:0.024827s ]
INFO: [ view_filter ] --START--
INFO: Run Behavior\WriteHtmlCacheBehavior [ RunTime:0.004204s ]
INFO: [ view_filter ] --END-- [ RunTime:0.004323s ]
INFO: [ app_end ] --START--
INFO: Run Behavior\ShowPageTraceBehavior [ RunTime:0.003562s ]
INFO: [ app_end ] --END-- [ RunTime:0.003687s ]

[ 2019-05-11T18:50:55+08:00 ] ::1 /thinkphpCC/index.php/Home/User/logout
INFO: [ app_init ] --START--
INFO: Run Behavior\BuildLiteBehavior [ RunTime:0.000021s ]
INFO: [ app_init ] --END-- [ RunTime:0.000948s ]
INFO: [ app_begin ] --START--
INFO: Run Behavior\ReadHtmlCacheBehavior [ RunTime:0.002113s ]
INFO: [ app_begin ] --END-- [ RunTime:0.002228s ]
SQL: SHOW COLUMNS FROM `user` [ RunTime:0.0127s ]
SQL: UPDATE `user` SET `user_StateName`='离线' WHERE ( user_Id = 1 ) [ RunTime:0.0006s ]
INFO: [ view_parse ] --START--
INFO: [ template_filter ] --START--
INFO: Run Behavior\ContentReplaceBehavior [ RunTime:0.000075s ]
INFO: [ template_filter ] --END-- [ RunTime:0.000161s ]
INFO: Run Behavior\ParseTemplateBehavior [ RunTime:0.047430s ]
INFO: [ view_parse ] --END-- [ RunTime:0.047541s ]
INFO: [ view_filter ] --START--
INFO: Run Behavior\WriteHtmlCacheBehavior [ RunTime:0.001514s ]
INFO: [ view_filter ] --END-- [ RunTime:0.001583s ]
INFO: [ app_end ] --START--
INFO: Run Behavior\ShowPageTraceBehavior [ RunTime:0.001734s ]
INFO: [ app_end ] --END-- [ RunTime:0.001812s ]

[ 2019-05-11T18:50:56+08:00 ] ::1 /thinkphpCC/index.php/Home/User/login.html
INFO: [ app_init ] --START--
INFO: Run Behavior\BuildLiteBehavior [ RunTime:0.000028s ]
INFO: [ app_init ] --END-- [ RunTime:0.001062s ]
INFO: [ app_begin ] --START--
INFO: Run Behavior\ReadHtmlCacheBehavior [ RunTime:0.001465s ]
INFO: [ app_begin ] --END-- [ RunTime:0.001577s ]
INFO: [ view_parse ] --START--
INFO: [ template_filter ] --START--
INFO: Run Behavior\ContentReplaceBehavior [ RunTime:0.000098s ]
INFO: [ template_filter ] --END-- [ RunTime:0.000207s ]
INFO: Run Behavior\ParseTemplateBehavior [ RunTime:0.014207s ]
INFO: [ view_parse ] --END-- [ RunTime:0.014340s ]
INFO: [ view_filter ] --START--
INFO: Run Behavior\WriteHtmlCacheBehavior [ RunTime:0.001866s ]
INFO: [ view_filter ] --END-- [ RunTime:0.001959s ]
INFO: [ app_end ] --START--
INFO: Run Behavior\ShowPageTraceBehavior [ RunTime:0.002200s ]
INFO: [ app_end ] --END-- [ RunTime:0.002301s ]

[ 2019-05-11T18:51:11+08:00 ] ::1 /thinkphpCC/index.php/Home/User/changePwd
INFO: [ app_init ] --START--
INFO: Run Behavior\BuildLiteBehavior [ RunTime:0.000025s ]
INFO: [ app_init ] --END-- [ RunTime:0.001048s ]
INFO: [ app_begin ] --START--
INFO: Run Behavior\ReadHtmlCacheBehavior [ RunTime:0.002021s ]
INFO: [ app_begin ] --END-- [ RunTime:0.002171s ]
INFO: [ view_parse ] --START--
INFO: [ template_filter ] --START--
INFO: Run Behavior\ContentReplaceBehavior [ RunTime:0.000091s ]
INFO: [ template_filter ] --END-- [ RunTime:0.000196s ]
INFO: Run Behavior\ParseTemplateBehavior [ RunTime:0.034126s ]
INFO: [ view_parse ] --END-- [ RunTime:0.034229s ]
INFO: [ view_filter ] --START--
INFO: Run Behavior\WriteHtmlCacheBehavior [ RunTime:0.001462s ]
INFO: [ view_filter ] --END-- [ RunTime:0.001562s ]
INFO: [ app_end ] --START--
INFO: Run Behavior\ShowPageTraceBehavior [ RunTime:0.003890s ]
INFO: [ app_end ] --END-- [ RunTime:0.004003s ]

[ 2019-05-11T18:51:56+08:00 ] ::1 /thinkphpCC/index.php/Home/User/register
INFO: [ app_init ] --START--
INFO: Run Behavior\BuildLiteBehavior [ RunTime:0.000022s ]
INFO: [ app_init ] --END-- [ RunTime:0.000851s ]
INFO: [ app_begin ] --START--
INFO: Run Behavior\ReadHtmlCacheBehavior [ RunTime:0.002136s ]
INFO: [ app_begin ] --END-- [ RunTime:0.002270s ]
INFO: [ view_parse ] --START--
INFO: [ template_filter ] --START--
INFO: Run Behavior\ContentReplaceBehavior [ RunTime:0.000105s ]
INFO: [ template_filter ] --END-- [ RunTime:0.000225s ]
INFO: Run Behavior\ParseTemplateBehavior [ RunTime:0.031596s ]
INFO: [ view_parse ] --END-- [ RunTime:0.031740s ]
INFO: [ view_filter ] --START--
INFO: Run Behavior\WriteHtmlCacheBehavior [ RunTime:0.001589s ]
INFO: [ view_filter ] --END-- [ RunTime:0.001666s ]
INFO: [ app_end ] --START--
INFO: Run Behavior\ShowPageTraceBehavior [ RunTime:0.001770s ]
INFO: [ app_end ] --END-- [ RunTime:0.001845s ]

[ 2019-05-11T18:52:08+08:00 ] ::1 /thinkphpCC/index.php/Home/User/do_login
INFO: [ app_init ] --START--
INFO: Run Behavior\BuildLiteBehavior [ RunTime:0.000020s ]
INFO: [ app_init ] --END-- [ RunTime:0.000832s ]
INFO: [ app_begin ] --START--
INFO: Run Behavior\ReadHtmlCacheBehavior [ RunTime:0.001186s ]
INFO: [ app_begin ] --END-- [ RunTime:0.001273s ]
SQL: SHOW COLUMNS FROM `user` [ RunTime:0.0128s ]
SQL: SELECT * FROM `user` WHERE `user_Account` = 'xufengnian' LIMIT 1   [ RunTime:0.0007s ]
SQL: UPDATE `user` SET `user_StateName`='在线' WHERE ( user_Id = 1 ) [ RunTime:0.0006s ]

[ 2019-05-11T18:52:09+08:00 ] ::1 /thinkphpCC/index.php/Home/Main/main.html
INFO: [ app_init ] --START--
INFO: Run Behavior\BuildLiteBehavior [ RunTime:0.000026s ]
INFO: [ app_init ] --END-- [ RunTime:0.000956s ]
INFO: [ app_begin ] --START--
INFO: Run Behavior\ReadHtmlCacheBehavior [ RunTime:0.001531s ]
INFO: [ app_begin ] --END-- [ RunTime:0.001637s ]
SQL: SHOW COLUMNS FROM `user` [ RunTime:0.0118s ]
SQL: SHOW COLUMNS FROM `friends` [ RunTime:0.0135s ]
SQL: SELECT User.user_Account AS user_Account,User.user_Nickname AS user_Nickname,User.user_Mail AS user_Mail,User.user_Phone AS user_Phone,User.user_StateName AS user_StateName,Friends.user_Id AS user_Id,Friends.friend_Remark AS friend_Remark,Friends.friend_GroupId AS friend_GroupId,Friends.friend_Id AS friend_Id FROM user User  JOIN friends Friends ON User.user_Id = Friends.friend_Id WHERE ( friends.user_Id = 1 ) ORDER BY User.user_StateName ASC,user_NickName ASC  [ RunTime:0.0011s ]
SQL: SHOW COLUMNS FROM `chat_group_members` [ RunTime:0.0129s ]
SQL: SELECT `cgm_groupId` FROM `chat_group_members` WHERE ( cgm_UserId = 1 )  [ RunTime:0.0006s ]
SQL: SHOW COLUMNS FROM `chat_groups` [ RunTime:0.0145s ]
SQL: SELECT * FROM `chat_groups` WHERE ( cg_Id in (10016,10027) )  [ RunTime:0.0006s ]
SQL: SHOW COLUMNS FROM `user` [ RunTime:0.0128s ]
SQL: SELECT * FROM `user` WHERE ( user_Id = 1 ) LIMIT 1   [ RunTime:0.0008s ]
SQL: SHOW COLUMNS FROM `messages` [ RunTime:0.0147s ]
SQL: SELECT * FROM `messages` WHERE ( msg_FromUserId = 1 ) GROUP BY msg_ToUserId ORDER BY msg_Time LIMIT 10   [ RunTime:0.0123s ]
SQL: SELECT * FROM `user` WHERE ( user_Id='5' )  [ RunTime:0.0007s ]
SQL: SELECT * FROM `user` WHERE ( user_Id='2' )  [ RunTime:0.0003s ]
SQL: SELECT * FROM `user` WHERE ( user_Id='6' )  [ RunTime:0.0002s ]
SQL: SELECT * FROM `user` WHERE ( user_Id='3' )  [ RunTime:0.0003s ]
SQL: SELECT * FROM `user` WHERE ( user_Id='7' )  [ RunTime:0.0003s ]
SQL: SELECT * FROM `user` WHERE ( user_Id='4' )  [ RunTime:0.0003s ]
INFO: [ view_parse ] --START--
INFO: [ template_filter ] --START--
INFO: Run Behavior\ContentReplaceBehavior [ RunTime:0.000197s ]
INFO: [ template_filter ] --END-- [ RunTime:0.000309s ]
INFO: Run Behavior\ParseTemplateBehavior [ RunTime:0.024484s ]
INFO: [ view_parse ] --END-- [ RunTime:0.024645s ]
INFO: [ view_filter ] --START--
INFO: Run Behavior\WriteHtmlCacheBehavior [ RunTime:0.001774s ]
INFO: [ view_filter ] --END-- [ RunTime:0.001901s ]
INFO: [ app_end ] --START--
INFO: Run Behavior\ShowPageTraceBehavior [ RunTime:0.002324s ]
INFO: [ app_end ] --END-- [ RunTime:0.002447s ]

[ 2019-05-11T18:52:11+08:00 ] ::1 /thinkphpCC/index.php/Home/User/do_login
INFO: [ app_init ] --START--
INFO: Run Behavior\BuildLiteBehavior [ RunTime:0.000028s ]
INFO: [ app_init ] --END-- [ RunTime:0.001173s ]
INFO: [ app_begin ] --START--
INFO: Run Behavior\ReadHtmlCacheBehavior [ RunTime:0.001332s ]
INFO: [ app_begin ] --END-- [ RunTime:0.001443s ]
SQL: SHOW COLUMNS FROM `user` [ RunTime:0.0136s ]
SQL: SELECT * FROM `user` WHERE `user_Account` = 'xufengnian' LIMIT 1   [ RunTime:0.0005s ]
SQL: UPDATE `user` SET `user_StateName`='在线' WHERE ( user_Id = 1 ) [ RunTime:0.0002s ]

[ 2019-05-11T18:52:12+08:00 ] ::1 /thinkphpCC/index.php/Home/User/do_login
INFO: [ app_init ] --START--
INFO: Run Behavior\BuildLiteBehavior [ RunTime:0.000024s ]
INFO: [ app_init ] --END-- [ RunTime:0.001007s ]
INFO: [ app_begin ] --START--
INFO: Run Behavior\ReadHtmlCacheBehavior [ RunTime:0.001666s ]
INFO: [ app_begin ] --END-- [ RunTime:0.001765s ]
SQL: SHOW COLUMNS FROM `user` [ RunTime:0.0127s ]
SQL: SELECT * FROM `user` WHERE `user_Account` = 'xufengnian' LIMIT 1   [ RunTime:0.0007s ]
SQL: UPDATE `user` SET `user_StateName`='在线' WHERE ( user_Id = 1 ) [ RunTime:0.0006s ]

[ 2019-05-11T18:52:13+08:00 ] ::1 /thinkphpCC/index.php/Home/User/do_login
INFO: [ app_init ] --START--
INFO: Run Behavior\BuildLiteBehavior [ RunTime:0.000041s ]
INFO: [ app_init ] --END-- [ RunTime:0.002144s ]
INFO: [ app_begin ] --START--
INFO: Run Behavior\ReadHtmlCacheBehavior [ RunTime:0.001808s ]
INFO: [ app_begin ] --END-- [ RunTime:0.001920s ]
SQL: SHOW COLUMNS FROM `user` [ RunTime:0.0112s ]
SQL: SELECT * FROM `user` WHERE `user_Account` = 'xufengnian' LIMIT 1   [ RunTime:0.0006s ]
SQL: UPDATE `user` SET `user_StateName`='在线' WHERE ( user_Id = 1 ) [ RunTime:0.0002s ]

[ 2019-05-11T18:52:14+08:00 ] ::1 /thinkphpCC/index.php/Home/User/do_login
INFO: [ app_init ] --START--
INFO: Run Behavior\BuildLiteBehavior [ RunTime:0.000033s ]
INFO: [ app_init ] --END-- [ RunTime:0.001160s ]
INFO: [ app_begin ] --START--
INFO: Run Behavior\ReadHtmlCacheBehavior [ RunTime:0.002714s ]
INFO: [ app_begin ] --END-- [ RunTime:0.002870s ]
SQL: SHOW COLUMNS FROM `user` [ RunTime:0.0124s ]
SQL: SELECT * FROM `user` WHERE `user_Account` = 'xufengnian' LIMIT 1   [ RunTime:0.0009s ]
SQL: UPDATE `user` SET `user_StateName`='在线' WHERE ( user_Id = 1 ) [ RunTime:0.0007s ]

[ 2019-05-11T18:52:15+08:00 ] ::1 /thinkphpCC/index.php/Home/User/do_login
INFO: [ app_init ] --START--
INFO: Run Behavior\BuildLiteBehavior [ RunTime:0.000027s ]
INFO: [ app_init ] --END-- [ RunTime:0.001138s ]
INFO: [ app_begin ] --START--
INFO: Run Behavior\ReadHtmlCacheBehavior [ RunTime:0.001908s ]
INFO: [ app_begin ] --END-- [ RunTime:0.002079s ]
SQL: SHOW COLUMNS FROM `user` [ RunTime:0.0130s ]
SQL: SELECT * FROM `user` WHERE `user_Account` = 'xufengnian' LIMIT 1   [ RunTime:0.0006s ]
SQL: UPDATE `user` SET `user_StateName`='在线' WHERE ( user_Id = 1 ) [ RunTime:0.0004s ]

[ 2019-05-11T18:52:16+08:00 ] ::1 /thinkphpCC/index.php/Home/User/do_login
INFO: [ app_init ] --START--
INFO: Run Behavior\BuildLiteBehavior [ RunTime:0.000042s ]
INFO: [ app_init ] --END-- [ RunTime:0.001899s ]
INFO: [ app_begin ] --START--
INFO: Run Behavior\ReadHtmlCacheBehavior [ RunTime:0.001199s ]
INFO: [ app_begin ] --END-- [ RunTime:0.001292s ]
SQL: SHOW COLUMNS FROM `user` [ RunTime:0.0215s ]
SQL: SELECT * FROM `user` WHERE `user_Account` = 'xufengnian' LIMIT 1   [ RunTime:0.0007s ]
SQL: UPDATE `user` SET `user_StateName`='在线' WHERE ( user_Id = 1 ) [ RunTime:0.0003s ]

[ 2019-05-11T18:52:17+08:00 ] ::1 /thinkphpCC/index.php/Home/User/do_login
INFO: [ app_init ] --START--
INFO: Run Behavior\BuildLiteBehavior [ RunTime:0.000025s ]
INFO: [ app_init ] --END-- [ RunTime:0.001234s ]
INFO: [ app_begin ] --START--
INFO: Run Behavior\ReadHtmlCacheBehavior [ RunTime:0.001644s ]
INFO: [ app_begin ] --END-- [ RunTime:0.001772s ]
SQL: SHOW COLUMNS FROM `user` [ RunTime:0.0117s ]
SQL: SELECT * FROM `user` WHERE `user_Account` = 'xufengnian' LIMIT 1   [ RunTime:0.0009s ]
SQL: UPDATE `user` SET `user_StateName`='在线' WHERE ( user_Id = 1 ) [ RunTime:0.0008s ]

[ 2019-05-11T18:52:18+08:00 ] ::1 /thinkphpCC/index.php/Home/User/do_login
INFO: [ app_init ] --START--
INFO: Run Behavior\BuildLiteBehavior [ RunTime:0.000040s ]
INFO: [ app_init ] --END-- [ RunTime:0.002017s ]
INFO: [ app_begin ] --START--
INFO: Run Behavior\ReadHtmlCacheBehavior [ RunTime:0.002532s ]
INFO: [ app_begin ] --END-- [ RunTime:0.002672s ]
SQL: SHOW COLUMNS FROM `user` [ RunTime:0.0097s ]
SQL: SELECT * FROM `user` WHERE `user_Account` = 'xufengnian' LIMIT 1   [ RunTime:0.0012s ]
SQL: UPDATE `user` SET `user_StateName`='在线' WHERE ( user_Id = 1 ) [ RunTime:0.0006s ]

[ 2019-05-11T18:52:19+08:00 ] ::1 /thinkphpCC/index.php/Home/User/do_login
INFO: [ app_init ] --START--
INFO: Run Behavior\BuildLiteBehavior [ RunTime:0.000022s ]
INFO: [ app_init ] --END-- [ RunTime:0.001051s ]
INFO: [ app_begin ] --START--
INFO: Run Behavior\ReadHtmlCacheBehavior [ RunTime:0.002395s ]
INFO: [ app_begin ] --END-- [ RunTime:0.002580s ]
SQL: SHOW COLUMNS FROM `user` [ RunTime:0.0125s ]
SQL: SELECT * FROM `user` WHERE `user_Account` = 'xufengnian' LIMIT 1   [ RunTime:0.0007s ]
SQL: UPDATE `user` SET `user_StateName`='在线' WHERE ( user_Id = 1 ) [ RunTime:0.0007s ]

[ 2019-05-11T18:52:20+08:00 ] ::1 /thinkphpCC/index.php/Home/User/do_login
INFO: [ app_init ] --START--
INFO: Run Behavior\BuildLiteBehavior [ RunTime:0.000034s ]
INFO: [ app_init ] --END-- [ RunTime:0.003082s ]
INFO: [ app_begin ] --START--
INFO: Run Behavior\ReadHtmlCacheBehavior [ RunTime:0.001643s ]
INFO: [ app_begin ] --END-- [ RunTime:0.001746s ]
SQL: SHOW COLUMNS FROM `user` [ RunTime:0.0109s ]
SQL: SELECT * FROM `user` WHERE `user_Account` = 'xufengnian' LIMIT 1   [ RunTime:0.0005s ]
SQL: UPDATE `user` SET `user_StateName`='在线' WHERE ( user_Id = 1 ) [ RunTime:0.0006s ]

[ 2019-05-11T18:52:21+08:00 ] ::1 /thinkphpCC/index.php/Home/User/do_login
INFO: [ app_init ] --START--
INFO: Run Behavior\BuildLiteBehavior [ RunTime:0.000062s ]
INFO: [ app_init ] --END-- [ RunTime:0.001191s ]
INFO: [ app_begin ] --START--
INFO: Run Behavior\ReadHtmlCacheBehavior [ RunTime:0.002964s ]
INFO: [ app_begin ] --END-- [ RunTime:0.003133s ]
SQL: SHOW COLUMNS FROM `user` [ RunTime:0.0107s ]
SQL: SELECT * FROM `user` WHERE `user_Account` = 'xufengnian' LIMIT 1   [ RunTime:0.0008s ]
SQL: UPDATE `user` SET `user_StateName`='在线' WHERE ( user_Id = 1 ) [ RunTime:0.0007s ]

[ 2019-05-11T18:52:22+08:00 ] ::1 /thinkphpCC/index.php/Home/User/do_login
INFO: [ app_init ] --START--
INFO: Run Behavior\BuildLiteBehavior [ RunTime:0.000100s ]
INFO: [ app_init ] --END-- [ RunTime:0.001926s ]
INFO: [ app_begin ] --START--
INFO: Run Behavior\ReadHtmlCacheBehavior [ RunTime:0.002127s ]
INFO: [ app_begin ] --END-- [ RunTime:0.002267s ]
SQL: SHOW COLUMNS FROM `user` [ RunTime:0.0103s ]
SQL: SELECT * FROM `user` WHERE `user_Account` = 'xufengnian' LIMIT 1   [ RunTime:0.0006s ]
SQL: UPDATE `user` SET `user_StateName`='在线' WHERE ( user_Id = 1 ) [ RunTime:0.0007s ]

[ 2019-05-11T18:52:23+08:00 ] ::1 /thinkphpCC/index.php/Home/User/do_login
INFO: [ app_init ] --START--
INFO: Run Behavior\BuildLiteBehavior [ RunTime:0.000032s ]
INFO: [ app_init ] --END-- [ RunTime:0.001382s ]
INFO: [ app_begin ] --START--
INFO: Run Behavior\ReadHtmlCacheBehavior [ RunTime:0.002680s ]
INFO: [ app_begin ] --END-- [ RunTime:0.002816s ]
SQL: SHOW COLUMNS FROM `user` [ RunTime:0.0131s ]
SQL: SELECT * FROM `user` WHERE `user_Account` = 'xufengnian' LIMIT 1   [ RunTime:0.0019s ]
SQL: UPDATE `user` SET `user_StateName`='在线' WHERE ( user_Id = 1 ) [ RunTime:0.0006s ]

[ 2019-05-11T18:52:24+08:00 ] ::1 /thinkphpCC/index.php/Home/User/do_login
INFO: [ app_init ] --START--
INFO: Run Behavior\BuildLiteBehavior [ RunTime:0.000034s ]
INFO: [ app_init ] --END-- [ RunTime:0.002323s ]
INFO: [ app_begin ] --START--
INFO: Run Behavior\ReadHtmlCacheBehavior [ RunTime:0.002996s ]
INFO: [ app_begin ] --END-- [ RunTime:0.003588s ]
SQL: SHOW COLUMNS FROM `user` [ RunTime:0.0199s ]
SQL: SELECT * FROM `user` WHERE `user_Account` = 'xufengnian' LIMIT 1   [ RunTime:0.0006s ]
SQL: UPDATE `user` SET `user_StateName`='在线' WHERE ( user_Id = 1 ) [ RunTime:0.0002s ]

[ 2019-05-11T18:52:25+08:00 ] ::1 /thinkphpCC/index.php/Home/User/do_login
INFO: [ app_init ] --START--
INFO: Run Behavior\BuildLiteBehavior [ RunTime:0.000034s ]
INFO: [ app_init ] --END-- [ RunTime:0.006492s ]
INFO: [ app_begin ] --START--
INFO: Run Behavior\ReadHtmlCacheBehavior [ RunTime:0.005163s ]
INFO: [ app_begin ] --END-- [ RunTime:0.005337s ]
SQL: SHOW COLUMNS FROM `user` [ RunTime:0.0124s ]
SQL: SELECT * FROM `user` WHERE `user_Account` = 'xufengnian' LIMIT 1   [ RunTime:0.0007s ]
SQL: UPDATE `user` SET `user_StateName`='在线' WHERE ( user_Id = 1 ) [ RunTime:0.0003s ]

[ 2019-05-11T18:52:26+08:00 ] ::1 /thinkphpCC/index.php/Home/User/do_login
INFO: [ app_init ] --START--
INFO: Run Behavior\BuildLiteBehavior [ RunTime:0.000031s ]
INFO: [ app_init ] --END-- [ RunTime:0.002081s ]
INFO: [ app_begin ] --START--
INFO: Run Behavior\ReadHtmlCacheBehavior [ RunTime:0.001789s ]
INFO: [ app_begin ] --END-- [ RunTime:0.001907s ]
SQL: SHOW COLUMNS FROM `user` [ RunTime:0.0209s ]
SQL: SELECT * FROM `user` WHERE `user_Account` = 'xufengnian' LIMIT 1   [ RunTime:0.0007s ]
SQL: UPDATE `user` SET `user_StateName`='在线' WHERE ( user_Id = 1 ) [ RunTime:0.0004s ]

[ 2019-05-11T18:52:27+08:00 ] ::1 /thinkphpCC/index.php/Home/User/do_login
INFO: [ app_init ] --START--
INFO: Run Behavior\BuildLiteBehavior [ RunTime:0.000040s ]
INFO: [ app_init ] --END-- [ RunTime:0.003164s ]
INFO: [ app_begin ] --START--
INFO: Run Behavior\ReadHtmlCacheBehavior [ RunTime:0.001843s ]
INFO: [ app_begin ] --END-- [ RunTime:0.001990s ]
SQL: SHOW COLUMNS FROM `user` [ RunTime:0.0109s ]
SQL: SELECT * FROM `user` WHERE `user_Account` = 'xufengnian' LIMIT 1   [ RunTime:0.0013s ]
SQL: UPDATE `user` SET `user_StateName`='在线' WHERE ( user_Id = 1 ) [ RunTime:0.0007s ]

[ 2019-05-11T18:52:28+08:00 ] ::1 /thinkphpCC/index.php/Home/User/do_login
INFO: [ app_init ] --START--
INFO: Run Behavior\BuildLiteBehavior [ RunTime:0.000037s ]
INFO: [ app_init ] --END-- [ RunTime:0.001433s ]
INFO: [ app_begin ] --START--
INFO: Run Behavior\ReadHtmlCacheBehavior [ RunTime:0.008001s ]
INFO: [ app_begin ] --END-- [ RunTime:0.008174s ]
SQL: SHOW COLUMNS FROM `user` [ RunTime:0.0187s ]
SQL: SELECT * FROM `user` WHERE `user_Account` = 'xufengnian' LIMIT 1   [ RunTime:0.0006s ]
SQL: UPDATE `user` SET `user_StateName`='在线' WHERE ( user_Id = 1 ) [ RunTime:0.0002s ]

[ 2019-05-11T18:52:29+08:00 ] ::1 /thinkphpCC/index.php/Home/User/do_login
INFO: [ app_init ] --START--
INFO: Run Behavior\BuildLiteBehavior [ RunTime:0.000034s ]
INFO: [ app_init ] --END-- [ RunTime:0.006380s ]
INFO: [ app_begin ] --START--
INFO: Run Behavior\ReadHtmlCacheBehavior [ RunTime:0.002089s ]
INFO: [ app_begin ] --END-- [ RunTime:0.002249s ]
SQL: SHOW COLUMNS FROM `user` [ RunTime:0.0152s ]
SQL: SELECT * FROM `user` WHERE `user_Account` = 'xufengnian' LIMIT 1   [ RunTime:0.0005s ]
SQL: UPDATE `user` SET `user_StateName`='在线' WHERE ( user_Id = 1 ) [ RunTime:0.0003s ]

[ 2019-05-11T18:52:31+08:00 ] ::1 /thinkphpCC/index.php/Home/User/do_login
INFO: [ app_init ] --START--
INFO: Run Behavior\BuildLiteBehavior [ RunTime:0.000031s ]
INFO: [ app_init ] --END-- [ RunTime:0.001767s ]
INFO: [ app_begin ] --START--
INFO: Run Behavior\ReadHtmlCacheBehavior [ RunTime:0.001766s ]
INFO: [ app_begin ] --END-- [ RunTime:0.001883s ]
SQL: SHOW COLUMNS FROM `user` [ RunTime:0.0112s ]
SQL: SELECT * FROM `user` WHERE `user_Account` = 'xufengnian' LIMIT 1   [ RunTime:0.0006s ]
SQL: UPDATE `user` SET `user_StateName`='在线' WHERE ( user_Id = 1 ) [ RunTime:0.0004s ]

[ 2019-05-11T18:52:32+08:00 ] ::1 /thinkphpCC/index.php/Home/User/do_login
INFO: [ app_init ] --START--
INFO: Run Behavior\BuildLiteBehavior [ RunTime:0.000021s ]
INFO: [ app_init ] --END-- [ RunTime:0.000815s ]
INFO: [ app_begin ] --START--
INFO: Run Behavior\ReadHtmlCacheBehavior [ RunTime:0.001210s ]
INFO: [ app_begin ] --END-- [ RunTime:0.001296s ]
SQL: SHOW COLUMNS FROM `user` [ RunTime:0.0129s ]
SQL: SELECT * FROM `user` WHERE `user_Account` = 'xufengnian' LIMIT 1   [ RunTime:0.0009s ]
SQL: UPDATE `user` SET `user_StateName`='在线' WHERE ( user_Id = 1 ) [ RunTime:0.0007s ]

[ 2019-05-11T18:52:33+08:00 ] ::1 /thinkphpCC/index.php/Home/User/do_login
INFO: [ app_init ] --START--
INFO: Run Behavior\BuildLiteBehavior [ RunTime:0.000022s ]
INFO: [ app_init ] --END-- [ RunTime:0.001074s ]
INFO: [ app_begin ] --START--
INFO: Run Behavior\ReadHtmlCacheBehavior [ RunTime:0.001413s ]
INFO: [ app_begin ] --END-- [ RunTime:0.001515s ]
SQL: SHOW COLUMNS FROM `user` [ RunTime:0.0097s ]
SQL: SELECT * FROM `user` WHERE `user_Account` = 'xufengnian' LIMIT 1   [ RunTime:0.0007s ]
SQL: UPDATE `user` SET `user_StateName`='在线' WHERE ( user_Id = 1 ) [ RunTime:0.0005s ]

[ 2019-05-11T18:52:34+08:00 ] ::1 /thinkphpCC/index.php/Home/User/do_login
INFO: [ app_init ] --START--
INFO: Run Behavior\BuildLiteBehavior [ RunTime:0.000020s ]
INFO: [ app_init ] --END-- [ RunTime:0.000821s ]
INFO: [ app_begin ] --START--
INFO: Run Behavior\ReadHtmlCacheBehavior [ RunTime:0.002576s ]
INFO: [ app_begin ] --END-- [ RunTime:0.002712s ]
SQL: SHOW COLUMNS FROM `user` [ RunTime:0.0102s ]
SQL: SELECT * FROM `user` WHERE `user_Account` = 'asd' LIMIT 1   [ RunTime:0.0005s ]
INFO: [ view_parse ] --START--
INFO: [ template_filter ] --START--
INFO: Run Behavior\ContentReplaceBehavior [ RunTime:0.000074s ]
INFO: [ template_filter ] --END-- [ RunTime:0.000168s ]
INFO: Run Behavior\ParseTemplateBehavior [ RunTime:0.012631s ]
INFO: [ view_parse ] --END-- [ RunTime:0.012719s ]
INFO: [ view_filter ] --START--
INFO: Run Behavior\WriteHtmlCacheBehavior [ RunTime:0.000906s ]
INFO: [ view_filter ] --END-- [ RunTime:0.000973s ]

[ 2019-05-11T18:52:35+08:00 ] ::1 /thinkphpCC/index.php/Home/User/do_login
INFO: [ app_init ] --START--
INFO: Run Behavior\BuildLiteBehavior [ RunTime:0.000027s ]
INFO: [ app_init ] --END-- [ RunTime:0.000994s ]
INFO: [ app_begin ] --START--
INFO: Run Behavior\ReadHtmlCacheBehavior [ RunTime:0.001316s ]
INFO: [ app_begin ] --END-- [ RunTime:0.001424s ]
SQL: SHOW COLUMNS FROM `user` [ RunTime:0.0119s ]
SQL: SELECT * FROM `user` WHERE `user_Account` = 'asd' LIMIT 1   [ RunTime:0.0008s ]
INFO: [ view_parse ] --START--
INFO: [ template_filter ] --START--
INFO: Run Behavior\ContentReplaceBehavior [ RunTime:0.000090s ]
INFO: [ template_filter ] --END-- [ RunTime:0.000193s ]
INFO: Run Behavior\ParseTemplateBehavior [ RunTime:0.014617s ]
INFO: [ view_parse ] --END-- [ RunTime:0.014771s ]
INFO: [ view_filter ] --START--
INFO: Run Behavior\WriteHtmlCacheBehavior [ RunTime:0.002176s ]
INFO: [ view_filter ] --END-- [ RunTime:0.002277s ]

[ 2019-05-11T18:52:36+08:00 ] ::1 /thinkphpCC/index.php/Home/User/do_login
INFO: [ app_init ] --START--
INFO: Run Behavior\BuildLiteBehavior [ RunTime:0.000020s ]
INFO: [ app_init ] --END-- [ RunTime:0.000884s ]
INFO: [ app_begin ] --START--
INFO: Run Behavior\ReadHtmlCacheBehavior [ RunTime:0.001941s ]
INFO: [ app_begin ] --END-- [ RunTime:0.002087s ]
SQL: SHOW COLUMNS FROM `user` [ RunTime:0.0158s ]
SQL: SELECT * FROM `user` WHERE `user_Account` = 'asdf' LIMIT 1   [ RunTime:0.0005s ]
INFO: [ view_parse ] --START--
INFO: [ template_filter ] --START--
INFO: Run Behavior\ContentReplaceBehavior [ RunTime:0.000093s ]
INFO: [ template_filter ] --END-- [ RunTime:0.000211s ]
INFO: Run Behavior\ParseTemplateBehavior [ RunTime:0.013692s ]
INFO: [ view_parse ] --END-- [ RunTime:0.013870s ]
INFO: [ view_filter ] --START--
INFO: Run Behavior\WriteHtmlCacheBehavior [ RunTime:0.002322s ]
INFO: [ view_filter ] --END-- [ RunTime:0.002446s ]

[ 2019-05-11T18:52:37+08:00 ] ::1 /thinkphpCC/index.php/Home/User/do_login
INFO: [ app_init ] --START--
INFO: Run Behavior\BuildLiteBehavior [ RunTime:0.000021s ]
INFO: [ app_init ] --END-- [ RunTime:0.000854s ]
INFO: [ app_begin ] --START--
INFO: Run Behavior\ReadHtmlCacheBehavior [ RunTime:0.002489s ]
INFO: [ app_begin ] --END-- [ RunTime:0.002724s ]
SQL: SHOW COLUMNS FROM `user` [ RunTime:0.0136s ]
SQL: SELECT * FROM `user` WHERE `user_Account` = 'asdf' LIMIT 1   [ RunTime:0.0009s ]
INFO: [ view_parse ] --START--
INFO: [ template_filter ] --START--
INFO: Run Behavior\ContentReplaceBehavior [ RunTime:0.000085s ]
INFO: [ template_filter ] --END-- [ RunTime:0.000189s ]
INFO: Run Behavior\ParseTemplateBehavior [ RunTime:0.013712s ]
INFO: [ view_parse ] --END-- [ RunTime:0.013881s ]
INFO: [ view_filter ] --START--
INFO: Run Behavior\WriteHtmlCacheBehavior [ RunTime:0.002078s ]
INFO: [ view_filter ] --END-- [ RunTime:0.002207s ]

[ 2019-05-11T18:52:38+08:00 ] ::1 /thinkphpCC/index.php/Home/User/do_login
INFO: [ app_init ] --START--
INFO: Run Behavior\BuildLiteBehavior [ RunTime:0.000026s ]
INFO: [ app_init ] --END-- [ RunTime:0.001335s ]
INFO: [ app_begin ] --START--
INFO: Run Behavior\ReadHtmlCacheBehavior [ RunTime:0.002107s ]
INFO: [ app_begin ] --END-- [ RunTime:0.002261s ]
SQL: SHOW COLUMNS FROM `user` [ RunTime:0.0119s ]
SQL: SELECT * FROM `user` WHERE `user_Account` = 'asdf' LIMIT 1   [ RunTime:0.0005s ]
INFO: [ view_parse ] --START--
INFO: [ template_filter ] --START--
INFO: Run Behavior\ContentReplaceBehavior [ RunTime:0.000093s ]
INFO: [ template_filter ] --END-- [ RunTime:0.000201s ]
INFO: Run Behavior\ParseTemplateBehavior [ RunTime:0.019333s ]
INFO: [ view_parse ] --END-- [ RunTime:0.019548s ]
INFO: [ view_filter ] --START--
INFO: Run Behavior\WriteHtmlCacheBehavior [ RunTime:0.002671s ]
INFO: [ view_filter ] --END-- [ RunTime:0.002798s ]

[ 2019-05-11T18:52:39+08:00 ] ::1 /thinkphpCC/index.php/Home/User/do_login
INFO: [ app_init ] --START--
INFO: Run Behavior\BuildLiteBehavior [ RunTime:0.000026s ]
INFO: [ app_init ] --END-- [ RunTime:0.000987s ]
INFO: [ app_begin ] --START--
INFO: Run Behavior\ReadHtmlCacheBehavior [ RunTime:0.002060s ]
INFO: [ app_begin ] --END-- [ RunTime:0.002236s ]
SQL: SHOW COLUMNS FROM `user` [ RunTime:0.0104s ]
SQL: SELECT * FROM `user` WHERE `user_Account` = 'asdf' LIMIT 1   [ RunTime:0.0005s ]
INFO: [ view_parse ] --START--
INFO: [ template_filter ] --START--
INFO: Run Behavior\ContentReplaceBehavior [ RunTime:0.000084s ]
INFO: [ template_filter ] --END-- [ RunTime:0.000185s ]
INFO: Run Behavior\ParseTemplateBehavior [ RunTime:0.030754s ]
INFO: [ view_parse ] --END-- [ RunTime:0.030926s ]
INFO: [ view_filter ] --START--
INFO: Run Behavior\WriteHtmlCacheBehavior [ RunTime:0.001960s ]
INFO: [ view_filter ] --END-- [ RunTime:0.002069s ]

[ 2019-05-11T18:52:40+08:00 ] ::1 /thinkphpCC/index.php/Home/User/do_login
INFO: [ app_init ] --START--
INFO: Run Behavior\BuildLiteBehavior [ RunTime:0.000022s ]
INFO: [ app_init ] --END-- [ RunTime:0.000890s ]
INFO: [ app_begin ] --START--
INFO: Run Behavior\ReadHtmlCacheBehavior [ RunTime:0.001625s ]
INFO: [ app_begin ] --END-- [ RunTime:0.001787s ]
SQL: SHOW COLUMNS FROM `user` [ RunTime:0.0090s ]
SQL: SELECT * FROM `user` WHERE `user_Account` = 'asdf' LIMIT 1   [ RunTime:0.0005s ]
INFO: [ view_parse ] --START--
INFO: [ template_filter ] --START--
INFO: Run Behavior\ContentReplaceBehavior [ RunTime:0.000075s ]
INFO: [ template_filter ] --END-- [ RunTime:0.000170s ]
INFO: Run Behavior\ParseTemplateBehavior [ RunTime:0.012952s ]
INFO: [ view_parse ] --END-- [ RunTime:0.013065s ]
INFO: [ view_filter ] --START--
INFO: Run Behavior\WriteHtmlCacheBehavior [ RunTime:0.001630s ]
INFO: [ view_filter ] --END-- [ RunTime:0.001745s ]

[ 2019-05-11T18:52:41+08:00 ] ::1 /thinkphpCC/index.php/Home/User/do_login
INFO: [ app_init ] --START--
INFO: Run Behavior\BuildLiteBehavior [ RunTime:0.000021s ]
INFO: [ app_init ] --END-- [ RunTime:0.000852s ]
INFO: [ app_begin ] --START--
INFO: Run Behavior\ReadHtmlCacheBehavior [ RunTime:0.002620s ]
INFO: [ app_begin ] --END-- [ RunTime:0.002767s ]
SQL: SHOW COLUMNS FROM `user` [ RunTime:0.0123s ]
SQL: SELECT * FROM `user` WHERE `user_Account` = 'asdf' LIMIT 1   [ RunTime:0.0007s ]
INFO: [ view_parse ] --START--
INFO: [ template_filter ] --START--
INFO: Run Behavior\ContentReplaceBehavior [ RunTime:0.000078s ]
INFO: [ template_filter ] --END-- [ RunTime:0.000174s ]
INFO: Run Behavior\ParseTemplateBehavior [ RunTime:0.014134s ]
INFO: [ view_parse ] --END-- [ RunTime:0.014248s ]
INFO: [ view_filter ] --START--
INFO: Run Behavior\WriteHtmlCacheBehavior [ RunTime:0.001877s ]
INFO: [ view_filter ] --END-- [ RunTime:0.001978s ]

[ 2019-05-11T23:32:56+08:00 ] ::1 /thinkphpCC/
INFO: [ app_init ] --START--
INFO: Run Behavior\BuildLiteBehavior [ RunTime:0.000026s ]
INFO: [ app_init ] --END-- [ RunTime:0.001879s ]
INFO: [ app_begin ] --START--
INFO: Run Behavior\ReadHtmlCacheBehavior [ RunTime:0.002430s ]
INFO: [ app_begin ] --END-- [ RunTime:0.002540s ]
INFO: [ view_parse ] --START--
INFO: [ template_filter ] --START--
INFO: Run Behavior\ContentReplaceBehavior [ RunTime:0.000093s ]
INFO: [ template_filter ] --END-- [ RunTime:0.000191s ]
INFO: Run Behavior\ParseTemplateBehavior [ RunTime:0.031990s ]
INFO: [ view_parse ] --END-- [ RunTime:0.032111s ]
INFO: [ view_filter ] --START--
INFO: Run Behavior\WriteHtmlCacheBehavior [ RunTime:0.001628s ]
INFO: [ view_filter ] --END-- [ RunTime:0.001728s ]
INFO: [ app_end ] --START--
INFO: Run Behavior\ShowPageTraceBehavior [ RunTime:0.003051s ]
INFO: [ app_end ] --END-- [ RunTime:0.003156s ]

[ 2019-05-11T23:33:00+08:00 ] ::1 /thinkphpCC/index.php/Home/User/do_login
INFO: [ app_init ] --START--
INFO: Run Behavior\BuildLiteBehavior [ RunTime:0.000113s ]
INFO: [ app_init ] --END-- [ RunTime:0.003049s ]
INFO: [ app_begin ] --START--
INFO: Run Behavior\ReadHtmlCacheBehavior [ RunTime:0.001332s ]
INFO: [ app_begin ] --END-- [ RunTime:0.001441s ]
SQL: SHOW COLUMNS FROM `user` [ RunTime:0.0622s ]
SQL: SELECT * FROM `user` WHERE `user_Account` = 'asdf' LIMIT 1   [ RunTime:0.0096s ]
INFO: [ view_parse ] --START--
INFO: [ template_filter ] --START--
INFO: Run Behavior\ContentReplaceBehavior [ RunTime:0.000077s ]
INFO: [ template_filter ] --END-- [ RunTime:0.000168s ]
INFO: Run Behavior\ParseTemplateBehavior [ RunTime:0.023193s ]
INFO: [ view_parse ] --END-- [ RunTime:0.023323s ]
INFO: [ view_filter ] --START--
INFO: Run Behavior\WriteHtmlCacheBehavior [ RunTime:0.000911s ]
INFO: [ view_filter ] --END-- [ RunTime:0.000980s ]

[ 2019-05-11T23:33:06+08:00 ] ::1 /thinkphpCC/index.php/Home/User/do_login
INFO: [ app_init ] --START--
INFO: Run Behavior\BuildLiteBehavior [ RunTime:0.000031s ]
INFO: [ app_init ] --END-- [ RunTime:0.000947s ]
INFO: [ app_begin ] --START--
INFO: Run Behavior\ReadHtmlCacheBehavior [ RunTime:0.001397s ]
INFO: [ app_begin ] --END-- [ RunTime:0.001498s ]
SQL: SHOW COLUMNS FROM `user` [ RunTime:0.0101s ]
SQL: SELECT * FROM `user` WHERE `user_Account` = 'xufengnian' LIMIT 1   [ RunTime:0.0007s ]
SQL: UPDATE `user` SET `user_StateName`='在线' WHERE ( user_Id = 1 ) [ RunTime:0.0009s ]

[ 2019-05-11T23:33:08+08:00 ] ::1 /thinkphpCC/index.php/Home/Main/main.html
INFO: [ app_init ] --START--
INFO: Run Behavior\BuildLiteBehavior [ RunTime:0.000022s ]
INFO: [ app_init ] --END-- [ RunTime:0.000885s ]
INFO: [ app_begin ] --START--
INFO: Run Behavior\ReadHtmlCacheBehavior [ RunTime:0.001185s ]
INFO: [ app_begin ] --END-- [ RunTime:0.001270s ]
SQL: SHOW COLUMNS FROM `user` [ RunTime:0.0113s ]
SQL: SHOW COLUMNS FROM `friends` [ RunTime:0.0181s ]
SQL: SELECT User.user_Account AS user_Account,User.user_Nickname AS user_Nickname,User.user_Mail AS user_Mail,User.user_Phone AS user_Phone,User.user_StateName AS user_StateName,Friends.user_Id AS user_Id,Friends.friend_Remark AS friend_Remark,Friends.friend_GroupId AS friend_GroupId,Friends.friend_Id AS friend_Id FROM user User  JOIN friends Friends ON User.user_Id = Friends.friend_Id WHERE ( friends.user_Id = 1 ) ORDER BY User.user_StateName ASC,user_NickName ASC  [ RunTime:0.0015s ]
SQL: SHOW COLUMNS FROM `chat_group_members` [ RunTime:0.0190s ]
SQL: SELECT `cgm_groupId` FROM `chat_group_members` WHERE ( cgm_UserId = 1 )  [ RunTime:0.0008s ]
SQL: SHOW COLUMNS FROM `chat_groups` [ RunTime:0.0205s ]
SQL: SELECT * FROM `chat_groups` WHERE ( cg_Id in (10016,10027) )  [ RunTime:0.0009s ]
SQL: SHOW COLUMNS FROM `user` [ RunTime:0.0093s ]
SQL: SELECT * FROM `user` WHERE ( user_Id = 1 ) LIMIT 1   [ RunTime:0.0004s ]
SQL: SHOW COLUMNS FROM `messages` [ RunTime:0.0211s ]
SQL: SELECT * FROM `messages` WHERE ( msg_FromUserId = 1 ) GROUP BY msg_ToUserId ORDER BY msg_Time LIMIT 10   [ RunTime:0.0099s ]
SQL: SELECT * FROM `user` WHERE ( user_Id='5' )  [ RunTime:0.0006s ]
SQL: SELECT * FROM `user` WHERE ( user_Id='2' )  [ RunTime:0.0005s ]
SQL: SELECT * FROM `user` WHERE ( user_Id='6' )  [ RunTime:0.0003s ]
SQL: SELECT * FROM `user` WHERE ( user_Id='3' )  [ RunTime:0.0002s ]
SQL: SELECT * FROM `user` WHERE ( user_Id='7' )  [ RunTime:0.0003s ]
SQL: SELECT * FROM `user` WHERE ( user_Id='4' )  [ RunTime:0.0007s ]
INFO: [ view_parse ] --START--
INFO: [ template_filter ] --START--
INFO: Run Behavior\ContentReplaceBehavior [ RunTime:0.000151s ]
INFO: [ template_filter ] --END-- [ RunTime:0.000285s ]
INFO: Run Behavior\ParseTemplateBehavior [ RunTime:0.034513s ]
INFO: [ view_parse ] --END-- [ RunTime:0.034686s ]
INFO: [ view_filter ] --START--
INFO: Run Behavior\WriteHtmlCacheBehavior [ RunTime:0.001224s ]
INFO: [ view_filter ] --END-- [ RunTime:0.001329s ]
INFO: [ app_end ] --START--
INFO: Run Behavior\ShowPageTraceBehavior [ RunTime:0.002409s ]
INFO: [ app_end ] --END-- [ RunTime:0.002585s ]

[ 2019-05-11T23:33:12+08:00 ] ::1 /thinkphpCC/index.php/Home/Main/friendChat?id=5
INFO: [ app_init ] --START--
INFO: Run Behavior\BuildLiteBehavior [ RunTime:0.000022s ]
INFO: [ app_init ] --END-- [ RunTime:0.000791s ]
INFO: [ app_begin ] --START--
INFO: Run Behavior\ReadHtmlCacheBehavior [ RunTime:0.001143s ]
INFO: [ app_begin ] --END-- [ RunTime:0.001224s ]
SQL: SHOW COLUMNS FROM `user` [ RunTime:0.0090s ]
SQL: SELECT * FROM `user` WHERE ( user_Id='5' )  [ RunTime:0.0004s ]
SQL: SHOW COLUMNS FROM `friends` [ RunTime:0.0096s ]
SQL: SELECT `friend_remark` FROM `friends` WHERE ( friend_Id=5 and user_Id = 1 ) LIMIT 1   [ RunTime:0.0005s ]
SQL: SHOW COLUMNS FROM `messages` [ RunTime:0.0100s ]
SQL: SELECT * FROM `messages` WHERE ( (msg_FromUserId = 1 and msg_ToUserId = 5) or (msg_FromUserId = 5 and msg_ToUserId = 1) ) ORDER BY msg_Time asc LIMIT 6   [ RunTime:0.0006s ]
INFO: [ view_parse ] --START--
INFO: [ template_filter ] --START--
INFO: Run Behavior\ContentReplaceBehavior [ RunTime:0.000106s ]
INFO: [ template_filter ] --END-- [ RunTime:0.000209s ]
NOTIC: [8] Undefined variable: page D:\phpStudy\WWW\thinkphpCC\Application\Runtime\Cache\Home\969e7afcae76f4f6d7b943bcc9837976.php 第 90 行.
INFO: Run Behavior\ParseTemplateBehavior [ RunTime:0.030393s ]
INFO: [ view_parse ] --END-- [ RunTime:0.030504s ]
INFO: [ view_filter ] --START--
INFO: Run Behavior\WriteHtmlCacheBehavior [ RunTime:0.000926s ]
INFO: [ view_filter ] --END-- [ RunTime:0.000997s ]
INFO: [ app_end ] --START--
INFO: Run Behavior\ShowPageTraceBehavior [ RunTime:0.001156s ]
INFO: [ app_end ] --END-- [ RunTime:0.001229s ]

