[ 2019-05-12T00:43:54+08:00 ] ::1 /thinkphpCC/index.php/Home/Main/main
INFO: [ app_init ] --START--
INFO: Run Behavior\BuildLiteBehavior [ RunTime:0.000027s ]
INFO: [ app_init ] --END-- [ RunTime:0.001310s ]
INFO: [ app_begin ] --START--
INFO: Run Behavior\ReadHtmlCacheBehavior [ RunTime:0.002280s ]
INFO: [ app_begin ] --END-- [ RunTime:0.002380s ]
SQL: SHOW COLUMNS FROM `user` [ RunTime:0.0154s ]
SQL: SHOW COLUMNS FROM `friends` [ RunTime:0.0111s ]
SQL: SELECT User.user_Account AS user_Account,User.user_Nickname AS user_Nickname,User.user_Mail AS user_Mail,User.user_Phone AS user_Phone,User.user_StateName AS user_StateName,Friends.user_Id AS user_Id,Friends.friend_Remark AS friend_Remark,Friends.friend_GroupId AS friend_GroupId,Friends.friend_Id AS friend_Id FROM user User  JOIN friends Friends ON User.user_Id = Friends.friend_Id WHERE ( friends.user_Id = 1 ) ORDER BY User.user_StateName ASC,user_NickName ASC  [ RunTime:0.0011s ]
SQL: SHOW COLUMNS FROM `chat_group_members` [ RunTime:0.0117s ]
SQL: SELECT `cgm_groupId` FROM `chat_group_members` WHERE ( cgm_UserId = 1 )  [ RunTime:0.0005s ]
SQL: SHOW COLUMNS FROM `chat_groups` [ RunTime:0.0118s ]
SQL: SELECT * FROM `chat_groups` WHERE ( cg_Id in (10016,10027) )  [ RunTime:0.0006s ]
SQL: SHOW COLUMNS FROM `user` [ RunTime:0.0107s ]
SQL: SELECT * FROM `user` WHERE ( user_Id = 1 ) LIMIT 1   [ RunTime:0.0006s ]
SQL: SHOW COLUMNS FROM `messages` [ RunTime:0.0121s ]
SQL: SELECT * FROM `messages` WHERE ( msg_FromUserId = 1 ) GROUP BY msg_ToUserId ORDER BY msg_Time LIMIT 10   [ RunTime:0.0097s ]
SQL: SELECT * FROM `user` WHERE ( user_Id='5' )  [ RunTime:0.0005s ]
SQL: SELECT * FROM `user` WHERE ( user_Id='2' )  [ RunTime:0.0003s ]
SQL: SELECT * FROM `user` WHERE ( user_Id='6' )  [ RunTime:0.0004s ]
SQL: SELECT * FROM `user` WHERE ( user_Id='3' )  [ RunTime:0.0003s ]
SQL: SELECT * FROM `user` WHERE ( user_Id='7' )  [ RunTime:0.0003s ]
SQL: SELECT * FROM `user` WHERE ( user_Id='4' )  [ RunTime:0.0003s ]
INFO: [ view_parse ] --START--
INFO: [ template_filter ] --START--
INFO: Run Behavior\ContentReplaceBehavior [ RunTime:0.000144s ]
INFO: [ template_filter ] --END-- [ RunTime:0.000275s ]
INFO: Run Behavior\ParseTemplateBehavior [ RunTime:0.021990s ]
INFO: [ view_parse ] --END-- [ RunTime:0.022146s ]
INFO: [ view_filter ] --START--
INFO: Run Behavior\WriteHtmlCacheBehavior [ RunTime:0.001623s ]
INFO: [ view_filter ] --END-- [ RunTime:0.001706s ]
INFO: [ app_end ] --START--
INFO: Run Behavior\ShowPageTraceBehavior [ RunTime:0.005604s ]
INFO: [ app_end ] --END-- [ RunTime:0.006093s ]

[ 2019-05-12T00:43:56+08:00 ] ::1 /thinkphpCC/index.php/Home/ChatGroups/createChatGroup
INFO: [ app_init ] --START--
INFO: Run Behavior\BuildLiteBehavior [ RunTime:0.000028s ]
INFO: [ app_init ] --END-- [ RunTime:0.001528s ]
INFO: [ app_begin ] --START--
INFO: Run Behavior\ReadHtmlCacheBehavior [ RunTime:0.002234s ]
INFO: [ app_begin ] --END-- [ RunTime:0.002411s ]
INFO: [ view_parse ] --START--
INFO: [ template_filter ] --START--
INFO: Run Behavior\ContentReplaceBehavior [ RunTime:0.000186s ]
INFO: [ template_filter ] --END-- [ RunTime:0.000338s ]
INFO: Run Behavior\ParseTemplateBehavior [ RunTime:0.036254s ]
INFO: [ view_parse ] --END-- [ RunTime:0.036411s ]
INFO: [ view_filter ] --START--
INFO: Run Behavior\WriteHtmlCacheBehavior [ RunTime:0.003727s ]
INFO: [ view_filter ] --END-- [ RunTime:0.003836s ]
INFO: [ app_end ] --START--
INFO: Run Behavior\ShowPageTraceBehavior [ RunTime:0.006873s ]
INFO: [ app_end ] --END-- [ RunTime:0.007050s ]

[ 2019-05-12T00:52:48+08:00 ] ::1 /thinkphpCC/index.php/Home/Main/groupChat?id=10016
INFO: [ app_init ] --START--
INFO: Run Behavior\BuildLiteBehavior [ RunTime:0.000022s ]
INFO: [ app_init ] --END-- [ RunTime:0.000973s ]
INFO: [ app_begin ] --START--
INFO: Run Behavior\ReadHtmlCacheBehavior [ RunTime:0.002000s ]
INFO: [ app_begin ] --END-- [ RunTime:0.002105s ]
SQL: SHOW COLUMNS FROM `chat_groups` [ RunTime:0.0132s ]
SQL: SELECT * FROM `chat_groups` WHERE `cg_Id` = 10016 LIMIT 1   [ RunTime:0.0005s ]
SQL: SHOW COLUMNS FROM `user` [ RunTime:0.0107s ]
SQL: SELECT * FROM `user` WHERE ( user_Id = 1 ) LIMIT 1   [ RunTime:0.0008s ]
SQL: SHOW COLUMNS FROM `chat_group_members` [ RunTime:0.0116s ]
SQL: SELECT * FROM `chat_group_members` WHERE `cgm_GroupId` = 10016  [ RunTime:0.0006s ]
SQL: SELECT * FROM `user` WHERE ( user_Id='1' ) LIMIT 1   [ RunTime:0.0006s ]
SQL: SELECT * FROM `user` WHERE ( user_Id='2' ) LIMIT 1   [ RunTime:0.0007s ]
SQL: SELECT * FROM `user` WHERE ( user_Id='3' ) LIMIT 1   [ RunTime:0.0007s ]
SQL: SELECT * FROM `user` WHERE ( user_Id='6' ) LIMIT 1   [ RunTime:0.0007s ]
SQL: SELECT * FROM `chat_groups` WHERE `cg_Id` = 10016 LIMIT 1   [ RunTime:0.0006s ]
SQL: SHOW COLUMNS FROM `chat_group_msg` [ RunTime:0.0329s ]
SQL: SELECT COUNT(*) AS tp_count FROM `chat_group_msg` WHERE ( gm_GroupId = 10016 ) LIMIT 1   [ RunTime:0.0145s ]
SQL: SELECT * FROM `chat_group_msg` WHERE ( gm_GroupId = 10016 ) ORDER BY gm_FromTime asc LIMIT 6   [ RunTime:0.0005s ]
SQL: SELECT * FROM `user` WHERE ( user_Id='4' ) LIMIT 1   [ RunTime:0.0003s ]
SQL: SELECT * FROM `user` WHERE ( user_Id='3' ) LIMIT 1   [ RunTime:0.0002s ]
SQL: SELECT * FROM `user` WHERE ( user_Id='1' ) LIMIT 1   [ RunTime:0.0002s ]
SQL: SELECT * FROM `user` WHERE ( user_Id='1' ) LIMIT 1   [ RunTime:0.0002s ]
SQL: SELECT * FROM `user` WHERE ( user_Id='1' ) LIMIT 1   [ RunTime:0.0003s ]
SQL: SELECT * FROM `user` WHERE ( user_Id='7' ) LIMIT 1   [ RunTime:0.0003s ]
INFO: [ view_parse ] --START--
INFO: [ template_filter ] --START--
INFO: Run Behavior\ContentReplaceBehavior [ RunTime:0.000159s ]
INFO: [ template_filter ] --END-- [ RunTime:0.000257s ]
NOTIC: [8] Undefined variable: page D:\phpStudy\WWW\thinkphpCC\Application\Runtime\Cache\Home\58d895743bfd68afd0850299475559aa.php 第 161 行.
NOTIC: [8] Undefined variable: page D:\phpStudy\WWW\thinkphpCC\Application\Runtime\Cache\Home\58d895743bfd68afd0850299475559aa.php 第 171 行.
NOTIC: [8] Undefined variable: page D:\phpStudy\WWW\thinkphpCC\Application\Runtime\Cache\Home\58d895743bfd68afd0850299475559aa.php 第 179 行.
INFO: Run Behavior\ParseTemplateBehavior [ RunTime:0.056103s ]
INFO: [ view_parse ] --END-- [ RunTime:0.056191s ]
INFO: [ view_filter ] --START--
INFO: Run Behavior\WriteHtmlCacheBehavior [ RunTime:0.001722s ]
INFO: [ view_filter ] --END-- [ RunTime:0.001810s ]
INFO: [ app_end ] --START--
INFO: Run Behavior\ShowPageTraceBehavior [ RunTime:0.004166s ]
INFO: [ app_end ] --END-- [ RunTime:0.004282s ]

[ 2019-05-12T10:47:04+08:00 ] ::1 /thinkphpCC/
INFO: [ app_init ] --START--
INFO: Run Behavior\BuildLiteBehavior [ RunTime:0.000034s ]
INFO: [ app_init ] --END-- [ RunTime:0.002610s ]
INFO: [ app_begin ] --START--
INFO: Run Behavior\ReadHtmlCacheBehavior [ RunTime:0.002609s ]
INFO: [ app_begin ] --END-- [ RunTime:0.002751s ]
INFO: [ view_parse ] --START--
INFO: [ template_filter ] --START--
INFO: Run Behavior\ContentReplaceBehavior [ RunTime:0.000117s ]
INFO: [ template_filter ] --END-- [ RunTime:0.000296s ]
INFO: Run Behavior\ParseTemplateBehavior [ RunTime:0.035436s ]
INFO: [ view_parse ] --END-- [ RunTime:0.035568s ]
INFO: [ view_filter ] --START--
INFO: Run Behavior\WriteHtmlCacheBehavior [ RunTime:0.001651s ]
INFO: [ view_filter ] --END-- [ RunTime:0.001752s ]
INFO: [ app_end ] --START--
INFO: Run Behavior\ShowPageTraceBehavior [ RunTime:0.002586s ]
INFO: [ app_end ] --END-- [ RunTime:0.002694s ]

[ 2019-05-12T10:47:07+08:00 ] ::1 /thinkphpCC/index.php/Home/User/do_login
INFO: [ app_init ] --START--
INFO: Run Behavior\BuildLiteBehavior [ RunTime:0.000030s ]
INFO: [ app_init ] --END-- [ RunTime:0.001167s ]
INFO: [ app_begin ] --START--
INFO: Run Behavior\ReadHtmlCacheBehavior [ RunTime:0.001387s ]
INFO: [ app_begin ] --END-- [ RunTime:0.001532s ]
SQL: SHOW COLUMNS FROM `user` [ RunTime:0.0736s ]
SQL: SELECT * FROM `user` WHERE `user_Account` = 'xufengnian' LIMIT 1   [ RunTime:0.0023s ]
SQL: UPDATE `user` SET `user_StateName`='在线' WHERE ( user_Id = 1 ) [ RunTime:0.0012s ]

[ 2019-05-12T10:47:08+08:00 ] ::1 /thinkphpCC/index.php/Home/Main/main.html
INFO: [ app_init ] --START--
INFO: Run Behavior\BuildLiteBehavior [ RunTime:0.000033s ]
INFO: [ app_init ] --END-- [ RunTime:0.001338s ]
INFO: [ app_begin ] --START--
INFO: Run Behavior\ReadHtmlCacheBehavior [ RunTime:0.002212s ]
INFO: [ app_begin ] --END-- [ RunTime:0.002353s ]
SQL: SHOW COLUMNS FROM `user` [ RunTime:0.0125s ]
SQL: SHOW COLUMNS FROM `friends` [ RunTime:0.0310s ]
SQL: SELECT User.user_Account AS user_Account,User.user_Nickname AS user_Nickname,User.user_Mail AS user_Mail,User.user_Phone AS user_Phone,User.user_StateName AS user_StateName,Friends.user_Id AS user_Id,Friends.friend_Remark AS friend_Remark,Friends.friend_GroupId AS friend_GroupId,Friends.friend_Id AS friend_Id FROM user User  JOIN friends Friends ON User.user_Id = Friends.friend_Id WHERE ( friends.user_Id = 1 ) ORDER BY User.user_StateName ASC,user_NickName ASC  [ RunTime:0.0018s ]
SQL: SHOW COLUMNS FROM `chat_group_members` [ RunTime:0.0283s ]
SQL: SELECT `cgm_groupId` FROM `chat_group_members` WHERE ( cgm_UserId = 1 )  [ RunTime:0.0009s ]
SQL: SHOW COLUMNS FROM `chat_groups` [ RunTime:0.0262s ]
SQL: SELECT * FROM `chat_groups` WHERE ( cg_Id in (10016,10027) )  [ RunTime:0.0011s ]
SQL: SHOW COLUMNS FROM `user` [ RunTime:0.0145s ]
SQL: SELECT * FROM `user` WHERE ( user_Id = 1 ) LIMIT 1   [ RunTime:0.0007s ]
SQL: SHOW COLUMNS FROM `messages` [ RunTime:0.0264s ]
SQL: SELECT * FROM `messages` WHERE ( msg_FromUserId = 1 ) GROUP BY msg_ToUserId ORDER BY msg_Time LIMIT 10   [ RunTime:0.0117s ]
SQL: SELECT * FROM `user` WHERE ( user_Id='5' )  [ RunTime:0.0013s ]
SQL: SELECT * FROM `user` WHERE ( user_Id='2' )  [ RunTime:0.0011s ]
SQL: SELECT * FROM `user` WHERE ( user_Id='6' )  [ RunTime:0.0006s ]
SQL: SELECT * FROM `user` WHERE ( user_Id='3' )  [ RunTime:0.0007s ]
SQL: SELECT * FROM `user` WHERE ( user_Id='7' )  [ RunTime:0.0006s ]
SQL: SELECT * FROM `user` WHERE ( user_Id='4' )  [ RunTime:0.0004s ]
INFO: [ view_parse ] --START--
INFO: [ template_filter ] --START--
INFO: Run Behavior\ContentReplaceBehavior [ RunTime:0.000160s ]
INFO: [ template_filter ] --END-- [ RunTime:0.000318s ]
INFO: Run Behavior\ParseTemplateBehavior [ RunTime:0.037200s ]
INFO: [ view_parse ] --END-- [ RunTime:0.037367s ]
INFO: [ view_filter ] --START--
INFO: Run Behavior\WriteHtmlCacheBehavior [ RunTime:0.001282s ]
INFO: [ view_filter ] --END-- [ RunTime:0.001387s ]
INFO: [ app_end ] --START--
INFO: Run Behavior\ShowPageTraceBehavior [ RunTime:0.001633s ]
INFO: [ app_end ] --END-- [ RunTime:0.001752s ]

[ 2019-05-12T16:08:11+08:00 ] ::1 /thinkphpCC/index.php/Home/User/logout
INFO: [ app_init ] --START--
INFO: Run Behavior\BuildLiteBehavior [ RunTime:0.000026s ]
INFO: [ app_init ] --END-- [ RunTime:0.001102s ]
INFO: [ app_begin ] --START--
INFO: Run Behavior\ReadHtmlCacheBehavior [ RunTime:0.003015s ]
INFO: [ app_begin ] --END-- [ RunTime:0.003235s ]
SQL: SHOW COLUMNS FROM `user` [ RunTime:0.0124s ]
SQL: UPDATE `user` SET `user_StateName`='离线' WHERE ( user_Id = 1 ) [ RunTime:0.0012s ]
INFO: [ view_parse ] --START--
INFO: [ template_filter ] --START--
INFO: Run Behavior\ContentReplaceBehavior [ RunTime:0.000080s ]
INFO: [ template_filter ] --END-- [ RunTime:0.000169s ]
INFO: Run Behavior\ParseTemplateBehavior [ RunTime:0.012632s ]
INFO: [ view_parse ] --END-- [ RunTime:0.012758s ]
INFO: [ view_filter ] --START--
INFO: Run Behavior\WriteHtmlCacheBehavior [ RunTime:0.001545s ]
INFO: [ view_filter ] --END-- [ RunTime:0.001644s ]
INFO: [ app_end ] --START--
INFO: Run Behavior\ShowPageTraceBehavior [ RunTime:0.001921s ]
INFO: [ app_end ] --END-- [ RunTime:0.002018s ]

[ 2019-05-12T16:08:12+08:00 ] ::1 /thinkphpCC/index.php/Home/User/login.html
INFO: [ app_init ] --START--
INFO: Run Behavior\BuildLiteBehavior [ RunTime:0.000030s ]
INFO: [ app_init ] --END-- [ RunTime:0.001343s ]
INFO: [ app_begin ] --START--
INFO: Run Behavior\ReadHtmlCacheBehavior [ RunTime:0.001566s ]
INFO: [ app_begin ] --END-- [ RunTime:0.001684s ]
INFO: [ view_parse ] --START--
INFO: [ template_filter ] --START--
INFO: Run Behavior\ContentReplaceBehavior [ RunTime:0.000105s ]
INFO: [ template_filter ] --END-- [ RunTime:0.000214s ]
INFO: Run Behavior\ParseTemplateBehavior [ RunTime:0.012540s ]
INFO: [ view_parse ] --END-- [ RunTime:0.012669s ]
INFO: [ view_filter ] --START--
INFO: Run Behavior\WriteHtmlCacheBehavior [ RunTime:0.002150s ]
INFO: [ view_filter ] --END-- [ RunTime:0.002258s ]
INFO: [ app_end ] --START--
INFO: Run Behavior\ShowPageTraceBehavior [ RunTime:0.002026s ]
INFO: [ app_end ] --END-- [ RunTime:0.002129s ]

[ 2019-05-12T16:08:25+08:00 ] ::1 /thinkphpCC/index.php/Home/User/register
INFO: [ app_init ] --START--
INFO: Run Behavior\BuildLiteBehavior [ RunTime:0.000037s ]
INFO: [ app_init ] --END-- [ RunTime:0.016750s ]
INFO: [ app_begin ] --START--
INFO: Run Behavior\ReadHtmlCacheBehavior [ RunTime:0.003849s ]
INFO: [ app_begin ] --END-- [ RunTime:0.004151s ]
INFO: [ view_parse ] --START--
INFO: [ template_filter ] --START--
INFO: Run Behavior\ContentReplaceBehavior [ RunTime:0.000108s ]
INFO: [ template_filter ] --END-- [ RunTime:0.000227s ]
INFO: Run Behavior\ParseTemplateBehavior [ RunTime:0.034250s ]
INFO: [ view_parse ] --END-- [ RunTime:0.034413s ]
INFO: [ view_filter ] --START--
INFO: Run Behavior\WriteHtmlCacheBehavior [ RunTime:0.004221s ]
INFO: [ view_filter ] --END-- [ RunTime:0.004347s ]
INFO: [ app_end ] --START--
INFO: Run Behavior\ShowPageTraceBehavior [ RunTime:0.005487s ]
INFO: [ app_end ] --END-- [ RunTime:0.005596s ]

[ 2019-05-12T16:08:42+08:00 ] ::1 /thinkphpCC/index.php/Home/User/ajax_check.php
INFO: [ app_init ] --START--
INFO: Run Behavior\BuildLiteBehavior [ RunTime:0.000022s ]
INFO: [ app_init ] --END-- [ RunTime:0.000877s ]
INFO: [ app_begin ] --START--
INFO: Run Behavior\ReadHtmlCacheBehavior [ RunTime:0.001428s ]
INFO: [ app_begin ] --END-- [ RunTime:0.001536s ]
ERR: 非法操作:ajax_check.php

[ 2019-05-12T16:08:51+08:00 ] ::1 /thinkphpCC/index.php/Home/User/do_register
INFO: [ app_init ] --START--
INFO: Run Behavior\BuildLiteBehavior [ RunTime:0.000028s ]
INFO: [ app_init ] --END-- [ RunTime:0.002260s ]
INFO: [ app_begin ] --START--
INFO: Run Behavior\ReadHtmlCacheBehavior [ RunTime:0.001280s ]
INFO: [ app_begin ] --END-- [ RunTime:0.001376s ]
SQL: SHOW COLUMNS FROM `user` [ RunTime:0.0102s ]
SQL: SELECT * FROM `user` WHERE `user_Account` = 'qweqwe' LIMIT 1   [ RunTime:0.0004s ]
SQL: INSERT INTO `user` (`user_Account`,`user_Nickname`,`user_Mail`,`user_Phone`,`user_Password`,`user_RegisterTime`,`user_StateName`) VALUES ('qweqwe','qwe','1097671986@qq.com','17733110807','efe6398127928f1b2e9ef3207fb82663','2019-05-12 16:08:51','离线') [ RunTime:0.0170s ]
INFO: [ view_parse ] --START--
INFO: [ template_filter ] --START--
INFO: Run Behavior\ContentReplaceBehavior [ RunTime:0.000086s ]
INFO: [ template_filter ] --END-- [ RunTime:0.000181s ]
INFO: Run Behavior\ParseTemplateBehavior [ RunTime:0.011212s ]
INFO: [ view_parse ] --END-- [ RunTime:0.011312s ]
INFO: [ view_filter ] --START--
INFO: Run Behavior\WriteHtmlCacheBehavior [ RunTime:0.001225s ]
INFO: [ view_filter ] --END-- [ RunTime:0.001323s ]
INFO: [ app_end ] --START--
INFO: Run Behavior\ShowPageTraceBehavior [ RunTime:0.001356s ]
INFO: [ app_end ] --END-- [ RunTime:0.001435s ]

[ 2019-05-12T16:08:52+08:00 ] ::1 /thinkphpCC/index.php/Home/User/login
INFO: [ app_init ] --START--
INFO: Run Behavior\BuildLiteBehavior [ RunTime:0.000021s ]
INFO: [ app_init ] --END-- [ RunTime:0.000817s ]
INFO: [ app_begin ] --START--
INFO: Run Behavior\ReadHtmlCacheBehavior [ RunTime:0.001243s ]
INFO: [ app_begin ] --END-- [ RunTime:0.001339s ]
INFO: [ view_parse ] --START--
INFO: [ template_filter ] --START--
INFO: Run Behavior\ContentReplaceBehavior [ RunTime:0.000094s ]
INFO: [ template_filter ] --END-- [ RunTime:0.000196s ]
INFO: Run Behavior\ParseTemplateBehavior [ RunTime:0.012290s ]
INFO: [ view_parse ] --END-- [ RunTime:0.012500s ]
INFO: [ view_filter ] --START--
INFO: Run Behavior\WriteHtmlCacheBehavior [ RunTime:0.001312s ]
INFO: [ view_filter ] --END-- [ RunTime:0.001411s ]
INFO: [ app_end ] --START--
INFO: Run Behavior\ShowPageTraceBehavior [ RunTime:0.001540s ]
INFO: [ app_end ] --END-- [ RunTime:0.001639s ]

[ 2019-05-12T16:08:59+08:00 ] ::1 /thinkphpCC/index.php/Home/User/do_login
INFO: [ app_init ] --START--
INFO: Run Behavior\BuildLiteBehavior [ RunTime:0.000032s ]
INFO: [ app_init ] --END-- [ RunTime:0.002046s ]
INFO: [ app_begin ] --START--
INFO: Run Behavior\ReadHtmlCacheBehavior [ RunTime:0.001626s ]
INFO: [ app_begin ] --END-- [ RunTime:0.001760s ]
SQL: SHOW COLUMNS FROM `user` [ RunTime:0.0264s ]
SQL: SELECT * FROM `user` WHERE `user_Account` = 'qwe' LIMIT 1   [ RunTime:0.0005s ]
INFO: [ view_parse ] --START--
INFO: [ template_filter ] --START--
INFO: Run Behavior\ContentReplaceBehavior [ RunTime:0.000084s ]
INFO: [ template_filter ] --END-- [ RunTime:0.000195s ]
INFO: Run Behavior\ParseTemplateBehavior [ RunTime:0.011688s ]
INFO: [ view_parse ] --END-- [ RunTime:0.011798s ]
INFO: [ view_filter ] --START--
INFO: Run Behavior\WriteHtmlCacheBehavior [ RunTime:0.001196s ]
INFO: [ view_filter ] --END-- [ RunTime:0.001270s ]

[ 2019-05-12T16:09:08+08:00 ] ::1 /thinkphpCC/index.php/Home/User/do_login
INFO: [ app_init ] --START--
INFO: Run Behavior\BuildLiteBehavior [ RunTime:0.000025s ]
INFO: [ app_init ] --END-- [ RunTime:0.000993s ]
INFO: [ app_begin ] --START--
INFO: Run Behavior\ReadHtmlCacheBehavior [ RunTime:0.002258s ]
INFO: [ app_begin ] --END-- [ RunTime:0.002439s ]
SQL: SHOW COLUMNS FROM `user` [ RunTime:0.0105s ]
SQL: SELECT * FROM `user` WHERE `user_Account` = 'qweqwe' LIMIT 1   [ RunTime:0.0007s ]
SQL: UPDATE `user` SET `user_StateName`='在线' WHERE ( user_Id = 131 ) [ RunTime:0.0007s ]

[ 2019-05-12T16:09:10+08:00 ] ::1 /thinkphpCC/index.php/Home/Main/main.html
INFO: [ app_init ] --START--
INFO: Run Behavior\BuildLiteBehavior [ RunTime:0.000022s ]
INFO: [ app_init ] --END-- [ RunTime:0.000852s ]
INFO: [ app_begin ] --START--
INFO: Run Behavior\ReadHtmlCacheBehavior [ RunTime:0.001199s ]
INFO: [ app_begin ] --END-- [ RunTime:0.001279s ]
SQL: SHOW COLUMNS FROM `user` [ RunTime:0.0107s ]
SQL: SHOW COLUMNS FROM `friends` [ RunTime:0.0146s ]
SQL: SELECT User.user_Account AS user_Account,User.user_Nickname AS user_Nickname,User.user_Mail AS user_Mail,User.user_Phone AS user_Phone,User.user_StateName AS user_StateName,Friends.user_Id AS user_Id,Friends.friend_Remark AS friend_Remark,Friends.friend_GroupId AS friend_GroupId,Friends.friend_Id AS friend_Id FROM user User  JOIN friends Friends ON User.user_Id = Friends.friend_Id WHERE ( friends.user_Id = 131 ) ORDER BY User.user_StateName ASC,user_NickName ASC  [ RunTime:0.0007s ]
SQL: SHOW COLUMNS FROM `chat_group_members` [ RunTime:0.0141s ]
SQL: SELECT `cgm_groupId` FROM `chat_group_members` WHERE ( cgm_UserId = 131 )  [ RunTime:0.0004s ]
SQL: SHOW COLUMNS FROM `chat_groups` [ RunTime:0.0147s ]
ERR: 1064:You have an error in your SQL syntax; check the manual that corresponds to your MySQL server version for the right syntax to use near ') )' at line 1
 [ SQL语句 ] : SELECT * FROM `chat_groups` WHERE ( cg_Id in () ) 
ERR: 1064:You have an error in your SQL syntax; check the manual that corresponds to your MySQL server version for the right syntax to use near ') )' at line 1
 [ SQL语句 ] : SELECT * FROM `chat_groups` WHERE ( cg_Id in () ) 

[ 2019-05-12T16:11:22+08:00 ] ::1 /thinkphpCC/index.php/Home/Main/main.html
INFO: [ app_init ] --START--
INFO: Run Behavior\BuildLiteBehavior [ RunTime:0.000022s ]
INFO: [ app_init ] --END-- [ RunTime:0.001029s ]
INFO: [ app_begin ] --START--
INFO: Run Behavior\ReadHtmlCacheBehavior [ RunTime:0.002342s ]
INFO: [ app_begin ] --END-- [ RunTime:0.002461s ]
SQL: SHOW COLUMNS FROM `user` [ RunTime:0.0114s ]
SQL: SHOW COLUMNS FROM `friends` [ RunTime:0.0097s ]
SQL: SELECT User.user_Account AS user_Account,User.user_Nickname AS user_Nickname,User.user_Mail AS user_Mail,User.user_Phone AS user_Phone,User.user_StateName AS user_StateName,Friends.user_Id AS user_Id,Friends.friend_Remark AS friend_Remark,Friends.friend_GroupId AS friend_GroupId,Friends.friend_Id AS friend_Id FROM user User  JOIN friends Friends ON User.user_Id = Friends.friend_Id WHERE ( friends.user_Id = 131 ) ORDER BY User.user_StateName ASC,user_NickName ASC  [ RunTime:0.0007s ]
SQL: SHOW COLUMNS FROM `chat_group_members` [ RunTime:0.0100s ]
SQL: SELECT `cgm_groupId` FROM `chat_group_members` WHERE ( cgm_UserId = 131 )  [ RunTime:0.0005s ]
SQL: SHOW COLUMNS FROM `user` [ RunTime:0.0115s ]
SQL: SELECT * FROM `user` WHERE ( user_Id = 131 ) LIMIT 1   [ RunTime:0.0006s ]
SQL: SHOW COLUMNS FROM `messages` [ RunTime:0.0121s ]
SQL: SELECT * FROM `messages` WHERE ( msg_FromUserId = 131 ) GROUP BY msg_ToUserId ORDER BY msg_Time LIMIT 10   [ RunTime:0.0082s ]
INFO: [ view_parse ] --START--
INFO: [ template_filter ] --START--
INFO: Run Behavior\ContentReplaceBehavior [ RunTime:0.000141s ]
INFO: [ template_filter ] --END-- [ RunTime:0.000247s ]
NOTIC: [8] Undefined variable: chatGroupsList D:\phpStudy\WWW\thinkphpCC\Application\Runtime\Cache\Home\39182fb83f1bd3d1b7c56b17add01842.php 第 84 行.
INFO: Run Behavior\ParseTemplateBehavior [ RunTime:0.019798s ]
INFO: [ view_parse ] --END-- [ RunTime:0.019889s ]
INFO: [ view_filter ] --START--
INFO: Run Behavior\WriteHtmlCacheBehavior [ RunTime:0.001665s ]
INFO: [ view_filter ] --END-- [ RunTime:0.001759s ]
INFO: [ app_end ] --START--
INFO: Run Behavior\ShowPageTraceBehavior [ RunTime:0.001994s ]
INFO: [ app_end ] --END-- [ RunTime:0.002072s ]

[ 2019-05-12T16:12:47+08:00 ] ::1 /thinkphpCC/index.php/Home/User/logout
INFO: [ app_init ] --START--
INFO: Run Behavior\BuildLiteBehavior [ RunTime:0.000064s ]
INFO: [ app_init ] --END-- [ RunTime:0.001451s ]
INFO: [ app_begin ] --START--
INFO: Run Behavior\ReadHtmlCacheBehavior [ RunTime:0.001674s ]
INFO: [ app_begin ] --END-- [ RunTime:0.001767s ]
SQL: SHOW COLUMNS FROM `user` [ RunTime:0.0251s ]
SQL: UPDATE `user` SET `user_StateName`='离线' WHERE ( user_Id = 131 ) [ RunTime:0.0008s ]
INFO: [ view_parse ] --START--
INFO: [ template_filter ] --START--
INFO: Run Behavior\ContentReplaceBehavior [ RunTime:0.000083s ]
INFO: [ template_filter ] --END-- [ RunTime:0.000183s ]
INFO: Run Behavior\ParseTemplateBehavior [ RunTime:0.016628s ]
INFO: [ view_parse ] --END-- [ RunTime:0.016784s ]
INFO: [ view_filter ] --START--
INFO: Run Behavior\WriteHtmlCacheBehavior [ RunTime:0.001683s ]
INFO: [ view_filter ] --END-- [ RunTime:0.001773s ]
INFO: [ app_end ] --START--
INFO: Run Behavior\ShowPageTraceBehavior [ RunTime:0.001576s ]
INFO: [ app_end ] --END-- [ RunTime:0.001656s ]

[ 2019-05-12T16:12:49+08:00 ] ::1 /thinkphpCC/index.php/Home/User/login.html
INFO: [ app_init ] --START--
INFO: Run Behavior\BuildLiteBehavior [ RunTime:0.000023s ]
INFO: [ app_init ] --END-- [ RunTime:0.000874s ]
INFO: [ app_begin ] --START--
INFO: Run Behavior\ReadHtmlCacheBehavior [ RunTime:0.001337s ]
INFO: [ app_begin ] --END-- [ RunTime:0.001431s ]
INFO: [ view_parse ] --START--
INFO: [ template_filter ] --START--
INFO: Run Behavior\ContentReplaceBehavior [ RunTime:0.000094s ]
INFO: [ template_filter ] --END-- [ RunTime:0.000195s ]
INFO: Run Behavior\ParseTemplateBehavior [ RunTime:0.011541s ]
INFO: [ view_parse ] --END-- [ RunTime:0.011746s ]
INFO: [ view_filter ] --START--
INFO: Run Behavior\WriteHtmlCacheBehavior [ RunTime:0.001776s ]
INFO: [ view_filter ] --END-- [ RunTime:0.001958s ]
INFO: [ app_end ] --START--
INFO: Run Behavior\ShowPageTraceBehavior [ RunTime:0.001417s ]
INFO: [ app_end ] --END-- [ RunTime:0.001502s ]

[ 2019-05-12T16:17:20+08:00 ] ::1 /thinkphpCC/index.php/Home/User/do_login
INFO: [ app_init ] --START--
INFO: Run Behavior\BuildLiteBehavior [ RunTime:0.000028s ]
INFO: [ app_init ] --END-- [ RunTime:0.001191s ]
INFO: [ app_begin ] --START--
INFO: Run Behavior\ReadHtmlCacheBehavior [ RunTime:0.002364s ]
INFO: [ app_begin ] --END-- [ RunTime:0.002509s ]
SQL: SHOW COLUMNS FROM `user` [ RunTime:0.0145s ]
SQL: SELECT * FROM `user` WHERE `user_Account` = 'xufengnian' LIMIT 1   [ RunTime:0.0008s ]
SQL: UPDATE `user` SET `user_StateName`='在线' WHERE ( user_Id = 1 ) [ RunTime:0.0007s ]

[ 2019-05-12T16:17:21+08:00 ] ::1 /thinkphpCC/index.php/Home/Main/main.html
INFO: [ app_init ] --START--
INFO: Run Behavior\BuildLiteBehavior [ RunTime:0.000023s ]
INFO: [ app_init ] --END-- [ RunTime:0.000918s ]
INFO: [ app_begin ] --START--
INFO: Run Behavior\ReadHtmlCacheBehavior [ RunTime:0.001277s ]
INFO: [ app_begin ] --END-- [ RunTime:0.001367s ]
SQL: SHOW COLUMNS FROM `user` [ RunTime:0.0206s ]
SQL: SHOW COLUMNS FROM `friends` [ RunTime:0.0119s ]
SQL: SELECT User.user_Account AS user_Account,User.user_Nickname AS user_Nickname,User.user_Mail AS user_Mail,User.user_Phone AS user_Phone,User.user_StateName AS user_StateName,Friends.user_Id AS user_Id,Friends.friend_Remark AS friend_Remark,Friends.friend_GroupId AS friend_GroupId,Friends.friend_Id AS friend_Id FROM user User  JOIN friends Friends ON User.user_Id = Friends.friend_Id WHERE ( friends.user_Id = 1 ) ORDER BY User.user_StateName ASC,user_NickName ASC  [ RunTime:0.0009s ]
SQL: SHOW COLUMNS FROM `chat_group_members` [ RunTime:0.0112s ]
SQL: SELECT `cgm_groupId` FROM `chat_group_members` WHERE ( cgm_UserId = 1 )  [ RunTime:0.0005s ]
SQL: SHOW COLUMNS FROM `chat_groups` [ RunTime:0.0107s ]
SQL: SELECT * FROM `chat_groups` WHERE ( cg_Id in (10016,10027) )  [ RunTime:0.0006s ]
SQL: SHOW COLUMNS FROM `user` [ RunTime:0.0112s ]
SQL: SELECT * FROM `user` WHERE ( user_Id = 1 ) LIMIT 1   [ RunTime:0.0005s ]
SQL: SHOW COLUMNS FROM `messages` [ RunTime:0.0115s ]
SQL: SELECT * FROM `messages` WHERE ( msg_FromUserId = 1 ) GROUP BY msg_ToUserId ORDER BY msg_Time LIMIT 10   [ RunTime:0.0119s ]
SQL: SELECT * FROM `user` WHERE ( user_Id='5' )  [ RunTime:0.0009s ]
SQL: SELECT * FROM `user` WHERE ( user_Id='2' )  [ RunTime:0.0008s ]
SQL: SELECT * FROM `user` WHERE ( user_Id='6' )  [ RunTime:0.0008s ]
SQL: SELECT * FROM `user` WHERE ( user_Id='3' )  [ RunTime:0.0004s ]
SQL: SELECT * FROM `user` WHERE ( user_Id='7' )  [ RunTime:0.0008s ]
SQL: SELECT * FROM `user` WHERE ( user_Id='4' )  [ RunTime:0.0004s ]
INFO: [ view_parse ] --START--
INFO: [ template_filter ] --START--
INFO: Run Behavior\ContentReplaceBehavior [ RunTime:0.000160s ]
INFO: [ template_filter ] --END-- [ RunTime:0.000312s ]
INFO: Run Behavior\ParseTemplateBehavior [ RunTime:0.027489s ]
INFO: [ view_parse ] --END-- [ RunTime:0.027677s ]
INFO: [ view_filter ] --START--
INFO: Run Behavior\WriteHtmlCacheBehavior [ RunTime:0.001901s ]
INFO: [ view_filter ] --END-- [ RunTime:0.001983s ]
INFO: [ app_end ] --START--
INFO: Run Behavior\ShowPageTraceBehavior [ RunTime:0.003165s ]
INFO: [ app_end ] --END-- [ RunTime:0.003275s ]

[ 2019-05-12T16:29:33+08:00 ] ::1 /thinkphpCC/index.php/Home/Friends/addFriend
INFO: [ app_init ] --START--
INFO: Run Behavior\BuildLiteBehavior [ RunTime:0.000028s ]
INFO: [ app_init ] --END-- [ RunTime:0.001527s ]
INFO: [ app_begin ] --START--
INFO: Run Behavior\ReadHtmlCacheBehavior [ RunTime:0.002709s ]
INFO: [ app_begin ] --END-- [ RunTime:0.002854s ]
INFO: [ view_parse ] --START--
INFO: [ template_filter ] --START--
INFO: Run Behavior\ContentReplaceBehavior [ RunTime:0.000089s ]
INFO: [ template_filter ] --END-- [ RunTime:0.000200s ]
INFO: Run Behavior\ParseTemplateBehavior [ RunTime:0.014381s ]
INFO: [ view_parse ] --END-- [ RunTime:0.014500s ]
INFO: [ view_filter ] --START--
INFO: Run Behavior\WriteHtmlCacheBehavior [ RunTime:0.001659s ]
INFO: [ view_filter ] --END-- [ RunTime:0.001873s ]
INFO: [ app_end ] --START--
INFO: Run Behavior\ShowPageTraceBehavior [ RunTime:0.002770s ]
INFO: [ app_end ] --END-- [ RunTime:0.002879s ]

[ 2019-05-12T16:29:42+08:00 ] ::1 /thinkphpCC/index.php/Home/Friends/do_addFriend
INFO: [ app_init ] --START--
INFO: Run Behavior\BuildLiteBehavior [ RunTime:0.000022s ]
INFO: [ app_init ] --END-- [ RunTime:0.001029s ]
INFO: [ app_begin ] --START--
INFO: Run Behavior\ReadHtmlCacheBehavior [ RunTime:0.001611s ]
INFO: [ app_begin ] --END-- [ RunTime:0.001706s ]
NOTIC: [8] Undefined index: friendAccount D:\phpStudy\WWW\thinkphpCC\Application\Home\Controller\FriendsController.class.php 第 66 行.
SQL: SHOW COLUMNS FROM `user` [ RunTime:0.0116s ]
SQL: SELECT * FROM `user` WHERE ( user_Account='' )  [ RunTime:0.0004s ]
INFO: [ view_parse ] --START--
INFO: [ template_filter ] --START--
INFO: Run Behavior\ContentReplaceBehavior [ RunTime:0.000075s ]
INFO: [ template_filter ] --END-- [ RunTime:0.000161s ]
INFO: Run Behavior\ParseTemplateBehavior [ RunTime:0.012920s ]
INFO: [ view_parse ] --END-- [ RunTime:0.013014s ]
INFO: [ view_filter ] --START--
INFO: Run Behavior\WriteHtmlCacheBehavior [ RunTime:0.001230s ]
INFO: [ view_filter ] --END-- [ RunTime:0.001304s ]

[ 2019-05-12T16:30:28+08:00 ] ::1 /thinkphpCC/index.php/Home/Friends/do_addFriend
INFO: [ app_init ] --START--
INFO: Run Behavior\BuildLiteBehavior [ RunTime:0.000028s ]
INFO: [ app_init ] --END-- [ RunTime:0.001197s ]
INFO: [ app_begin ] --START--
INFO: Run Behavior\ReadHtmlCacheBehavior [ RunTime:0.001446s ]
INFO: [ app_begin ] --END-- [ RunTime:0.001564s ]
NOTIC: [8] Undefined index: friendAccount D:\phpStudy\WWW\thinkphpCC\Application\Home\Controller\FriendsController.class.php 第 66 行.
SQL: SHOW COLUMNS FROM `user` [ RunTime:0.0112s ]
SQL: SELECT * FROM `user` WHERE ( user_Account='' )  [ RunTime:0.0007s ]
INFO: [ app_end ] --START--
INFO: Run Behavior\ShowPageTraceBehavior [ RunTime:0.007709s ]
INFO: [ app_end ] --END-- [ RunTime:0.007823s ]

[ 2019-05-12T16:35:35+08:00 ] ::1 /thinkphpCC/index.php/Home/Friends/do_addFriend
ERR: 1062:Duplicate entry '1-1' for key 'PRIMARY'
 [ SQL语句 ] : INSERT INTO `friends` (`friend_Id`,`user_Id`) VALUES ('1','1')

[ 2019-05-12T17:00:32+08:00 ] ::1 /thinkphpCC/index.php/Home/User/ajax_check.php
INFO: [ app_begin ] --START--
INFO: Run Behavior\ReadHtmlCacheBehavior [ RunTime:0.002049s ]
INFO: [ app_begin ] --END-- [ RunTime:0.003315s ]
ERR: 非法操作:ajax_check.php

[ 2019-05-12T17:00:35+08:00 ] ::1 /thinkphpCC/index.php/Home/User/ajax_check.php
INFO: [ app_begin ] --START--
INFO: Run Behavior\ReadHtmlCacheBehavior [ RunTime:0.002195s ]
INFO: [ app_begin ] --END-- [ RunTime:0.003105s ]
ERR: 非法操作:ajax_check.php

[ 2019-05-12T17:09:28+08:00 ] ::1 /thinkphpCC/index.php/Home/User/ajax_check.php
INFO: [ app_begin ] --START--
INFO: Run Behavior\ReadHtmlCacheBehavior [ RunTime:0.001648s ]
INFO: [ app_begin ] --END-- [ RunTime:0.002758s ]
ERR: 非法操作:ajax_check.php

