[ 2019-04-25T07:53:26+08:00 ] ::1 /thinkphpCC/Public/js/login.js
ERR: 无法加载模块:Public

[ 2019-04-25T10:23:22+08:00 ] ::1 /thinkphpCC/Public/js/login.js
ERR: 无法加载模块:Public

[ 2019-04-25T10:23:22+08:00 ] ::1 /thinkphpCC/Public/js/login.js
ERR: 无法加载模块:Public

[ 2019-04-25T10:23:51+08:00 ] ::1 /thinkphpCC/Public/js/login.js
ERR: 无法加载模块:Public

[ 2019-04-25T10:24:12+08:00 ] ::1 /thinkphpCC/Public/js/login.js
ERR: 无法加载模块:Public

[ 2019-04-25T10:24:13+08:00 ] ::1 /thinkphpCC/Public/js/login.js
ERR: 无法加载模块:Public

[ 2019-04-25T10:37:42+08:00 ] ::1 /thinkphpCC/Public/js/login.js
ERR: 无法加载模块:Public

[ 2019-04-25T10:37:42+08:00 ] ::1 /thinkphpCC/Public/js/login.js
ERR: 无法加载模块:Public

[ 2019-04-25T10:38:09+08:00 ] ::1 /thinkphpCC/Public/js/login.js
ERR: 无法加载模块:Public

[ 2019-04-25T10:38:09+08:00 ] ::1 /thinkphpCC/Public/js/login.js
ERR: 无法加载模块:Public

[ 2019-04-25T15:03:40+08:00 ] ::1 /thinkphpCC/Public/js/login.js
ERR: 无法加载模块:Public

[ 2019-04-25T15:27:03+08:00 ] ::1 /thinkphpCC/Public/js/main.js
ERR: 无法加载模块:Public

[ 2019-04-25T15:27:03+08:00 ] ::1 /thinkphpCC/Public/js/main.js
ERR: 无法加载模块:Public

[ 2019-04-25T15:27:27+08:00 ] ::1 /thinkphpCC/Public/js/main.js
ERR: 无法加载模块:Public

[ 2019-04-25T15:27:27+08:00 ] ::1 /thinkphpCC/Public/js/main.js
ERR: 无法加载模块:Public

[ 2019-04-25T15:28:08+08:00 ] ::1 /thinkphpCC/Public/js/main.js
ERR: 无法加载模块:Public

[ 2019-04-25T15:28:08+08:00 ] ::1 /thinkphpCC/Public/js/main.js
ERR: 无法加载模块:Public

[ 2019-04-25T15:28:16+08:00 ] ::1 /thinkphpCC/Public/js/main.js
ERR: 无法加载模块:Public

[ 2019-04-25T15:28:16+08:00 ] ::1 /thinkphpCC/Public/js/main.js
ERR: 无法加载模块:Public

[ 2019-04-25T15:28:21+08:00 ] ::1 /thinkphpCC/Public/js/main.js
ERR: 无法加载模块:Public

[ 2019-04-25T15:28:21+08:00 ] ::1 /thinkphpCC/Public/js/main.js
ERR: 无法加载模块:Public

[ 2019-04-25T15:33:52+08:00 ] ::1 /thinkphpCC/Public/js/main.js
ERR: 无法加载模块:Public

[ 2019-04-25T15:33:52+08:00 ] ::1 /thinkphpCC/Public/js/main.js
ERR: 无法加载模块:Public

[ 2019-04-25T21:24:16+08:00 ] ::1 /thinkphpCC/Public/picture/backgroundPic.jpg;
ERR: 无法加载模块:Public

[ 2019-04-25T21:24:29+08:00 ] ::1 /thinkphpCC/Public/picture/backgroundPic.jpg;
ERR: 无法加载模块:Public

[ 2019-04-25T22:33:22+08:00 ] ::1 /thinkphpCC/Public/js/login.js
ERR: 无法加载模块:Public

[ 2019-04-25T22:35:57+08:00 ] ::1 /thinkphpCC/index.php/thinkphpCC/Public/picture/backgroundPic1.jpg
ERR: 无法加载模块:ThinkphpCC

